Log file open, 06/04/19 19:56:24
LogWindows: Failed to load 'aqProf.dll' (GetLastError=126)
LogWindows: File 'aqProf.dll' does not exist
LogWindows: Failed to load 'VSPerf140.dll' (GetLastError=126)
LogWindows: File 'VSPerf140.dll' does not exist
LogWindows: Failed to load 'VtuneApi.dll' (GetLastError=126)
LogWindows: File 'VtuneApi.dll' does not exist
LogWindows: Failed to load 'VtuneApi32e.dll' (GetLastError=126)
LogWindows: File 'VtuneApi32e.dll' does not exist
LogInit: Display: Running engine for game: diaspora
LogPlatformFile: Not using cached read wrapper
LogTaskGraph: Started task graph with 5 named threads and 11 total threads with 3 sets of task threads.
LogStats: Stats thread started at 0.173405
LogD3D11RHI: Loaded GFSDK_Aftermath_Lib.x64.dll
LogICUInternationalization: Display: ICU TimeZone Detection - Raw Offset: -3:00, Platform Override: ''
LogPluginManager: Mounting plugin Paper2D
LogPluginManager: Mounting plugin AISupport
LogPluginManager: Mounting plugin LightPropagationVolume
LogPluginManager: Mounting plugin CLionSourceCodeAccess
LogPluginManager: Mounting plugin CodeLiteSourceCodeAccess
LogPluginManager: Mounting plugin GitSourceControl
LogPluginManager: Mounting plugin KDevelopSourceCodeAccess
LogPluginManager: Mounting plugin NullSourceCodeAccess
LogPluginManager: Mounting plugin PerforceSourceControl
LogPluginManager: Mounting plugin SubversionSourceControl
LogPluginManager: Mounting plugin UObjectPlugin
LogPluginManager: Mounting plugin VisualStudioCodeSourceCodeAccess
LogPluginManager: Mounting plugin VisualStudioSourceCodeAccess
LogPluginManager: Mounting plugin XCodeSourceCodeAccess
LogPluginManager: Mounting plugin AssetManagerEditor
LogPluginManager: Mounting plugin CryptoKeys
LogPluginManager: Mounting plugin DataValidation
LogPluginManager: Mounting plugin FacialAnimation
LogPluginManager: Mounting plugin GameplayTagsEditor
LogPluginManager: Mounting plugin MacGraphicsSwitching
LogPluginManager: Mounting plugin MeshEditor
LogPluginManager: Mounting plugin MobileLauncherProfileWizard
LogPluginManager: Mounting plugin PluginBrowser
LogPluginManager: Mounting plugin SpeedTreeImporter
LogPluginManager: Mounting plugin DatasmithContent
LogPluginManager: Mounting plugin AlembicImporter
LogPluginManager: Mounting plugin AppleImageUtils
LogPluginManager: Mounting plugin AppleVision
LogPluginManager: Mounting plugin BackChannel
LogPluginManager: Mounting plugin CharacterAI
LogPluginManager: Mounting plugin GeometryCache
LogPluginManager: Mounting plugin HTML5Networking
LogPluginManager: Mounting plugin ProxyLODPlugin
LogPluginManager: Mounting plugin MagicLeap
LogPluginManager: Mounting plugin MagicLeapEmulator
LogPluginManager: Mounting plugin MagicLeapMedia
LogPluginManager: Mounting plugin AndroidMedia
LogPluginManager: Mounting plugin AvfMedia
LogPluginManager: Mounting plugin ImgMedia
LogPluginManager: Mounting plugin LinearTimecode
LogPluginManager: Mounting plugin MediaCompositing
LogPluginManager: Mounting plugin MediaPlayerEditor
LogPluginManager: Mounting plugin WmfMedia
LogPluginManager: Mounting plugin TcpMessaging
LogPluginManager: Mounting plugin UdpMessaging
LogPluginManager: Mounting plugin ActorSequence
LogPluginManager: Mounting plugin LevelSequenceEditor
LogPluginManager: Mounting plugin MatineeToLevelSequence
LogPluginManager: Mounting plugin NetcodeUnitTest
LogPluginManager: Mounting plugin NUTUnrealEngine4
LogPluginManager: Mounting plugin OnlineSubsystemGooglePlay
LogPluginManager: Mounting plugin OnlineSubsystemIOS
LogPluginManager: Mounting plugin OnlineSubsystem
LogPluginManager: Mounting plugin OnlineSubsystemNull
LogPluginManager: Mounting plugin OnlineSubsystemUtils
LogPluginManager: Mounting plugin LauncherChunkInstaller
LogPluginManager: Mounting plugin AndroidDeviceProfileSelector
LogPluginManager: Mounting plugin AndroidMoviePlayer
LogPluginManager: Mounting plugin AndroidPermission
LogPluginManager: Mounting plugin AppleMoviePlayer
LogPluginManager: Mounting plugin ArchVisCharacter
LogPluginManager: Mounting plugin AudioCapture
LogPluginManager: Mounting plugin CableComponent
LogPluginManager: Mounting plugin CustomMeshComponent
LogPluginManager: Mounting plugin EditableMesh
LogPluginManager: Mounting plugin ExampleDeviceProfileSelector
LogPluginManager: Mounting plugin GoogleCloudMessaging
LogPluginManager: Mounting plugin ImmediatePhysics
LogPluginManager: Mounting plugin IOSDeviceProfileSelector
LogPluginManager: Mounting plugin LinuxDeviceProfileSelector
LogPluginManager: Mounting plugin LocationServicesBPLibrary
LogPluginManager: Mounting plugin MobilePatchingUtils
LogPluginManager: Mounting plugin OculusVR
LogPluginManager: Plugin shader directory ../../../Engine/Plugins/Runtime/Oculus/OculusVR/Shaders found
LogPluginManager: Mapping shader source directory ../../../Engine/Plugins/Runtime/Oculus/OculusVR/Shaders to virtual directory /Plugin/OculusVR
LogPluginManager: Mounting plugin PhysXVehicles
LogPluginManager: Mounting plugin ProceduralMeshComponent
LogPluginManager: Mounting plugin RuntimePhysXCooking
LogPluginManager: Mounting plugin SteamVR
LogPluginManager: Mounting plugin WindowsMoviePlayer
LogStreaming: Display: Took  0.330s to configure plugins.
LogInit: Using libcurl 7.55.1-DEV
LogInit:  - built for x86_64-pc-win32
LogInit:  - supports SSL with OpenSSL/1.0.2h
LogInit:  - supports HTTP deflate (compression) using libz 1.2.8
LogInit:  - other features:
LogInit:      CURL_VERSION_SSL
LogInit:      CURL_VERSION_LIBZ
LogInit:      CURL_VERSION_IPV6
LogInit:      CURL_VERSION_ASYNCHDNS
LogInit:      CURL_VERSION_LARGEFILE
LogInit:      CURL_VERSION_IDN
LogInit:  CurlRequestOptions (configurable via config and command line):
LogInit:  - bVerifyPeer = false  - Libcurl will NOT verify peer certificate
LogInit:  - bUseHttpProxy = false  - Libcurl will NOT use HTTP proxy
LogInit:  - bDontReuseConnections = false  - Libcurl will reuse connections
LogInit:  - CertBundlePath = nullptr  - Libcurl will use whatever was configured at build time.
LogInit:  - MaxHostConnections = 16  - Libcurl will limit the number of connections to a host
LogInit:  - LocalHostAddr = Default
LogInit:  - BufferSize = 65536
LogInit: WinSock: version 1.1 (2.2), MaxSocks=32767, MaxUdp=65467
LogInit: Build: ++UE4+Release-4.20-CL-4369336
LogInit: Engine Version: 4.20.3-4369336+++UE4+Release-4.20
LogInit: Compatible Engine Version: 4.20.0-4212847+++UE4+Release-4.20
LogInit: Net CL: 4212847
LogInit: OS: Windows 10 (), CPU: Intel(R) Core(TM) i7-6500U CPU @ 2.50GHz, GPU: Intel(R) HD Graphics 520
LogInit: Compiled (64-bit): Sep 17 2018 12:26:19
LogInit: Compiled with Visual C++: 19.13.26129.00
LogInit: Build Configuration: Development
LogInit: Branch Name: ++UE4+Release-4.20
LogInit: Command Line: 
LogInit: Base Directory: C:/Program Files/Epic Games/UE_4.20/Engine/Binaries/Win64/
LogInit: Installed Engine Build: 1
LogDevObjectVersion: Number of dev versions registered: 20
LogDevObjectVersion:   Dev-Blueprints (B0D832E4-1F89-4F0D-ACCF-7EB736FD4AA2): 10
LogDevObjectVersion:   Dev-Build (E1C64328-A22C-4D53-A36C-8E866417BD8C): 0
LogDevObjectVersion:   Dev-Core (375EC13C-06E4-48FB-B500-84F0262A717E): 2
LogDevObjectVersion:   Dev-Editor (E4B068ED-F494-42E9-A231-DA0B2E46BB41): 24
LogDevObjectVersion:   Dev-Framework (CFFC743F-43B0-4480-9391-14DF171D2073): 34
LogDevObjectVersion:   Dev-Mobile (B02B49B5-BB20-44E9-A304-32B752E40360): 2
LogDevObjectVersion:   Dev-Networking (A4E4105C-59A1-49B5-A7C5-40C4547EDFEE): 0
LogDevObjectVersion:   Dev-Online (39C831C9-5AE6-47DC-9A44-9C173E1C8E7C): 0
LogDevObjectVersion:   Dev-Physics (78F01B33-EBEA-4F98-B9B4-84EACCB95AA2): 0
LogDevObjectVersion:   Dev-Platform (6631380F-2D4D-43E0-8009-CF276956A95A): 0
LogDevObjectVersion:   Dev-Rendering (12F88B9F-8875-4AFC-A67C-D90C383ABD29): 26
LogDevObjectVersion:   Dev-Sequencer (7B5AE74C-D270-4C10-A958-57980B212A5A): 9
LogDevObjectVersion:   Dev-VR (D7296918-1DD6-4BDD-9DE2-64A83CC13884): 2
LogDevObjectVersion:   Dev-LoadTimes (C2A15278-BFE7-4AFE-6C17-90FF531DF755): 1
LogDevObjectVersion:   Private-Geometry (6EACA3D4-40EC-4CC1-B786-8BED09428FC5): 3
LogDevObjectVersion:   Dev-AnimPhys (29E575DD-E0A3-4627-9D10-D276232CDCEA): 17
LogDevObjectVersion:   Dev-ReflectionCapture (6B266CEC-1EC7-4B8F-A30B-E4D90942FC07): 1
LogDevObjectVersion:   Dev-Automation (0DF73D61-A23F-47EA-B727-89E90C41499A): 1
LogDevObjectVersion:   FortniteMain (601D1886-AC64-4F84-AA16-D3DE0DEAC7D6): 12
LogDevObjectVersion:   Dev-Enterprise (9DFFBCD6-494F-0158-E221-12823C92A888): 1
LogStreaming: Display: Took  0.000s to delete old logs.
LogInit: Presizing for max 8388607 objects, including 0 objects not considered by GC, pre-allocating 0 bytes for permanent pool.
LogInit: Object subsystem initialized
[2019.06.04-22.56.25:047][  0]LogInit: Selected Device Profile: [Windows]
[2019.06.04-22.56.25:047][  0]LogInit: Applying CVar settings loaded from the selected device profile: [Windows]
[2019.06.04-22.56.25:134][  0]LogHAL: Display: Platform has ~ 8 GB [8491270144 / 8589934592 / 8], which maps to Default [LargestMinGB=32, LargerMinGB=12, DefaultMinGB=8, SmallerMinGB=6, SmallestMinGB=0)
[2019.06.04-22.56.25:134][  0]LogInit: Setting Device Profile CVar: [[r.Vulkan.UseRealUBs:1]]
[2019.06.04-22.56.25:134][  0]LogInit: Going up to parent DeviceProfile []
[2019.06.04-22.56.25:135][  0]LogInit: Computer: LAPTOP-NUIV0ACE
[2019.06.04-22.56.25:135][  0]LogInit: User: Bruno
[2019.06.04-22.56.25:135][  0]LogInit: CPU Page size=4096, Cores=2
[2019.06.04-22.56.25:135][  0]LogInit: High frequency timer resolution =2.531248 MHz
[2019.06.04-22.56.25:136][  0]LogMemory: Memory total: Physical=7.9GB (8GB approx)
[2019.06.04-22.56.25:136][  0]LogMemory: Platform Memory Stats for Windows
[2019.06.04-22.56.25:136][  0]LogMemory: Process Physical Memory: 99.96 MB used, 99.96 MB peak
[2019.06.04-22.56.25:136][  0]LogMemory: Process Virtual Memory: 84.29 MB used, 84.29 MB peak
[2019.06.04-22.56.25:136][  0]LogMemory: Physical Memory: 4683.34 MB used,  3414.56 MB free, 8097.91 MB total
[2019.06.04-22.56.25:137][  0]LogMemory: Virtual Memory: 4617.04 MB used,  3414.56 MB free, 134217728.00 MB total
[2019.06.04-22.56.25:168][  0]LogInit: Using OS detected language (pt-BR).
[2019.06.04-22.56.25:168][  0]LogInit: Using OS detected locale (pt-BR).
[2019.06.04-22.56.25:577][  0]LogStreaming: Display: Took  0.409s to InitEngineTextLocalization.
[2019.06.04-22.56.25:577][  0]LogInit: Setting process to per monitor DPI aware
[2019.06.04-22.56.25:661][  0]LogSlate: New Slate User Created.  User Index 0, Is Virtual User: 0
[2019.06.04-22.56.25:661][  0]LogSlate: Slate User Registered.  User Index 0, Is Virtual User: 0
[2019.06.04-22.56.28:684][  0]LogHMD: Failed to initialize OpenVR with code 110
[2019.06.04-22.56.28:685][  0]LogD3D11RHI: D3D11 adapters:
[2019.06.04-22.56.28:743][  0]LogD3D11RHI:    0. 'NVIDIA GeForce 920MX' (Feature Level 11_0)
[2019.06.04-22.56.28:743][  0]LogD3D11RHI:       2020/0/4048 MB DedicatedVideo/DedicatedSystem/SharedSystem, Outputs:1, VendorId:0x10de
[2019.06.04-22.56.28:755][  0]LogD3D11RHI:    1. 'Intel(R) HD Graphics 520' (Feature Level 11_0)
[2019.06.04-22.56.28:755][  0]LogD3D11RHI:       128/0/4048 MB DedicatedVideo/DedicatedSystem/SharedSystem, Outputs:0, VendorId:0x8086
[2019.06.04-22.56.28:757][  0]LogD3D11RHI:    2. 'Microsoft Basic Render Driver' (Feature Level 11_0)
[2019.06.04-22.56.28:757][  0]LogD3D11RHI:       0/0/4048 MB DedicatedVideo/DedicatedSystem/SharedSystem, Outputs:0, VendorId:0x1414
[2019.06.04-22.56.28:757][  0]LogD3D11RHI: Chosen D3D11 Adapter: 0
[2019.06.04-22.56.28:800][  0]LogD3D11RHI: Creating new Direct3DDevice
[2019.06.04-22.56.28:800][  0]LogD3D11RHI:     GPU DeviceId: 0x134f (for the marketing name, search the web for "GPU Device Id")
[2019.06.04-22.56.28:800][  0]LogWindows: EnumDisplayDevices:
[2019.06.04-22.56.28:800][  0]LogWindows:    0. 'Intel(R) HD Graphics 520' (P:1 D:1)
[2019.06.04-22.56.28:801][  0]LogWindows:    1. 'Intel(R) HD Graphics 520' (P:0 D:0)
[2019.06.04-22.56.28:801][  0]LogWindows:    2. 'Intel(R) HD Graphics 520' (P:0 D:0)
[2019.06.04-22.56.28:801][  0]LogWindows: DebugString: PrimaryIsNotTheChoosenAdapter PrimaryIsNotTheChoosenAdapter PrimaryIsNotTheChoosenAdapter FoundDriverCount:0 
[2019.06.04-22.56.28:801][  0]LogD3D11RHI:     Adapter Name: NVIDIA GeForce 920MX
[2019.06.04-22.56.28:801][  0]LogD3D11RHI:   Driver Version: Unknown (internal:Unknown, unified:Unknown)
[2019.06.04-22.56.28:801][  0]LogD3D11RHI:      Driver Date: Unknown
[2019.06.04-22.56.28:801][  0]LogRHI: Texture pool is 1414 MB (70% of 2020 MB)
[2019.06.04-22.56.28:833][  0]LogD3D11RHI: Async texture creation enabled
[2019.06.04-22.56.28:846][  0]LogD3D11RHI: GPU Timing Frequency: 1000.000000 (Debug: 2 1)
[2019.06.04-22.56.28:851][  0]LogShaderCompilers: Guid format shader working directory is -30 characters bigger than the processId version (../../../../../../Users/Bruno/Desktop/pcs3539-project-diaspora/diaspora 4.20/Intermediate/Shaders/WorkingDirectory/7484/).
[2019.06.04-22.56.28:852][  0]LogShaderCompilers: Cleaned the shader compiler working directory 'C:/Users/Bruno/AppData/Local/Temp/UnrealShaderWorkingDir/8519A84B42F3894DB94904AC696CE5FF/'.
[2019.06.04-22.56.29:388][  0]LogTemp: Display: Loaded TP AllDesktopTargetPlatform
[2019.06.04-22.56.29:412][  0]LogTemp: Display: Loaded TP MacClientTargetPlatform
[2019.06.04-22.56.29:435][  0]LogTemp: Display: Loaded TP MacNoEditorTargetPlatform
[2019.06.04-22.56.29:461][  0]LogTemp: Display: Loaded TP MacServerTargetPlatform
[2019.06.04-22.56.29:497][  0]LogTemp: Display: Loaded TP MacTargetPlatform
[2019.06.04-22.56.29:519][  0]LogTemp: Display: Loaded TP WindowsClientTargetPlatform
[2019.06.04-22.56.29:543][  0]LogTemp: Display: Loaded TP WindowsNoEditorTargetPlatform
[2019.06.04-22.56.29:562][  0]LogTemp: Display: Loaded TP WindowsServerTargetPlatform
[2019.06.04-22.56.29:570][  0]LogTemp: Display: Loaded TP WindowsTargetPlatform
[2019.06.04-22.56.29:677][  0]LogTemp: Display: Loaded TP AndroidTargetPlatform
[2019.06.04-22.56.29:677][  0]LogTemp: Display: Loaded TP AndroidTargetPlatform
[2019.06.04-22.56.29:677][  0]LogTemp: Display: Loaded TP AndroidTargetPlatform
[2019.06.04-22.56.29:677][  0]LogTemp: Display: Loaded TP AndroidTargetPlatform
[2019.06.04-22.56.29:677][  0]LogTemp: Display: Loaded TP AndroidTargetPlatform
[2019.06.04-22.56.29:677][  0]LogTemp: Display: Loaded TP AndroidTargetPlatform
[2019.06.04-22.56.29:677][  0]LogTemp: Display: Loaded TP AndroidTargetPlatform
[2019.06.04-22.56.29:677][  0]LogTemp: Display: Loaded TP AndroidTargetPlatform
[2019.06.04-22.56.29:677][  0]LogTemp: Display: Loaded TP AndroidTargetPlatform
[2019.06.04-22.56.29:677][  0]LogTemp: Display: Loaded TP AndroidTargetPlatform
[2019.06.04-22.56.29:677][  0]LogTemp: Display: Loaded TP AndroidTargetPlatform
[2019.06.04-22.56.29:677][  0]LogTemp: Display: Loaded TP AndroidTargetPlatform
[2019.06.04-22.56.29:677][  0]LogTemp: Display: Loaded TP AndroidTargetPlatform
[2019.06.04-22.56.29:677][  0]LogTemp: Display: Loaded TP AndroidTargetPlatform
[2019.06.04-22.56.29:677][  0]LogTemp: Display: Loaded TP AndroidTargetPlatform
[2019.06.04-22.56.29:677][  0]LogTemp: Display: Loaded TP AndroidTargetPlatform
[2019.06.04-22.56.29:677][  0]LogTemp: Display: Loaded TP AndroidTargetPlatform
[2019.06.04-22.56.29:677][  0]LogTemp: Display: Loaded TP AndroidTargetPlatform
[2019.06.04-22.56.29:680][  0]LogTemp: Display: Loaded TP HTML5TargetPlatform
[2019.06.04-22.56.29:771][  0]LogTemp: Display: Loaded TP IOSTargetPlatform
[2019.06.04-22.56.29:771][  0]LogTemp: Display: Loaded TP IOSTargetPlatform
[2019.06.04-22.56.29:802][  0]LogTemp: Display: Loaded TP TVOSTargetPlatform
[2019.06.04-22.56.29:802][  0]LogTemp: Display: Loaded TP TVOSTargetPlatform
[2019.06.04-22.56.29:817][  0]LogTemp: Display: Loaded TP LinuxClientTargetPlatform
[2019.06.04-22.56.29:832][  0]LogTemp: Display: Loaded TP LinuxNoEditorTargetPlatform
[2019.06.04-22.56.29:846][  0]LogTemp: Display: Loaded TP LinuxServerTargetPlatform
[2019.06.04-22.56.29:897][  0]LogTemp: Display: Loaded TP LinuxTargetPlatform
[2019.06.04-22.56.29:915][  0]LogTemp: Display: Loaded TP LuminTargetPlatform
[2019.06.04-22.56.29:915][  0]LogTargetPlatformManager: Display: Building Assets For Windows
[2019.06.04-22.56.30:119][  0]LogXGEController: Cannot use XGE Controller as Incredibuild is not installed on this machine.
[2019.06.04-22.56.30:119][  0]LogShaderCompilers: Cannot use XGE Shader Compiler as Incredibuild is not installed on this machine.
[2019.06.04-22.56.30:119][  0]LogShaderCompilers: Display: Using Local Shader Compiler.
[2019.06.04-22.56.33:839][  0]LogDerivedDataCache: Display: Max Cache Size: 512 MB
[2019.06.04-22.56.34:606][  0]LogDerivedDataCache: Loaded boot cache 0.77s 71MB C:/Users/Bruno/AppData/Local/UnrealEngine/4.20/DerivedDataCache/Boot.ddc.
[2019.06.04-22.56.34:607][  0]LogDerivedDataCache: Display: Loaded Boot cache: C:/Users/Bruno/AppData/Local/UnrealEngine/4.20/DerivedDataCache/Boot.ddc
[2019.06.04-22.56.34:607][  0]LogDerivedDataCache: FDerivedDataBackendGraph:  Pak pak cache file ../../../../../../Users/Bruno/Desktop/pcs3539-project-diaspora/diaspora 4.20/DerivedDataCache/DDC.ddp not found, will not use a pak cache.
[2019.06.04-22.56.34:607][  0]LogDerivedDataCache: Unable to find inner node Pak for hierarchical cache Hierarchy.
[2019.06.04-22.56.34:607][  0]LogDerivedDataCache: FDerivedDataBackendGraph:  CompressedPak pak cache file ../../../../../../Users/Bruno/Desktop/pcs3539-project-diaspora/diaspora 4.20/DerivedDataCache/Compressed.ddp not found, will not use a pak cache.
[2019.06.04-22.56.34:607][  0]LogDerivedDataCache: Unable to find inner node CompressedPak for hierarchical cache Hierarchy.
[2019.06.04-22.56.34:625][  0]LogDerivedDataCache: Display: Pak cache opened for reading ../../../Engine/DerivedDataCache/Compressed.ddp.
[2019.06.04-22.56.34:639][  0]LogDerivedDataCache: Using Local data cache path C:/Users/Bruno/AppData/Local/UnrealEngine/Common/DerivedDataCache: Writable
[2019.06.04-22.56.34:639][  0]LogDerivedDataCache: Shared data cache path not found in *engine.ini, will not use an Shared cache.
[2019.06.04-22.56.34:639][  0]LogDerivedDataCache: Unable to find inner node Shared for hierarchical cache Hierarchy.
[2019.06.04-22.56.34:659][  0]LogMaterial: Verifying Global Shaders for PCD3D_SM5
[2019.06.04-22.56.34:661][  0]LogSlate: Using FreeType 2.6.0
[2019.06.04-22.56.34:701][  0]LogSlate: SlateFontServices - WITH_FREETYPE: 1, WITH_HARFBUZZ: 1
[2019.06.04-22.56.37:597][  0]LogAssetRegistry: FAssetRegistry took 0.0277 seconds to start up
[2019.06.04-22.56.38:022][  0]LogInit: Selected Device Profile: [Windows]
[2019.06.04-22.56.38:323][  0]LogSimplygon: Simplygon DLL not present - disabling.
[2019.06.04-22.56.38:328][  0]LogMeshReduction: Using SimplygonSwarm for distributed automatic mesh merging
[2019.06.04-22.56.38:328][  0]LogMeshReduction: Using ProxyLODMeshReduction for automatic mesh merging
[2019.06.04-22.56.38:328][  0]LogMeshReduction: Using QuadricMeshReduction for automatic static mesh reduction
[2019.06.04-22.56.38:328][  0]LogMeshReduction: No automatic skeletal mesh reduction module available
[2019.06.04-22.56.38:347][  0]LogNetVersion: diaspora 1.0.0, NetCL: 4212847, EngineNetVer: 5, GameNetVer: 0 (Checksum: 3376199667)
[2019.06.04-22.56.39:079][  0]LogPackageLocalizationCache: Processed 11 localized package path(s) for 2 prioritized culture(s) in 0.146528 seconds
[2019.06.04-22.56.39:088][  0]LogUObjectArray: 38425 objects as part of root set at end of initial load.
[2019.06.04-22.56.39:088][  0]LogUObjectAllocator: 6690864 out of 0 bytes used by permanent object pool.
[2019.06.04-22.56.39:088][  0]LogUObjectArray: CloseDisregardForGC: 0/0 objects in disregard for GC pool
[2019.06.04-22.57.01:247][  0]LogTcpMessaging: Initializing TcpMessaging bridge
[2019.06.04-22.57.01:262][  0]LogUdpMessaging: Initializing bridge on interface 0.0.0.0:0 to multicast group 230.0.0.1:6666.
[2019.06.04-22.57.01:700][  0]SourceControl: Controle de origem desativado
[2019.06.04-22.57.01:700][  0]SourceControl: Controle de origem desativado
[2019.06.04-22.57.01:703][  0]SourceControl: Controle de origem desativado
[2019.06.04-22.57.01:705][  0]SourceControl: Controle de origem desativado
[2019.06.04-22.57.02:136][  0]LogAndroidPermission: UAndroidPermissionCallbackProxy::GetInstance
[2019.06.04-22.57.02:208][  0]LogOcInput: OculusInput pre-init called
[2019.06.04-22.57.02:316][  0]LogEngine: Initializing Engine...
[2019.06.04-22.57.02:318][  0]LogHMD: Failed to initialize OpenVR with code 110
[2019.06.04-22.57.02:320][  0]LogStats: UGameplayTagsManager::ConstructGameplayTagTree: ImportINI prefixes -  0.000 s
[2019.06.04-22.57.02:320][  0]LogStats: UGameplayTagsManager::ConstructGameplayTagTree: Construct from data asset -  0.000 s
[2019.06.04-22.57.02:320][  0]LogStats: UGameplayTagsManager::ConstructGameplayTagTree: ImportINI -  0.000 s
[2019.06.04-22.57.02:320][  0]LogStats: UGameplayTagsManager::ConstructGameplayTagTree: GameplayTagTreeChangedEvent.Broadcast -  0.000 s
[2019.06.04-22.57.02:630][  0]LogInit: Initializing FReadOnlyCVARCache
[2019.06.04-22.57.02:659][  0]LogAIModule: Creating AISystem for world Untitled
[2019.06.04-22.57.02:669][  0]LogInit: XAudio2 using 'Alto-falantes (Conexant SmartAudio HD)' : 2 channels at 48 kHz using 32 bits per sample (channel mask 0x3)
[2019.06.04-22.57.02:696][  0]LogInit: FAudioDevice initialized.
[2019.06.04-22.57.02:697][  0]LogNetVersion: Set ProjectVersion to 1.0.0.0. Version Checksum will be recalculated on next use.
[2019.06.04-22.57.02:930][  0]LogDerivedDataCache: Saved boot cache 0.23s 71MB C:/Users/Bruno/AppData/Local/UnrealEngine/4.20/DerivedDataCache/Boot.ddc.
[2019.06.04-22.57.02:938][  0]LogInit: Texture streaming: Enabled
[2019.06.04-22.57.02:997][  0]LogEngineSessionManager: EngineSessionManager initialized
[2019.06.04-22.57.03:047][  0]LogInit: Transaction tracking system initialized
[2019.06.04-22.57.03:092][  0]BlueprintLog: New page: Carregar Editor
[2019.06.04-22.57.03:306][  0]LocalizationService: Localization service is disabled
[2019.06.04-22.57.04:165][  0]LogCook: Display: Max memory allowance for cook 16384mb min free memory 0mb
[2019.06.04-22.57.04:166][  0]LogCook: Display: Mobile HDR setting 1
[2019.06.04-22.57.04:177][  0]LogFileCache: Scanning file cache for directory 'C:/Users/Bruno/Desktop/pcs3539-project-diaspora/diaspora 4.20/Content/' took 0.02s
[2019.06.04-22.57.04:177][  0]LogGameplayTags: Display: UGameplayTagsManager::DoneAddingNativeTags. DelegateIsBound: 0
[2019.06.04-22.57.04:177][  0]LogStats: UGameplayTagsManager::ConstructGameplayTagTree: ImportINI prefixes -  0.000 s
[2019.06.04-22.57.04:177][  0]LogStats: UGameplayTagsManager::ConstructGameplayTagTree: Construct from data asset -  0.000 s
[2019.06.04-22.57.04:177][  0]LogStats: UGameplayTagsManager::ConstructGameplayTagTree: ImportINI -  0.000 s
[2019.06.04-22.57.04:177][  0]LogStats: UGameplayTagsManager::ConstructGameplayTagTree: GameplayTagTreeChangedEvent.Broadcast -  0.000 s
[2019.06.04-22.57.04:696][  0]SourceControl: Controle de origem desativado
[2019.06.04-22.57.04:696][  0]Cmd: MAP LOAD FILE="../../../Engine/Content/Maps/Templates/Template_Default.umap" TEMPLATE=1 SHOWPROGRESS=1 FEATURELEVEL=3
[2019.06.04-22.57.04:697][  0]LightingResults: New page: Compilação de Iluminação
[2019.06.04-22.57.04:701][  0]MapCheck: New page: Verificação de Mapa
[2019.06.04-22.57.04:701][  0]LightingResults: New page: Compilação de Iluminação
[2019.06.04-22.57.04:954][  0]LogAIModule: Creating AISystem for world Untitled_1
[2019.06.04-22.57.04:963][  0]LogEditorServer: Finished looking for orphan Actors (0.000 secs)
[2019.06.04-22.57.04:986][  0]Cmd: MAP CHECKDEP NOCLEARLOG
[2019.06.04-22.57.05:092][  0]MapCheck: Map check complete: 0 Error(s), 0 Warning(s), took 106,223ms to complete.
[2019.06.04-22.57.05:093][  0]LogFileHelpers: Loading map 'Template_Default' took 0.396
[2019.06.04-22.57.06:666][  0]LogSlate: Updating window title bar state: overlay mode, drag disabled, window buttons hidden, title bar hidden
[2019.06.04-22.57.06:762][  0]LogSlate: Updating window title bar state: overlay mode, drag disabled, window buttons hidden, title bar hidden
[2019.06.04-22.57.06:787][  0]LogSlate: Updating window title bar state: overlay mode, drag disabled, window buttons hidden, title bar hidden
[2019.06.04-22.57.06:805][  0]LogSlate: Updating window title bar state: overlay mode, drag disabled, window buttons hidden, title bar hidden
[2019.06.04-22.57.06:955][  0]LogCollectionManager: Loaded 0 collections in 0.009482 seconds
[2019.06.04-22.57.07:298][  0]LogFileCache: Scanning file cache for directory 'C:/Users/Bruno/Desktop/pcs3539-project-diaspora/diaspora 4.20/Saved/Collections/' took 0.01s
[2019.06.04-22.57.07:298][  0]LogFileCache: Scanning file cache for directory 'C:/Users/Bruno/Desktop/pcs3539-project-diaspora/diaspora 4.20/Content/Developers/Bruno/Collections/' took 0.01s
[2019.06.04-22.57.07:299][  0]LogFileCache: Scanning file cache for directory 'C:/Users/Bruno/Desktop/pcs3539-project-diaspora/diaspora 4.20/Content/Collections/' took 0.01s
[2019.06.04-22.57.07:299][  0]LogCollectionManager: Rebuilt the GUID cache for 0 collections in 0.000002 seconds
[2019.06.04-22.57.07:427][  0]LogContentBrowser: Native class hierarchy populated in 0.1114 seconds. Added 2572 classes and 603 folders.
[2019.06.04-22.57.07:628][  0]LogContentBrowser: Native class hierarchy updated for 'WidgetCarousel' in 0.0012 seconds. Added 0 classes and 0 folders.
[2019.06.04-22.57.09:721][  0]LogContentBrowser: Native class hierarchy updated for 'AddContentDialog' in 0.0008 seconds. Added 0 classes and 0 folders.
[2019.06.04-22.57.09:790][  0]LogContentBrowser: Native class hierarchy updated for 'SceneOutliner' in 0.0008 seconds. Added 1 classes and 2 folders.
[2019.06.04-22.57.10:700][  0]LogSlate: Took 0.023844 seconds to synchronously load lazily loaded font '../../../Engine/Content/Slate/Fonts/Roboto-Regular.ttf' (155K)
[2019.06.04-22.57.10:714][  0]LogSlate: Took 0.011067 seconds to synchronously load lazily loaded font '../../../Engine/Content/Slate/Fonts/Roboto-Bold.ttf' (160K)
[2019.06.04-22.57.10:808][  0]LogSlate: Took 0.006829 seconds to synchronously load lazily loaded font '../../../Engine/Content/Editor/Slate/Fonts/FontAwesome.ttf' (139K)
[2019.06.04-22.57.11:705][  0]LogRenderer: Reallocating scene render targets to support 760x372 Format 10 NumSamples 1 (Frame:1).
[2019.06.04-22.57.12:912][  0]LogContentBrowser: Native class hierarchy updated for 'HierarchicalLODOutliner' in 0.0006 seconds. Added 0 classes and 0 folders.
[2019.06.04-22.57.12:913][  0]LogLoad: (Engine Initialization) Total time: 50.85 seconds
[2019.06.04-22.57.12:913][  0]LogLoad: (Engine Initialization) Total Blueprint compile time: 0.00 seconds
[2019.06.04-22.57.12:924][  0]LogWindowsTextInputMethodSystem: Display: IME system now deactivated.
[2019.06.04-22.57.13:045][  0]LogContentStreaming: Texture pool size now 1000 MB
[2019.06.04-22.57.13:184][  0]LogSlate: Took 0.013999 seconds to synchronously load lazily loaded font '../../../Engine/Content/Slate/Fonts/Roboto-Light.ttf' (167K)
[2019.06.04-22.57.13:420][  2]LogAssetRegistry: Asset discovery search completed in 35.8460 seconds
[2019.06.04-22.57.13:449][  2]LogCollectionManager: Rebuilt the object cache for 0 collections in 0.000000 seconds (found 0 objects)
[2019.06.04-22.57.13:449][  2]LogCollectionManager: Fixed up redirectors for 0 collections in 0.000101 seconds (updated 0 objects)
[2019.06.04-22.57.16:339][160]LogEditorViewport: Clicking on Actor (LMB): StaticMeshActor (Floor)
[2019.06.04-22.57.17:575][160]LogEditorViewport: Clicking on Actor (context menu): StaticMeshActor (Floor)
[2019.06.04-22.57.17:946][160]LogSlate: FSceneViewport::OnFocusLost() reason 2
[2019.06.04-22.57.17:990][160]LogEditorViewport: Clicking on Actor (LMB): StaticMeshActor (Floor)
[2019.06.04-22.57.18:088][160]LogEditorViewport: Clicking on Component (LMB): StaticMeshComponent (StaticMeshComponent0)
[2019.06.04-22.57.18:189][160]LogEditorViewport: Clicking on Component (LMB): StaticMeshComponent (StaticMeshComponent0)
[2019.06.04-22.57.18:266][160]LogEditorViewport: Clicking on Actor (double click): StaticMeshActor (Floor)
[2019.06.04-22.57.19:190][163]LogEditorViewport: Clicking on Actor (LMB): StaticMeshActor (Floor)
[2019.06.04-22.57.19:472][170]LogEditorViewport: Clicking on Actor (LMB): StaticMeshActor (Floor)
[2019.06.04-22.57.21:786][311]LogEditorViewport: Clicking on Actor (context menu): StaticMeshActor (Floor)
[2019.06.04-22.57.21:827][311]LogSlate: FSceneViewport::OnFocusLost() reason 2
[2019.06.04-22.57.23:042][394]LogEditorViewport: Clicking on Actor (LMB): StaticMeshActor (Floor)
[2019.06.04-22.57.23:963][438]LogSlate: FSceneViewport::OnFocusLost() reason 0
[2019.06.04-22.57.29:905][ 44]LogEditorViewport: Clicking on Actor (LMB): StaticMeshActor (Floor)
[2019.06.04-22.57.30:901][111]Cmd: DELETE
[2019.06.04-22.57.30:901][111]Cmd: ACTOR DELETE
[2019.06.04-22.57.31:251][111]LogEditorActor: Deleted Actor: StaticMeshActor
[2019.06.04-22.57.31:413][111]LogEditorActor: Deleted 1 Actors (0.285 secs)
[2019.06.04-22.57.33:397][238]LogSlate: FSceneViewport::OnFocusLost() reason 2
[2019.06.04-22.57.56:060][294]LogSlate: FSceneViewport::OnFocusLost() reason 2
[2019.06.04-22.58.01:133][294]LogSlate: Window 'Mensagem' being destroyed
[2019.06.04-22.58.04:116][294]LogSlate: Window 'Choose Location for importing the scene content' being destroyed
[2019.06.04-22.58.04:197][294]LogSlate: Took 0.000808 seconds to synchronously load lazily loaded font '../../../Engine/Content/Slate/Fonts/Roboto-Light.ttf' (167K)
[2019.06.04-22.58.04:217][294]LogSlate: FSceneViewport::OnFocusLost() reason 2
[2019.06.04-22.58.04:323][294]LogFactory: FactoryCreateFile: World with FbxSceneImportFactory (0 0 ../../../../../../Users/Bruno/Desktop/pcs3539-project-diaspora/Blender/Nature Planet/recursoNatureza.fbx)
[2019.06.04-22.58.04:578][294]LogFbx: Loading FBX Scene from ../../../../../../Users/Bruno/Desktop/pcs3539-project-diaspora/Blender/Nature Planet/recursoNatureza.fbx
[2019.06.04-22.58.04:684][294]LogFbx: FBX Scene Loaded Succesfully
[2019.06.04-22.58.04:760][294]LogFbx: =================================================
[2019.06.04-22.58.04:760][294]LogFbx: Dumping Node START [Sphere] 
[2019.06.04-22.58.04:761][294]LogFbx: 	Total Deformer Count -1154460104.
[2019.06.04-22.58.04:761][294]LogFbx: 	Attribute (Sphere) Type (4).
[2019.06.04-22.58.04:761][294]LogFbx: 		[Node Attribute Child 1] Sphere (Type Mesh).
[2019.06.04-22.58.04:761][294]LogFbx: Dumping Node END [Sphere]
[2019.06.04-22.58.04:761][294]LogFbx: =================================================
[2019.06.04-22.58.04:762][294]LogFbx: Dumping Node START [Sphere] 
[2019.06.04-22.58.04:762][294]LogFbx: 	Total Deformer Count -1154463352.
[2019.06.04-22.58.04:762][294]LogFbx: 	Attribute (Sphere) Type (4).
[2019.06.04-22.58.04:762][294]LogFbx: 		[Node Attribute Child 1] Sphere (Type Mesh).
[2019.06.04-22.58.04:762][294]LogFbx: Dumping Node END [Sphere]
[2019.06.04-22.58.13:505][294]LogSlate: Window 'FBX Scene Import Options' being destroyed
[2019.06.04-22.58.13:606][294]LogFbx: =================================================
[2019.06.04-22.58.13:606][294]LogFbx: Dumping Node START [Sphere] 
[2019.06.04-22.58.13:606][294]LogFbx: 	Total Deformer Count -895960720.
[2019.06.04-22.58.13:606][294]LogFbx: 	Attribute (Sphere) Type (4).
[2019.06.04-22.58.13:606][294]LogFbx: 		[Node Attribute Child 1] Sphere (Type Mesh).
[2019.06.04-22.58.13:606][294]LogFbx: Dumping Node END [Sphere]
[2019.06.04-22.58.13:606][294]LogFbx: =================================================
[2019.06.04-22.58.13:607][294]LogFbx: Dumping Node START [Sphere] 
[2019.06.04-22.58.13:607][294]LogFbx: 	Total Deformer Count -895960608.
[2019.06.04-22.58.13:607][294]LogFbx: 	Attribute (Sphere) Type (4).
[2019.06.04-22.58.13:607][294]LogFbx: 		[Node Attribute Child 1] Sphere (Type Mesh).
[2019.06.04-22.58.13:607][294]LogFbx: Dumping Node END [Sphere]
[2019.06.04-22.58.13:990][294]LogLinker: Não é possível encontrar o arquivo “/Game/Maps/Material_002”
[2019.06.04-22.58.13:991][294]LogLinker: Não é possível encontrar o arquivo “/Game/Maps/Material_002”
[2019.06.04-22.58.14:035][294]LogMaterial: Display: Missing cached shader map for material Material_002, compiling. 
[2019.06.04-22.58.14:302][294]LogShaderCompilers: Display: Shaders left to compile 22
[2019.06.04-22.58.14:302][294]LogShaderCompilers: Display: Shaders left to compile 12
[2019.06.04-22.58.14:302][294]LogShaderCompilers: Display: Shaders left to compile 2
[2019.06.04-22.58.14:306][294]LogLinker: Não é possível encontrar o arquivo “/Game/Maps/Material_003”
[2019.06.04-22.58.14:306][294]LogLinker: Não é possível encontrar o arquivo “/Game/Maps/Material_003”
[2019.06.04-22.58.14:312][294]LogMaterial: Display: Missing cached shader map for material Material_003, compiling. 
[2019.06.04-22.58.14:329][294]LogLinker: Não é possível encontrar o arquivo “/Game/Maps/Material_004”
[2019.06.04-22.58.14:330][294]LogLinker: Não é possível encontrar o arquivo “/Game/Maps/Material_004”
[2019.06.04-22.58.14:335][294]LogMaterial: Display: Missing cached shader map for material Material_004, compiling. 
[2019.06.04-22.58.14:352][294]LogLinker: Não é possível encontrar o arquivo “/Game/Maps/Material_001”
[2019.06.04-22.58.14:353][294]LogLinker: Não é possível encontrar o arquivo “/Game/Maps/Material_001”
[2019.06.04-22.58.14:358][294]LogMaterial: Display: Missing cached shader map for material Material_001, compiling. 
[2019.06.04-22.58.14:374][294]LogFbx: Warning: Triangulating static mesh Sphere
[2019.06.04-22.58.14:917][294]LogStaticMesh: Criando malha estática Sphere...
[2019.06.04-22.58.15:103][294]LogStaticMesh: Built static mesh [0.19s] /Game/Maps/Sphere.Sphere
[2019.06.04-22.58.15:310][294]LogStaticMesh: Warning: Sphere has some nearly zero normals which can create some issues. (Tolerance of 1E-4)
[2019.06.04-22.58.15:310][294]LogStaticMesh: Warning: Sphere has some nearly zero bi-normals which can create some issues. (Tolerance of 1E-4)
[2019.06.04-22.58.16:101][294]LogAssetEditorManager: Opening Asset editor for Blueprint /Game/Maps/FbxScene_recursoNatureza.FbxScene_recursoNatureza
[2019.06.04-22.58.19:646][294]LogContentBrowser: Native class hierarchy updated for 'BlueprintGraph' in 0.0009 seconds. Added 116 classes and 0 folders.
[2019.06.04-22.58.22:145][294]LogShaderCompilers: Display: Shaders left to compile 66
[2019.06.04-22.58.23:113][294]LogShaderCompilers: Display: Shaders left to compile 56
[2019.06.04-22.58.23:211][294]LogShaderCompilers: Display: Shaders left to compile 46
[2019.06.04-22.58.23:242][294]FBXImport: Warning: No smoothing group information was found in this FBX scene.  Please make sure to enable the 'Export Smoothing Groups' option in the FBX Exporter plug-in before exporting the file.  Even for tools that don't support smoothing groups, the FBX Exporter will generate appropriate smoothing data at export-time so that correct vertex normals can be inferred while importing. 
[2019.06.04-22.58.23:242][294]FBXImport: Warning: Sphere has some nearly zero normals which can create some issues. (Tolerance of 1E-4) 
[2019.06.04-22.58.23:242][294]FBXImport: Warning: Sphere has some nearly zero bi-normals which can create some issues. (Tolerance of 1E-4) 
[2019.06.04-22.58.24:554][294]LogRenderer: Reallocating scene render targets to support 808x588 Format 10 NumSamples 1 (Frame:1).
[2019.06.04-22.58.25:480][301]LogShaderCompilers: Display: Shaders left to compile 36
[2019.06.04-22.58.28:952][361]LogSlate: Window 'Registro de Mensagem' being destroyed
[2019.06.04-22.58.28:956][361]LogSlate: Window 'Registro de Mensagem' being destroyed
[2019.06.04-22.58.30:785][397]LogSlate: FSceneViewport::OnFocusLost() reason 2
[2019.06.04-22.58.38:638][532]LogShaderCompilers: Display: Shaders left to compile 26
[2019.06.04-22.59.01:758][932]LogShaderCompilers: Display: Shaders left to compile 16
[2019.06.04-22.59.37:158][505]LogShaderCompilers: Display: Shaders left to compile 6
[2019.06.04-22.59.39:161][541]LogSlate: FSceneViewport::OnFocusLost() reason 0
[2019.06.04-22.59.39:372][543]LogSlate: Window 'FbxScene_recursoNatureza*' being destroyed
[2019.06.04-22.59.39:378][543]LogSlate: Window 'FbxScene_recursoNatureza*' being destroyed
[2019.06.04-22.59.44:892][700]LogEditorViewport: Clicking on Actor (LMB): BP_Sky_Sphere_C (Sky Sphere)
[2019.06.04-22.59.45:353][711]LogEditorViewport: Clicking on Actor (LMB): FbxScene_recursoNatureza_C (FbxScene_recursoNatureza)
[2019.06.04-23.00.49:346][476]LogSlate: FSceneViewport::OnFocusLost() reason 0
[2019.06.04-23.00.49:406][479]MapCheck: New page: Verificação de Mapa
[2019.06.04-23.00.49:580][479]Cmd: MAP REBUILD ALLVISIBLE
[2019.06.04-23.00.49:594][479]LogEditorServer: Rebuildmap Clear paths rebuilt
[2019.06.04-23.00.49:873][479]LogMaterial: Display: Missing cached shader map for material FDebugViewModeMaterialProxy MaterialInstanceDynamic_0, compiling. 
[2019.06.04-23.00.49:979][479]LogShaderCompilers: Display: Shaders left to compile 1
[2019.06.04-23.00.49:979][479]LogMaterial: Display: Missing cached shader map for material FDebugViewModeMaterialProxy Material_002, compiling. 
[2019.06.04-23.00.50:011][479]LogShaderCompilers: Display: Shaders left to compile 1
[2019.06.04-23.00.50:011][479]LogMaterial: Display: Missing cached shader map for material FDebugViewModeMaterialProxy Material_003, compiling. 
[2019.06.04-23.00.50:048][479]LogShaderCompilers: Display: Shaders left to compile 1
[2019.06.04-23.00.50:048][479]LogMaterial: Display: Missing cached shader map for material FDebugViewModeMaterialProxy Material_004, compiling. 
[2019.06.04-23.00.50:082][479]LogMaterial: Display: Missing cached shader map for material FDebugViewModeMaterialProxy Material_001, compiling. 
[2019.06.04-23.00.50:101][479]LogMaterial: Display: Missing cached shader map for material FDebugViewModeMaterialProxy MI_CineMat_CameraBody, compiling. 
[2019.06.04-23.00.50:114][479]LogMaterial: Display: Missing cached shader map for material FDebugViewModeMaterialProxy MI_CineMat_CamViewFinder, compiling. 
[2019.06.04-23.00.51:021][479]LogShaderCompilers: Display: Shaders left to compile 4
[2019.06.04-23.00.51:021][479]LogShaderCompilers: Display: Shaders left to compile 3
[2019.06.04-23.00.51:021][479]LogShaderCompilers: Display: Shaders left to compile 2
[2019.06.04-23.00.51:021][479]LogShaderCompilers: Display: Shaders left to compile 1
[2019.06.04-23.00.51:021][479]TextureStreamingBuild: Display: Compiling optional shaders took 1.173 seconds.
[2019.06.04-23.00.51:071][479]LogLevel: Display: Export Material TexCoord Scales took 0.050 seconds.
[2019.06.04-23.00.51:101][479]TextureStreamingBuild: Display: Build Texture Streaming took 0.021 seconds.
[2019.06.04-23.00.51:214][479]LightingResults: New page: Compilação de Iluminação - 04/06/2019 17:00:51
[2019.06.04-23.00.51:775][479]LogSwarmInterface: [OpenConnection] Registering TCP channel ...
[2019.06.04-23.00.52:074][479]LogSwarmInterface: [OpenConnection] Connecting to agent ...
[2019.06.04-23.00.52:248][479]LogSwarmInterface: [TryOpenConnection] Testing the Agent
[2019.06.04-23.00.55:040][479]LogSwarmInterface: Error: [TryOpenConnection] Waiting for the agent to start up ...
[2019.06.04-23.00.55:708][479]LogSwarmInterface: Error: System.Net.Sockets.SocketException (0x80004005): Nenhuma conexão pôde ser feita porque a máquina de destino as recusou ativamente 127.0.0.1:8008

Server stack trace: 
   em System.Net.Sockets.Socket.DoConnect(EndPoint endPointSnapshot, SocketAddress socketAddress)
   em System.Net.Sockets.Socket.Connect(EndPoint remoteEP)
   em System.Runtime.Remoting.Channels.RemoteConnection.CreateNewSocket(EndPoint ipEndPoint)
   em System.Runtime.Remoting.Channels.SocketCache.GetSocket(String machinePortAndSid, Boolean openNew)
   em System.Runtime.Remoting.Channels.Tcp.TcpClientTransportSink.SendRequestWithRetry(IMessage msg, ITransportHeaders requestHeaders, Stream requestStream)
   em System.Runtime.Remoting.Channels.Tcp.TcpClientTransportSink.AsyncProcessRequest(IClientChannelSinkStack sinkStack, IMessage msg, ITransportHeaders headers, Stream stream)
   em System.Runtime.Remoting.Channels.BinaryClientFormatterSink.AsyncProcessMessage(IMessage msg, IMessageSink replySink)

Exception rethrown at [0]: 
   em System.Runtime.Remoting.Proxies.RealProxy.HandleReturnMessage(IMessage reqMsg, IMessage retMsg)
   em System.Runtime.Remoting.Proxies.RealProxy.PrivateInvoke(MessageData& msgData, Int32 type)
   em NSwarm.IAgentInterfaceWrapper.MethodDelegate.EndInvoke(Hashtable& OutParameters, IAsyncResult result)
   em NSwarm.FSwarmInterface.TryOpenConnection(FConnectionCallback CallbackFunc, IntPtr CallbackData, ELogFlags LoggingFlags) na D:\Build\++UE4\Sync\Saved\CsTools\Engine\Source\Editor\SwarmInterface\DotNET\SwarmInterface.cs:linha 2811
[2019.06.04-23.01.01:179][479]LogSwarmInterface: [TryOpenConnection] Opening Connection to Agent
[2019.06.04-23.01.01:179][479]LogSwarmInterface: [TryOpenConnection] Local Process ID is 7484
[2019.06.04-23.01.07:041][479]LogStaticLightingSystem: Warning: No importance volume found, so the scene bounding box was used.  You can optimize your scene's quality and lighting build times by adding importance volumes.
[2019.06.04-23.01.07:066][479]LogStaticLightingSystem: Running Lightmass w/ ImmediateImport mode ENABLED
[2019.06.04-23.01.07:066][479]LogStaticLightingSystem: Running Lightmass w/ ImmediateProcess mode ENABLED
[2019.06.04-23.01.07:066][479]LogStaticLightingSystem: Running Lightmass w/ Sorting mode ENABLED
[2019.06.04-23.01.07:066][479]LogStaticLightingSystem: Running Lightmass w/ Mapping paddings ENABLED
[2019.06.04-23.01.07:066][479]LogStaticLightingSystem: Running Lightmass w/ Mapping debug paddings DISABLED
[2019.06.04-23.01.07:626][479]Cmd: MAP CHECK DONTDISPLAYDIALOG
[2019.06.04-23.01.07:626][479]MapCheck: New page: Untitled_1 - 04/06/2019 17:01:07
[2019.06.04-23.01.07:667][479]MapCheck: Error: WorldSettings_1 O mapa precisa de recompilação de iluminação 
[2019.06.04-23.01.07:854][479]MapCheck: Map check complete: 1 Error(s), 0 Warning(s), took 227,811ms to complete.
[2019.06.04-23.01.07:888][479]LogEditorBuildUtils: Build time 0:18
[2019.06.04-23.01.07:895][479]LogSlate: FSceneViewport::OnFocusLost() reason 2
[2019.06.04-23.01.08:095][480]LogMaterial: Display: Missing cached shader map for material FLightmassMaterialRenderer Material_002, compiling. 
[2019.06.04-23.01.08:107][480]LogMaterial: Display: Missing cached shader map for material FLightmassMaterialRenderer Material_002, compiling. 
[2019.06.04-23.01.08:137][480]LogShaderCompilers: Display: Shaders left to compile 2
[2019.06.04-23.01.08:137][480]LogShaderCompilers: Display: Shaders left to compile 2
[2019.06.04-23.01.08:154][481]LogMaterial: Display: Missing cached shader map for material FLightmassMaterialRenderer Material_003, compiling. 
[2019.06.04-23.01.08:165][481]LogShaderCompilers: Display: Shaders left to compile 2
[2019.06.04-23.01.08:165][481]LogMaterial: Display: Missing cached shader map for material FLightmassMaterialRenderer Material_003, compiling. 
[2019.06.04-23.01.08:286][482]LogMaterial: Display: Missing cached shader map for material FLightmassMaterialRenderer Material_004, compiling. 
[2019.06.04-23.01.08:304][482]LogMaterial: Display: Missing cached shader map for material FLightmassMaterialRenderer Material_004, compiling. 
[2019.06.04-23.01.08:398][483]LogMaterial: Display: Missing cached shader map for material FLightmassMaterialRenderer Material_001, compiling. 
[2019.06.04-23.01.08:433][483]LogMaterial: Display: Missing cached shader map for material FLightmassMaterialRenderer Material_001, compiling. 
[2019.06.04-23.01.11:510][486]LogShaderCompilers: Display: Shaders left to compile 10
[2019.06.04-23.01.15:838][576]LogSlate: Window 'Registro de Mensagem' being destroyed
[2019.06.04-23.01.15:845][576]LogSlate: Window 'Registro de Mensagem' being destroyed
[2019.06.04-23.01.21:795][751]Job is a success!
[2019.06.04-23.01.21:910][752]LogSlate: FSceneViewport::OnFocusLost() reason 2
[2019.06.04-23.01.22:161][752]LogVolumetricLightmapImport: Imported Volumetric Lightmap in 0.082s
[2019.06.04-23.01.22:161][752]LogVolumetricLightmapImport:      Indirection Texture 16x16x16 = 0.0Mb
[2019.06.04-23.01.22:161][752]LogVolumetricLightmapImport:      BrickData 40x5x5 = 0.0Mb
[2019.06.04-23.01.22:161][752]LogVolumetricLightmapImport:      Bricks at Level
[2019.06.04-23.01.22:161][752]LogVolumetricLightmapImport:          0: 12.5% covering 100.0% of volume
[2019.06.04-23.01.22:161][752]LogVolumetricLightmapImport:          1: 12.5% covering 1.6% of volume
[2019.06.04-23.01.22:161][752]LogVolumetricLightmapImport:          2: 75.0% covering 0.1% of volume
[2019.06.04-23.01.22:213][752]LogMaterial: Warning: Material /Game/Maps/Material_002.Material_002 needed to have new flag set bUsedWithStaticLighting !
[2019.06.04-23.01.22:225][752]LogMaterial: Display: Missing cached shader map for material Material_002, compiling. 
[2019.06.04-23.01.22:381][752]LogMaterial: Warning: Material /Game/Maps/Material_003.Material_003 needed to have new flag set bUsedWithStaticLighting !
[2019.06.04-23.01.22:384][752]LogShaderCompilers: Display: Shaders left to compile 31
[2019.06.04-23.01.22:386][752]LogShaderCompilers: Display: Shaders left to compile 21
[2019.06.04-23.01.22:386][752]LogShaderCompilers: Display: Shaders left to compile 11
[2019.06.04-23.01.22:406][752]LogMaterial: Display: Missing cached shader map for material Material_003, compiling. 
[2019.06.04-23.01.22:454][752]LogMaterial: Warning: Material /Game/Maps/Material_004.Material_004 needed to have new flag set bUsedWithStaticLighting !
[2019.06.04-23.01.22:457][752]LogMaterial: Display: Missing cached shader map for material Material_004, compiling. 
[2019.06.04-23.01.22:497][752]LogMaterial: Warning: Material /Game/Maps/Material_001.Material_001 needed to have new flag set bUsedWithStaticLighting !
[2019.06.04-23.01.22:500][752]LogMaterial: Display: Missing cached shader map for material Material_001, compiling. 
[2019.06.04-23.01.22:675][752]LogTexture: Display: Building textures: HQ_Lightmap0_1 (AutoDXT, 128X128)
[2019.06.04-23.01.22:675][752]LogTexture: Display: Building textures: LQ_Lightmap_0_1 (DXT1, 128X128)
[2019.06.04-23.01.22:675][752]LogTexture: Display: Building textures: HQ_Lightmap0_2 (AutoDXT, 64X64)
[2019.06.04-23.01.22:675][752]LogTexture: Display: Building textures: LQ_Lightmap_0_2 (DXT1, 64X64)
[2019.06.04-23.01.22:675][752]LogTexture: Display: Building textures: ShadowMapTexture2D_0 (G8, 32X32)
[2019.06.04-23.01.22:917][752]Lightmass on LAPTOP-NUIV0ACE: 7.59 sec total, 691 ms importing, 228 ms setup, 3.61 sec photons, 2.79 sec processing, 0 ms extra exporting [2/2 mappings]. Threads: 10.7 sec total, 1.05 sec processing.
[2019.06.04-23.01.23:028][752]LogStaticLightingSystem: Illumination: 31.7 sec (104 ms encoding lightmaps, 14 ms encoding shadowmaps)
[2019.06.04-23.01.23:028][752]LogStaticLightingSystem: Lightmap texture memory:  0.0 MB (0.0 MB streaming, 0.0 MB non-streaming), 4 textures
[2019.06.04-23.01.23:028][752]LogStaticLightingSystem: Shadowmap texture memory: 0.0 MB (0.0 MB streaming, 0.0 MB non-streaming), 1 textures
[2019.06.04-23.01.23:045][752]DumpUnbuiltLightIteractions
[2019.06.04-23.01.23:045][752]Lights with unbuilt interactions: 0
[2019.06.04-23.01.23:045][752]
[2019.06.04-23.01.23:045][752]Primitives with unbuilt interactions: 0
[2019.06.04-23.01.23:056][752]LogSlate: FSceneViewport::OnFocusLost() reason 2
[2019.06.04-23.01.37:276][752]LogShaderCompilers: Display: Shaders left to compile 94
[2019.06.04-23.01.37:276][752]LogShaderCompilers: Display: Shaders left to compile 84
[2019.06.04-23.01.37:276][752]LogShaderCompilers: Display: Shaders left to compile 74
[2019.06.04-23.01.37:276][752]LogShaderCompilers: Display: Shaders left to compile 64
[2019.06.04-23.01.37:276][752]LogShaderCompilers: Display: Shaders left to compile 54
[2019.06.04-23.01.37:276][752]LogShaderCompilers: Display: Shaders left to compile 44
[2019.06.04-23.01.37:276][752]LogShaderCompilers: Display: Shaders left to compile 34
[2019.06.04-23.01.37:276][752]LogShaderCompilers: Display: Shaders left to compile 24
[2019.06.04-23.01.37:276][752]LogShaderCompilers: Display: Shaders left to compile 14
[2019.06.04-23.01.37:276][752]LogShaderCompilers: Display: Shaders left to compile 4
[2019.06.04-23.01.37:528][753]Cmd: MAP CHECK NOTIFYRESULTS
[2019.06.04-23.01.37:529][753]MapCheck: New page: Untitled_1 - 04/06/2019 17:01:37
[2019.06.04-23.01.37:669][753]MapCheck: Map check complete: 0 Error(s), 0 Warning(s), took 141,044ms to complete.
[2019.06.04-23.01.37:670][753]LogSlate: FSceneViewport::OnFocusLost() reason 0
[2019.06.04-23.01.39:603][753]LogSlate: Window 'Salvar Conteúdo' being destroyed
[2019.06.04-23.01.39:876][753]LogSlate: Window 'diaspora - Unreal Editor' being destroyed
[2019.06.04-23.01.40:212][754]Cmd: QUIT_EDITOR
[2019.06.04-23.01.40:262][754]LogWindowsTextInputMethodSystem: Display: IME system now deactivated.
[2019.06.04-23.01.40:276][754]LogExit: Preparing to exit.
[2019.06.04-23.01.40:648][754]LogExit: Editor shut down
[2019.06.04-23.01.40:649][754]LogExit: Transaction tracking system shut down
[2019.06.04-23.01.41:047][754]LogExit: Object subsystem successfully closed.
[2019.06.04-23.01.41:069][754]LogShaderCompilers: Display: Shaders left to compile 0
[2019.06.04-23.01.41:075][754]LogD3D11RHI: Shutdown
[2019.06.04-23.01.41:075][754]LogD3D11RHI: CleanupD3DDevice
[2019.06.04-23.01.41:117][754]LogD3D11RHI: ~FD3D11DynamicRHI
[2019.06.04-23.01.41:167][754]LogModuleManager: Shutting down and abandoning module BlueprintGraph (616)
[2019.06.04-23.01.41:167][754]LogModuleManager: Shutting down and abandoning module MeshBuilder (614)
[2019.06.04-23.01.41:167][754]LogModuleManager: Shutting down and abandoning module HierarchicalLODOutliner (612)
[2019.06.04-23.01.41:167][754]LogModuleManager: Shutting down and abandoning module SceneOutliner (610)
[2019.06.04-23.01.41:167][754]LogModuleManager: Shutting down and abandoning module AddContentDialog (608)
[2019.06.04-23.01.41:179][754]LogModuleManager: Shutting down and abandoning module WidgetCarousel (607)
[2019.06.04-23.01.41:179][754]LogModuleManager: Shutting down and abandoning module EditorWidgets (604)
[2019.06.04-23.01.41:179][754]LogModuleManager: Shutting down and abandoning module CollectionManager (602)
[2019.06.04-23.01.41:180][754]LogModuleManager: Shutting down and abandoning module HierarchicalLODUtilities (600)
[2019.06.04-23.01.41:180][754]LogModuleManager: Shutting down and abandoning module StatsViewer (598)
[2019.06.04-23.01.41:180][754]LogModuleManager: Shutting down and abandoning module FoliageEdit (596)
[2019.06.04-23.01.41:180][754]LogModuleManager: Shutting down and abandoning module LandscapeEditor (594)
[2019.06.04-23.01.41:180][754]LogModuleManager: Shutting down and abandoning module MeshPaintMode (592)
[2019.06.04-23.01.41:180][754]LogModuleManager: Shutting down and abandoning module SceneDepthPickerMode (590)
[2019.06.04-23.01.41:180][754]LogModuleManager: Shutting down and abandoning module ActorPickerMode (588)
[2019.06.04-23.01.41:180][754]LogModuleManager: Shutting down and abandoning module GeometryMode (586)
[2019.06.04-23.01.41:180][754]LogModuleManager: Shutting down and abandoning module TextureAlignMode (584)
[2019.06.04-23.01.41:180][754]LogModuleManager: Shutting down and abandoning module BspMode (582)
[2019.06.04-23.01.41:180][754]LogModuleManager: Shutting down and abandoning module PIEPreviewDeviceProfileSelector (580)
[2019.06.04-23.01.41:180][754]LogModuleManager: Shutting down and abandoning module SequenceRecorderSections (578)
[2019.06.04-23.01.41:180][754]LogModuleManager: Shutting down and abandoning module AutomationWorker (576)
[2019.06.04-23.01.41:180][754]LogModuleManager: Shutting down and abandoning module AudioCaptureEditor (574)
[2019.06.04-23.01.41:180][754]LogModuleManager: Shutting down and abandoning module SequenceRecorder (573)
[2019.06.04-23.01.41:180][754]LogModuleManager: Shutting down and abandoning module MatineeToLevelSequence (570)
[2019.06.04-23.01.41:180][754]LogModuleManager: Shutting down and abandoning module LevelSequenceEditor (568)
[2019.06.04-23.01.41:180][754]LogModuleManager: Shutting down and abandoning module PlacementMode (567)
[2019.06.04-23.01.41:180][754]LogModuleManager: Shutting down and abandoning module MaterialEditor (566)
[2019.06.04-23.01.41:180][754]LogModuleManager: Shutting down and abandoning module WmfMediaFactory (562)
[2019.06.04-23.01.41:180][754]LogModuleManager: Shutting down and abandoning module WmfMediaEditor (560)
[2019.06.04-23.01.41:180][754]LogModuleManager: Shutting down and abandoning module MediaPlayerEditor (558)
[2019.06.04-23.01.41:181][754]LogModuleManager: Shutting down and abandoning module OpenExrWrapper (556)
[2019.06.04-23.01.41:181][754]LogModuleManager: Shutting down and abandoning module ImgMediaFactory (554)
[2019.06.04-23.01.41:181][754]LogModuleManager: Shutting down and abandoning module ImgMediaEditor (552)
[2019.06.04-23.01.41:181][754]LogModuleManager: Shutting down and abandoning module AvfMediaFactory (550)
[2019.06.04-23.01.41:181][754]LogModuleManager: Shutting down and abandoning module AvfMediaEditor (548)
[2019.06.04-23.01.41:181][754]LogModuleManager: Shutting down and abandoning module AndroidMediaFactory (546)
[2019.06.04-23.01.41:181][754]LogModuleManager: Shutting down and abandoning module AndroidMediaEditor (544)
[2019.06.04-23.01.41:181][754]LogModuleManager: Shutting down and abandoning module MagicLeapCameraPreviewFactory (542)
[2019.06.04-23.01.41:181][754]LogModuleManager: Shutting down and abandoning module MagicLeapMediaFactory (540)
[2019.06.04-23.01.41:181][754]LogModuleManager: Shutting down and abandoning module MagicLeapMediaEditor (538)
[2019.06.04-23.01.41:181][754]LogModuleManager: Shutting down and abandoning module CharacterAI (536)
[2019.06.04-23.01.41:181][754]LogModuleManager: Shutting down and abandoning module SmartSnapping (534)
[2019.06.04-23.01.41:181][754]LogModuleManager: Shutting down and abandoning module SessionServices (532)
[2019.06.04-23.01.41:181][754]LogModuleManager: Shutting down and abandoning module ViewportSnapping (530)
[2019.06.04-23.01.41:181][754]LogModuleManager: Shutting down and abandoning module ViewportInteraction (528)
[2019.06.04-23.01.41:181][754]LogModuleManager: Shutting down and abandoning module ClothPainter (526)
[2019.06.04-23.01.41:181][754]LogModuleManager: Shutting down and abandoning module SkeletalMeshEditor (525)
[2019.06.04-23.01.41:181][754]LogModuleManager: Shutting down and abandoning module LogVisualizer (522)
[2019.06.04-23.01.41:181][754]LogModuleManager: Shutting down and abandoning module IntroTutorials (520)
[2019.06.04-23.01.41:181][754]LogModuleManager: Shutting down and abandoning module GameProjectGeneration (519)
[2019.06.04-23.01.41:181][754]LogModuleManager: Shutting down and abandoning module LuminPlatformEditor (516)
[2019.06.04-23.01.41:181][754]LogModuleManager: Shutting down and abandoning module IOSPlatformEditor (514)
[2019.06.04-23.01.41:181][754]LogModuleManager: Shutting down and abandoning module HTML5PlatformEditor (512)
[2019.06.04-23.01.41:182][754]LogModuleManager: Shutting down and abandoning module AndroidPlatformEditor (510)
[2019.06.04-23.01.41:182][754]LogModuleManager: Shutting down and abandoning module AndroidDeviceDetection (509)
[2019.06.04-23.01.42:639][754]LogModuleManager: Shutting down and abandoning module WindowsPlatformEditor (506)
[2019.06.04-23.01.42:640][754]LogModuleManager: Shutting down and abandoning module LuminRuntimeSettings (504)
[2019.06.04-23.01.42:640][754]LogModuleManager: Shutting down and abandoning module IOSRuntimeSettings (502)
[2019.06.04-23.01.42:640][754]LogModuleManager: Shutting down and abandoning module AndroidRuntimeSettings (500)
[2019.06.04-23.01.42:640][754]LogModuleManager: Shutting down and abandoning module InputBindingEditor (498)
[2019.06.04-23.01.42:640][754]LogModuleManager: Shutting down and abandoning module MergeActors (496)
[2019.06.04-23.01.42:640][754]LogModuleManager: Shutting down and abandoning module LocalizationDashboard (494)
[2019.06.04-23.01.42:640][754]LogModuleManager: Shutting down and abandoning module LocalizationService (493)
[2019.06.04-23.01.42:641][754]LogModuleManager: Shutting down and abandoning module HardwareTargeting (490)
[2019.06.04-23.01.42:641][754]LogModuleManager: Shutting down and abandoning module DeviceProfileEditor (488)
[2019.06.04-23.01.42:641][754]LogModuleManager: Shutting down and abandoning module UndoHistory (486)
[2019.06.04-23.01.42:641][754]LogModuleManager: Shutting down and abandoning module XmlParser (484)
[2019.06.04-23.01.42:641][754]LogModuleManager: Shutting down and abandoning module Blutility (482)
[2019.06.04-23.01.42:641][754]LogModuleManager: Shutting down and abandoning module ProjectSettingsViewer (480)
[2019.06.04-23.01.42:642][754]LogModuleManager: Shutting down and abandoning module ProjectTargetPlatformEditor (479)
[2019.06.04-23.01.42:642][754]LogModuleManager: Shutting down and abandoning module EditorSettingsViewer (476)
[2019.06.04-23.01.42:642][754]LogModuleManager: Shutting down and abandoning module SettingsEditor (474)
[2019.06.04-23.01.42:642][754]LogModuleManager: Shutting down and abandoning module ProjectLauncher (472)
[2019.06.04-23.01.42:642][754]LogModuleManager: Shutting down and abandoning module SessionFrontend (470)
[2019.06.04-23.01.42:643][754]LogModuleManager: Shutting down and abandoning module ProfilerClient (468)
[2019.06.04-23.01.42:643][754]LogModuleManager: Shutting down and abandoning module DeviceManager (466)
[2019.06.04-23.01.42:643][754]LogModuleManager: Shutting down and abandoning module TargetDeviceServices (465)
[2019.06.04-23.01.42:696][754]LogModuleManager: Shutting down and abandoning module AutomationController (462)
[2019.06.04-23.01.42:696][754]LogModuleManager: Shutting down and abandoning module AutomationWindow (460)
[2019.06.04-23.01.42:696][754]LogModuleManager: Shutting down and abandoning module Layers (458)
[2019.06.04-23.01.42:697][754]LogModuleManager: Shutting down and abandoning module ComponentVisualizers (456)
[2019.06.04-23.01.42:697][754]LogModuleManager: Shutting down and abandoning module DetailCustomizations (454)
[2019.06.04-23.01.42:697][754]LogModuleManager: Shutting down and abandoning module PackagesDialog (452)
[2019.06.04-23.01.42:699][754]LogModuleManager: Shutting down and abandoning module Persona (450)
[2019.06.04-23.01.42:699][754]LogModuleManager: Shutting down and abandoning module AdvancedPreviewScene (449)
[2019.06.04-23.01.42:699][754]LogModuleManager: Shutting down and abandoning module AnimGraph (447)
[2019.06.04-23.01.42:699][754]LogModuleManager: Shutting down and abandoning module Kismet (444)
[2019.06.04-23.01.42:712][754]LogModuleManager: Shutting down and abandoning module GraphEditor (442)
[2019.06.04-23.01.42:712][754]LogModuleManager: Shutting down and abandoning module ClassViewer (440)
[2019.06.04-23.01.42:712][754]LogModuleManager: Shutting down and abandoning module Toolbox (438)
[2019.06.04-23.01.42:712][754]LogModuleManager: Shutting down and abandoning module ModuleUI (436)
[2019.06.04-23.01.42:712][754]LogModuleManager: Shutting down and abandoning module MovieSceneTools (434)
[2019.06.04-23.01.42:712][754]LogModuleManager: Shutting down and abandoning module OutputLog (432)
[2019.06.04-23.01.42:712][754]LogModuleManager: Shutting down and abandoning module GammaUI (430)
[2019.06.04-23.01.42:712][754]LogModuleManager: Shutting down and abandoning module Documentation (428)
[2019.06.04-23.01.42:712][754]LogModuleManager: Shutting down and abandoning module MovieSceneTracks (426)
[2019.06.04-23.01.42:712][754]LogModuleManager: Shutting down and abandoning module MovieScene (424)
[2019.06.04-23.01.42:712][754]LogModuleManager: Shutting down and abandoning module StreamingPauseRendering (422)
[2019.06.04-23.01.42:712][754]LogModuleManager: Shutting down and abandoning module LauncherPlatform (420)
[2019.06.04-23.01.42:712][754]LogModuleManager: Shutting down and abandoning module AnalyticsET (418)
[2019.06.04-23.01.42:712][754]LogModuleManager: Shutting down and abandoning module PortalServices (416)
[2019.06.04-23.01.42:712][754]LogModuleManager: Shutting down and abandoning module PortalRpc (414)
[2019.06.04-23.01.42:712][754]LogModuleManager: Shutting down and abandoning module MessagingRpc (412)
[2019.06.04-23.01.42:712][754]LogModuleManager: Shutting down and abandoning module AIModule (410)
[2019.06.04-23.01.42:712][754]LogModuleManager: Shutting down and abandoning module GameplayDebugger (409)
[2019.06.04-23.01.42:712][754]LogModuleManager: Shutting down and abandoning module AITestSuite (407)
[2019.06.04-23.01.42:712][754]LogModuleManager: Shutting down and abandoning module NavigationSystem (405)
[2019.06.04-23.01.42:712][754]LogModuleManager: Shutting down and abandoning module DesktopPlatform (402)
[2019.06.04-23.01.42:712][754]LogModuleManager: Shutting down and abandoning module ProfilerService (400)
[2019.06.04-23.01.42:945][754]LogModuleManager: Shutting down and abandoning module TaskGraph (398)
[2019.06.04-23.01.42:945][754]LogModuleManager: Shutting down and abandoning module SteamVRController (396)
[2019.06.04-23.01.42:945][754]LogModuleManager: Shutting down and abandoning module ProceduralMeshComponentEditor (394)
[2019.06.04-23.01.42:945][754]LogModuleManager: Shutting down and abandoning module ProceduralMeshComponent (392)
[2019.06.04-23.01.42:945][754]LogModuleManager: Shutting down and abandoning module OculusInput (390)
[2019.06.04-23.01.42:946][754]LogModuleManager: Shutting down and abandoning module MobilePatchingUtils (388)
[2019.06.04-23.01.42:946][754]LogModuleManager: Shutting down and abandoning module EditableMesh (386)
[2019.06.04-23.01.42:946][754]LogModuleManager: Shutting down and abandoning module CustomMeshComponent (384)
[2019.06.04-23.01.42:946][754]LogModuleManager: Shutting down and abandoning module CableComponent (382)
[2019.06.04-23.01.42:946][754]LogModuleManager: Shutting down and abandoning module AudioCapture (380)
[2019.06.04-23.01.42:946][754]LogModuleManager: Shutting down and abandoning module ArchVisCharacter (378)
[2019.06.04-23.01.42:946][754]LogModuleManager: Shutting down and abandoning module AndroidPermission (376)
[2019.06.04-23.01.42:946][754]LogModuleManager: Shutting down and abandoning module NUTUnrealEngine4 (374)
[2019.06.04-23.01.42:946][754]LogModuleManager: Shutting down and abandoning module NetcodeUnitTest (372)
[2019.06.04-23.01.42:947][754]LogModuleManager: Shutting down and abandoning module MediaCompositingEditor (370)
[2019.06.04-23.01.42:947][754]LogModuleManager: Shutting down and abandoning module MediaCompositing (368)
[2019.06.04-23.01.42:947][754]LogModuleManager: Shutting down and abandoning module LinearTimecode (366)
[2019.06.04-23.01.42:947][754]LogModuleManager: Shutting down and abandoning module ImgMedia (364)
[2019.06.04-23.01.42:962][754]LogModuleManager: Shutting down and abandoning module HTML5Networking (362)
[2019.06.04-23.01.42:962][754]LogModuleManager: Shutting down and abandoning module GeometryCacheTracks (360)
[2019.06.04-23.01.42:962][754]LogModuleManager: Shutting down and abandoning module GeometryCacheSequencer (358)
[2019.06.04-23.01.42:962][754]LogModuleManager: Shutting down and abandoning module BackChannel (356)
[2019.06.04-23.01.42:962][754]LogModuleManager: Shutting down and abandoning module AppleVision (354)
[2019.06.04-23.01.42:963][754]LogModuleManager: Shutting down and abandoning module AppleImageUtils (352)
[2019.06.04-23.01.42:963][754]LogModuleManager: Shutting down and abandoning module AlembicImporter (350)
[2019.06.04-23.01.42:963][754]LogModuleManager: Shutting down and abandoning module AlembicLibrary (349)
[2019.06.04-23.01.42:963][754]LogModuleManager: Shutting down and abandoning module GeometryCache (348)
[2019.06.04-23.01.42:963][754]LogModuleManager: Shutting down and abandoning module GeometryCacheEd (347)
[2019.06.04-23.01.42:963][754]LogModuleManager: Shutting down and abandoning module DatasmithContentEditor (342)
[2019.06.04-23.01.42:963][754]LogModuleManager: Shutting down and abandoning module DatasmithContent (340)
[2019.06.04-23.01.42:965][754]LogModuleManager: Shutting down and abandoning module SpeedTreeImporter (338)
[2019.06.04-23.01.42:966][754]LogModuleManager: Shutting down and abandoning module PluginBrowser (336)
[2019.06.04-23.01.42:966][754]LogModuleManager: Shutting down and abandoning module MobileLauncherProfileWizard (334)
[2019.06.04-23.01.42:966][754]LogModuleManager: Shutting down and abandoning module PolygonModeling (332)
[2019.06.04-23.01.42:966][754]LogModuleManager: Shutting down and abandoning module MeshEditor (330)
[2019.06.04-23.01.42:966][754]LogModuleManager: Shutting down and abandoning module CryptoKeysOpenSSL (328)
[2019.06.04-23.01.42:967][754]LogModuleManager: Shutting down and abandoning module CryptoKeys (326)
[2019.06.04-23.01.42:967][754]LogModuleManager: Shutting down and abandoning module VisualStudioSourceCodeAccess (324)
[2019.06.04-23.01.42:967][754]LogModuleManager: Shutting down and abandoning module VisualStudioCodeSourceCodeAccess (322)
[2019.06.04-23.01.42:967][754]LogModuleManager: Shutting down and abandoning module UObjectPlugin (320)
[2019.06.04-23.01.42:967][754]LogModuleManager: Shutting down and abandoning module SubversionSourceControl (318)
[2019.06.04-23.01.42:967][754]LogModuleManager: Shutting down and abandoning module PerforceSourceControl (316)
[2019.06.04-23.01.42:967][754]LogModuleManager: Shutting down and abandoning module GitSourceControl (314)
[2019.06.04-23.01.42:967][754]LogModuleManager: Shutting down and abandoning module SourceControl (313)
[2019.06.04-23.01.42:968][754]LogModuleManager: Shutting down and abandoning module CLionSourceCodeAccess (310)
[2019.06.04-23.01.42:968][754]LogModuleManager: Shutting down and abandoning module LightPropagationVolumeEditor (308)
[2019.06.04-23.01.42:968][754]LogModuleManager: Shutting down and abandoning module PaperTiledImporter (306)
[2019.06.04-23.01.42:968][754]LogModuleManager: Shutting down and abandoning module PaperSpriteSheetImporter (304)
[2019.06.04-23.01.42:968][754]LogModuleManager: Shutting down and abandoning module Paper2DEditor (302)
[2019.06.04-23.01.42:969][754]LogModuleManager: Shutting down and abandoning module MeshPaint (301)
[2019.06.04-23.01.42:969][754]LogModuleManager: Shutting down and abandoning module RuntimePhysXCooking (298)
[2019.06.04-23.01.42:969][754]LogModuleManager: Shutting down and abandoning module PhysXVehiclesEditor (296)
[2019.06.04-23.01.42:969][754]LogModuleManager: Shutting down and abandoning module PhysXVehicles (294)
[2019.06.04-23.01.42:969][754]LogModuleManager: Shutting down and abandoning module OculusEditor (292)
[2019.06.04-23.01.42:970][754]LogModuleManager: Shutting down and abandoning module LocationServicesBPLibrary (290)
[2019.06.04-23.01.42:970][754]LogModuleManager: Shutting down and abandoning module ImmediatePhysicsEditor (288)
[2019.06.04-23.01.42:970][754]LogModuleManager: Shutting down and abandoning module ImmediatePhysics (286)
[2019.06.04-23.01.42:970][754]LogModuleManager: Shutting down and abandoning module ActorSequence (284)
[2019.06.04-23.01.42:970][754]LogModuleManager: Shutting down and abandoning module UdpMessaging (282)
[2019.06.04-23.01.43:071][754]LogModuleManager: Shutting down and abandoning module TcpMessaging (280)
[2019.06.04-23.01.43:172][754]LogModuleManager: Shutting down and abandoning module MagicLeapAudio (278)
[2019.06.04-23.01.43:172][754]LogModuleManager: Shutting down and abandoning module GameplayTagsEditor (276)
[2019.06.04-23.01.43:172][754]LogModuleManager: Shutting down and abandoning module FacialAnimationEditor (274)
[2019.06.04-23.01.43:172][754]LogModuleManager: Shutting down and abandoning module FacialAnimation (272)
[2019.06.04-23.01.43:173][754]LogModuleManager: Shutting down and abandoning module DataValidation (270)
[2019.06.04-23.01.43:173][754]LogModuleManager: Shutting down and abandoning module AssetManagerEditor (268)
[2019.06.04-23.01.43:173][754]LogModuleManager: Shutting down and abandoning module LevelEditor (267)
[2019.06.04-23.01.43:175][754]LogModuleManager: Shutting down and abandoning module PixelInspectorModule (266)
[2019.06.04-23.01.43:176][754]LogModuleManager: Shutting down and abandoning module CommonMenuExtensions (264)
[2019.06.04-23.01.43:176][754]LogModuleManager: Shutting down and abandoning module MainFrame (262)
[2019.06.04-23.01.43:177][754]LogModuleManager: Shutting down and abandoning module HotReload (261)
[2019.06.04-23.01.43:179][754]LogModuleManager: Shutting down and abandoning module ContentBrowser (257)
[2019.06.04-23.01.43:182][754]LogModuleManager: Shutting down and abandoning module TreeMap (255)
[2019.06.04-23.01.43:182][754]LogModuleManager: Shutting down and abandoning module LightPropagationVolumeRuntime (252)
[2019.06.04-23.01.43:182][754]LogModuleManager: Shutting down and abandoning module AISupportModule (250)
[2019.06.04-23.01.43:182][754]LogModuleManager: Shutting down and abandoning module Paper2D (248)
[2019.06.04-23.01.43:182][754]LogModuleManager: Shutting down and abandoning module WindowsMoviePlayer (246)
[2019.06.04-23.01.43:183][754]LogModuleManager: Shutting down and abandoning module WmfMedia (244)
[2019.06.04-23.01.43:196][754]LogModuleManager: Shutting down and abandoning module Media (243)
[2019.06.04-23.01.43:204][754]LogModuleManager: Shutting down and abandoning module PacketHandler (240)
[2019.06.04-23.01.43:204][754]LogModuleManager: Shutting down and abandoning module ClothingSystemEditor (238)
[2019.06.04-23.01.43:204][754]LogModuleManager: Shutting down and abandoning module ClothingSystemRuntime (236)
[2019.06.04-23.01.43:204][754]LogModuleManager: Shutting down and abandoning module MediaAssets (234)
[2019.06.04-23.01.43:204][754]LogModuleManager: Shutting down and abandoning module Overlay (232)
[2019.06.04-23.01.43:204][754]LogModuleManager: Shutting down and abandoning module OverlayEditor (231)
[2019.06.04-23.01.43:204][754]LogModuleManager: Shutting down and abandoning module VREditor (228)
[2019.06.04-23.01.43:204][754]LogModuleManager: Shutting down and abandoning module StringTableEditor (226)
[2019.06.04-23.01.43:204][754]LogModuleManager: Shutting down and abandoning module GameplayTasksEditor (224)
[2019.06.04-23.01.43:205][754]LogModuleManager: Shutting down and abandoning module BehaviorTreeEditor (222)
[2019.06.04-23.01.43:205][754]LogModuleManager: Shutting down and abandoning module FunctionalTesting (220)
[2019.06.04-23.01.43:205][754]LogModuleManager: Shutting down and abandoning module CollisionAnalyzer (218)
[2019.06.04-23.01.43:205][754]LogModuleManager: Shutting down and abandoning module WorkspaceMenuStructure (217)
[2019.06.04-23.01.43:205][754]LogModuleManager: Shutting down and abandoning module UMG (214)
[2019.06.04-23.01.43:205][754]LogModuleManager: Shutting down and abandoning module UMGEditor (213)
[2019.06.04-23.01.43:205][754]LogModuleManager: Shutting down and abandoning module Sequencer (212)
[2019.06.04-23.01.43:206][754]LogModuleManager: Shutting down and abandoning module MessageLog (209)
[2019.06.04-23.01.43:206][754]LogModuleManager: Shutting down and abandoning module SlateReflector (204)
[2019.06.04-23.01.43:206][754]LogModuleManager: Shutting down and abandoning module Slate (202)
[2019.06.04-23.01.43:206][754]LogModuleManager: Shutting down and abandoning module EditorStyle (200)
[2019.06.04-23.01.43:212][754]LogModuleManager: Shutting down and abandoning module MRMesh (198)
[2019.06.04-23.01.43:212][754]LogModuleManager: Shutting down and abandoning module SourceCodeAccess (196)
[2019.06.04-23.01.43:212][754]LogModuleManager: Shutting down and abandoning module HeadMountedDisplay (194)
[2019.06.04-23.01.43:212][754]LogModuleManager: Shutting down and abandoning module XAudio2 (192)
[2019.06.04-23.01.43:212][754]LogModuleManager: Shutting down and abandoning module Networking (190)
[2019.06.04-23.01.43:212][754]LogModuleManager: Shutting down and abandoning module Core (188)
[2019.06.04-23.01.43:212][754]LogModuleManager: Shutting down and abandoning module LevelSequence (186)
[2019.06.04-23.01.43:212][754]LogModuleManager: Shutting down and abandoning module KismetCompiler (184)
[2019.06.04-23.01.43:212][754]LogModuleManager: Shutting down and abandoning module MeshUtilities (182)
[2019.06.04-23.01.43:213][754]LogModuleManager: Shutting down and abandoning module MeshMergeUtilities (181)
[2019.06.04-23.01.43:213][754]LogModuleManager: Shutting down and abandoning module MeshReductionInterface (180)
[2019.06.04-23.01.43:213][754]LogModuleManager: Shutting down and abandoning module SimplygonSwarm (179)
[2019.06.04-23.01.43:213][754]LogModuleManager: Shutting down and abandoning module ProxyLODMeshReduction (177)
[2019.06.04-23.01.43:213][754]LogModuleManager: Shutting down and abandoning module SimplygonMeshReduction (175)
[2019.06.04-23.01.43:213][754]LogModuleManager: Shutting down and abandoning module QuadricMeshReduction (173)
[2019.06.04-23.01.43:213][754]LogModuleManager: Shutting down and abandoning module MaterialBaking (169)
[2019.06.04-23.01.43:213][754]LogModuleManager: Shutting down and abandoning module DirectoryWatcher (165)
[2019.06.04-23.01.43:214][754]LogModuleManager: Shutting down and abandoning module DerivedDataCache (162)
[2019.06.04-23.01.43:299][754]LogDerivedDataCache: Shutdown
[2019.06.04-23.01.43:299][754]LogModuleManager: Shutting down and abandoning module XGEController (160)
[2019.06.04-23.01.43:299][754]LogModuleManager: Shutting down and abandoning module TargetPlatform (158)
[2019.06.04-23.01.43:299][754]LogModuleManager: Shutting down and abandoning module VulkanShaderFormat (157)
[2019.06.04-23.01.43:299][754]LogModuleManager: Shutting down and abandoning module ShaderFormatVectorVM (155)
[2019.06.04-23.01.43:299][754]LogModuleManager: Shutting down and abandoning module ShaderFormatOpenGL (153)
[2019.06.04-23.01.43:299][754]LogModuleManager: Shutting down and abandoning module ShaderFormatD3D (151)
[2019.06.04-23.01.43:299][754]LogModuleManager: Shutting down and abandoning module MetalShaderFormat (149)
[2019.06.04-23.01.43:300][754]LogModuleManager: Shutting down and abandoning module TextureFormatUncompressed (147)
[2019.06.04-23.01.43:300][754]LogModuleManager: Shutting down and abandoning module TextureFormatPVR (145)
[2019.06.04-23.01.43:300][754]LogModuleManager: Shutting down and abandoning module TextureFormatDXT (143)
[2019.06.04-23.01.43:300][754]LogModuleManager: Shutting down and abandoning module TextureFormatIntelISPCTexComp (141)
[2019.06.04-23.01.43:300][754]LogModuleManager: Shutting down and abandoning module TextureFormatASTC (139)
[2019.06.04-23.01.43:300][754]LogModuleManager: Shutting down and abandoning module ImageWrapper (138)
[2019.06.04-23.01.43:300][754]LogModuleManager: Shutting down and abandoning module TextureFormatAndroid (135)
[2019.06.04-23.01.43:300][754]LogModuleManager: Shutting down and abandoning module AudioFormatOpus (133)
[2019.06.04-23.01.43:300][754]LogModuleManager: Shutting down and abandoning module AudioFormatOgg (131)
[2019.06.04-23.01.43:301][754]LogModuleManager: Shutting down and abandoning module AudioFormatADPCM (129)
[2019.06.04-23.01.43:301][754]LogModuleManager: Shutting down and abandoning module LuminTargetPlatform (127)
[2019.06.04-23.01.43:301][754]LogModuleManager: Shutting down and abandoning module LinuxTargetPlatform (125)
[2019.06.04-23.01.43:301][754]LogModuleManager: Shutting down and abandoning module LinuxServerTargetPlatform (123)
[2019.06.04-23.01.43:301][754]LogModuleManager: Shutting down and abandoning module LinuxNoEditorTargetPlatform (121)
[2019.06.04-23.01.43:301][754]LogModuleManager: Shutting down and abandoning module LinuxClientTargetPlatform (119)
[2019.06.04-23.01.43:301][754]LogModuleManager: Shutting down and abandoning module TVOSTargetPlatform (117)
[2019.06.04-23.01.43:303][754]LogModuleManager: Shutting down and abandoning module Messaging (115)
[2019.06.04-23.01.43:303][754]LogModuleManager: Shutting down and abandoning module IOSTargetPlatform (113)
[2019.06.04-23.01.43:305][754]LogModuleManager: Shutting down and abandoning module HTML5TargetPlatform (111)
[2019.06.04-23.01.43:306][754]LogModuleManager: Shutting down and abandoning module AndroidTargetPlatform (109)
[2019.06.04-23.01.43:322][754]LogModuleManager: Shutting down and abandoning module WindowsTargetPlatform (107)
[2019.06.04-23.01.43:322][754]LogModuleManager: Shutting down and abandoning module WindowsServerTargetPlatform (105)
[2019.06.04-23.01.43:323][754]LogModuleManager: Shutting down and abandoning module WindowsNoEditorTargetPlatform (103)
[2019.06.04-23.01.43:323][754]LogModuleManager: Shutting down and abandoning module WindowsClientTargetPlatform (101)
[2019.06.04-23.01.43:323][754]LogModuleManager: Shutting down and abandoning module MacTargetPlatform (99)
[2019.06.04-23.01.43:323][754]LogModuleManager: Shutting down and abandoning module MacServerTargetPlatform (97)
[2019.06.04-23.01.43:323][754]LogModuleManager: Shutting down and abandoning module MacNoEditorTargetPlatform (95)
[2019.06.04-23.01.43:323][754]LogModuleManager: Shutting down and abandoning module MacClientTargetPlatform (93)
[2019.06.04-23.01.43:323][754]LogModuleManager: Shutting down and abandoning module AllDesktopTargetPlatform (91)
[2019.06.04-23.01.43:323][754]LogModuleManager: Shutting down and abandoning module InputCore (88)
[2019.06.04-23.01.43:323][754]LogModuleManager: Shutting down and abandoning module Settings (86)
[2019.06.04-23.01.43:324][754]LogModuleManager: Shutting down and abandoning module PhysXCooking (84)
[2019.06.04-23.01.43:324][754]LogModuleManager: Shutting down and abandoning module SteamVR (82)
[2019.06.04-23.01.43:324][754]LogModuleManager: Shutting down and abandoning module OculusHMD (80)
[2019.06.04-23.01.43:324][754]LogModuleManager: Shutting down and abandoning module ExampleDeviceProfileSelector (78)
[2019.06.04-23.01.43:324][754]LogModuleManager: Shutting down and abandoning module LauncherChunkInstaller (76)
[2019.06.04-23.01.43:324][754]LogModuleManager: Shutting down and abandoning module OnlineBlueprintSupport (74)
[2019.06.04-23.01.43:324][754]LogModuleManager: Shutting down and abandoning module OnlineSubsystem (70)
[2019.06.04-23.01.43:326][754]LogModuleManager: Shutting down and abandoning module XMPP (65)
[2019.06.04-23.01.43:327][754]LogModuleManager: Shutting down and abandoning module WebSockets (64)
[2019.06.04-23.01.43:334][754]LogModuleManager: Shutting down and abandoning module HTTP (61)
[2019.06.04-23.01.43:334][754]LogHttp: Display: Http module shutting down, but needs to wait on 1 outstanding Http requests:
[2019.06.04-23.01.43:335][754]LogHttp: Display: 	verb=[POST] url=[https://datarouter.ol.epicgames.com/datarouter/api/v1/public/data?SessionID=%7BB96B847B-4B4F-931B-460D-00B346F51A4C%7D&AppID=UEEditor.Rocket.Release&AppVersion=4.20.3-4369336%2B%2B%2BUE4%2BRelease-4.20&UserID=9b29537f452c926b6d42d7ba59dc43a5%7C99111d3f98fa4922b8ab73a19ccc6a3e%7C6d965ffd-0bb3-49ba-9dad-afc3a8f13133&AppEnvironment=datacollector-binary&UploadType=eteventstream] status=Processing
[2019.06.04-23.01.43:365][754]LogModuleManager: Shutting down and abandoning module SSL (60)
[2019.06.04-23.01.43:368][754]LogModuleManager: Shutting down and abandoning module MagicLeapEmulator (56)
[2019.06.04-23.01.43:369][754]LogModuleManager: Shutting down and abandoning module MagicLeapPrivileges (54)
[2019.06.04-23.01.43:369][754]LogModuleManager: Shutting down and abandoning module MagicLeapIdentity (52)
[2019.06.04-23.01.43:369][754]LogModuleManager: Shutting down and abandoning module MagicLeapHelperVulkan (50)
[2019.06.04-23.01.43:369][754]LogModuleManager: Shutting down and abandoning module MagicLeapHelperOpenGL (48)
[2019.06.04-23.01.43:369][754]LogModuleManager: Shutting down and abandoning module MagicLeapSecureStorage (46)
[2019.06.04-23.01.43:369][754]LogModuleManager: Shutting down and abandoning module MagicLeapGestures (44)
[2019.06.04-23.01.43:369][754]LogModuleManager: Shutting down and abandoning module MagicLeapEyeTracker (42)
[2019.06.04-23.01.43:369][754]LogModuleManager: Shutting down and abandoning module MagicLeapController (40)
[2019.06.04-23.01.43:370][754]LogSlate: Slate User Destroyed.  User Index 0, Is Virtual User: 0
[2019.06.04-23.01.43:370][754]LogModuleManager: Shutting down and abandoning module MagicLeap (38)
[2019.06.04-23.01.43:370][754]LogModuleManager: Shutting down and abandoning module AnimationModifiers (36)
[2019.06.04-23.01.43:370][754]LogModuleManager: Shutting down and abandoning module PropertyEditor (35)
[2019.06.04-23.01.43:370][754]LogModuleManager: Shutting down and abandoning module AudioEditor (32)
[2019.06.04-23.01.43:371][754]LogModuleManager: Shutting down and abandoning module TextureCompressor (30)
[2019.06.04-23.01.43:371][754]LogModuleManager: Shutting down and abandoning module ShaderCore (28)
[2019.06.04-23.01.43:371][754]LogModuleManager: Shutting down and abandoning module Landscape (26)
[2019.06.04-23.01.43:371][754]LogModuleManager: Shutting down and abandoning module SlateRHIRenderer (24)
[2019.06.04-23.01.43:372][754]LogModuleManager: Shutting down and abandoning module OpenGLDrv (22)
[2019.06.04-23.01.43:372][754]LogModuleManager: Shutting down and abandoning module D3D11RHI (20)
[2019.06.04-23.01.43:372][754]LogModuleManager: Shutting down and abandoning module AnimGraphRuntime (18)
[2019.06.04-23.01.43:372][754]LogModuleManager: Shutting down and abandoning module Renderer (16)
[2019.06.04-23.01.43:373][754]LogModuleManager: Shutting down and abandoning module Engine (14)
[2019.06.04-23.01.43:373][754]LogModuleManager: Shutting down and abandoning module CoreUObject (12)
[2019.06.04-23.01.43:373][754]LogModuleManager: Shutting down and abandoning module NetworkFile (10)
[2019.06.04-23.01.43:373][754]LogModuleManager: Shutting down and abandoning module CookedIterativeFile (8)
[2019.06.04-23.01.43:373][754]LogModuleManager: Shutting down and abandoning module StreamingFile (6)
[2019.06.04-23.01.43:373][754]LogModuleManager: Shutting down and abandoning module SandboxFile (4)
[2019.06.04-23.01.43:373][754]LogModuleManager: Shutting down and abandoning module PakFile (2)
[2019.06.04-23.01.43:384][754]LogExit: Exiting.
[2019.06.04-23.01.43:406][754]Log file closed, 06/04/19 20:01:43
