Log file open, 06/11/19 19:18:31
LogWindows: Failed to load 'aqProf.dll' (GetLastError=126)
LogWindows: File 'aqProf.dll' does not exist
LogWindows: Failed to load 'VSPerf140.dll' (GetLastError=126)
LogWindows: File 'VSPerf140.dll' does not exist
LogWindows: Failed to load 'VtuneApi.dll' (GetLastError=126)
LogWindows: File 'VtuneApi.dll' does not exist
LogWindows: Failed to load 'VtuneApi32e.dll' (GetLastError=126)
LogWindows: File 'VtuneApi32e.dll' does not exist
LogInit: Display: Running engine for game: diaspora
LogPlatformFile: Not using cached read wrapper
LogTaskGraph: Started task graph with 5 named threads and 14 total threads with 3 sets of task threads.
LogStats: Stats thread started at 0.364096
LogD3D11RHI: Loaded GFSDK_Aftermath_Lib.x64.dll
LogICUInternationalization: Display: ICU TimeZone Detection - Raw Offset: -3:00, Platform Override: ''
LogPluginManager: Mounting plugin Paper2D
LogPluginManager: Mounting plugin AISupport
LogPluginManager: Mounting plugin LightPropagationVolume
LogPluginManager: Mounting plugin CLionSourceCodeAccess
LogPluginManager: Mounting plugin CodeLiteSourceCodeAccess
LogPluginManager: Mounting plugin GitSourceControl
LogPluginManager: Mounting plugin KDevelopSourceCodeAccess
LogPluginManager: Mounting plugin NullSourceCodeAccess
LogPluginManager: Mounting plugin PerforceSourceControl
LogPluginManager: Mounting plugin SubversionSourceControl
LogPluginManager: Mounting plugin UObjectPlugin
LogPluginManager: Mounting plugin VisualStudioCodeSourceCodeAccess
LogPluginManager: Mounting plugin VisualStudioSourceCodeAccess
LogPluginManager: Mounting plugin XCodeSourceCodeAccess
LogPluginManager: Mounting plugin AssetManagerEditor
LogPluginManager: Mounting plugin CryptoKeys
LogPluginManager: Mounting plugin DataValidation
LogPluginManager: Mounting plugin FacialAnimation
LogPluginManager: Mounting plugin GameplayTagsEditor
LogPluginManager: Mounting plugin MacGraphicsSwitching
LogPluginManager: Mounting plugin MeshEditor
LogPluginManager: Mounting plugin MobileLauncherProfileWizard
LogPluginManager: Mounting plugin PluginBrowser
LogPluginManager: Mounting plugin SpeedTreeImporter
LogPluginManager: Mounting plugin DatasmithContent
LogPluginManager: Mounting plugin AlembicImporter
LogPluginManager: Mounting plugin AppleImageUtils
LogPluginManager: Mounting plugin AppleVision
LogPluginManager: Mounting plugin BackChannel
LogPluginManager: Mounting plugin CharacterAI
LogPluginManager: Mounting plugin GeometryCache
LogPluginManager: Mounting plugin HTML5Networking
LogPluginManager: Mounting plugin ProxyLODPlugin
LogPluginManager: Mounting plugin MagicLeap
LogPluginManager: Mounting plugin MagicLeapEmulator
LogPluginManager: Mounting plugin MagicLeapMedia
LogPluginManager: Mounting plugin AndroidMedia
LogPluginManager: Mounting plugin AvfMedia
LogPluginManager: Mounting plugin ImgMedia
LogPluginManager: Mounting plugin LinearTimecode
LogPluginManager: Mounting plugin MediaCompositing
LogPluginManager: Mounting plugin MediaPlayerEditor
LogPluginManager: Mounting plugin WmfMedia
LogPluginManager: Mounting plugin TcpMessaging
LogPluginManager: Mounting plugin UdpMessaging
LogPluginManager: Mounting plugin ActorSequence
LogPluginManager: Mounting plugin LevelSequenceEditor
LogPluginManager: Mounting plugin MatineeToLevelSequence
LogPluginManager: Mounting plugin NetcodeUnitTest
LogPluginManager: Mounting plugin NUTUnrealEngine4
LogPluginManager: Mounting plugin OnlineSubsystemGooglePlay
LogPluginManager: Mounting plugin OnlineSubsystemIOS
LogPluginManager: Mounting plugin OnlineSubsystem
LogPluginManager: Mounting plugin OnlineSubsystemNull
LogPluginManager: Mounting plugin OnlineSubsystemUtils
LogPluginManager: Mounting plugin LauncherChunkInstaller
LogPluginManager: Mounting plugin AndroidDeviceProfileSelector
LogPluginManager: Mounting plugin AndroidMoviePlayer
LogPluginManager: Mounting plugin AndroidPermission
LogPluginManager: Mounting plugin AppleMoviePlayer
LogPluginManager: Mounting plugin ArchVisCharacter
LogPluginManager: Mounting plugin AudioCapture
LogPluginManager: Mounting plugin CableComponent
LogPluginManager: Mounting plugin CustomMeshComponent
LogPluginManager: Mounting plugin EditableMesh
LogPluginManager: Mounting plugin ExampleDeviceProfileSelector
LogPluginManager: Mounting plugin GoogleCloudMessaging
LogPluginManager: Mounting plugin ImmediatePhysics
LogPluginManager: Mounting plugin IOSDeviceProfileSelector
LogPluginManager: Mounting plugin LinuxDeviceProfileSelector
LogPluginManager: Mounting plugin LocationServicesBPLibrary
LogPluginManager: Mounting plugin MobilePatchingUtils
LogPluginManager: Mounting plugin OculusVR
LogPluginManager: Plugin shader directory ../../../Engine/Plugins/Runtime/Oculus/OculusVR/Shaders found
LogPluginManager: Mapping shader source directory ../../../Engine/Plugins/Runtime/Oculus/OculusVR/Shaders to virtual directory /Plugin/OculusVR
LogPluginManager: Mounting plugin PhysXVehicles
LogPluginManager: Mounting plugin ProceduralMeshComponent
LogPluginManager: Mounting plugin RuntimePhysXCooking
LogPluginManager: Mounting plugin SteamVR
LogPluginManager: Mounting plugin WindowsMoviePlayer
LogStreaming: Display: Took  0.095s to configure plugins.
LogInit: Using libcurl 7.55.1-DEV
LogInit:  - built for x86_64-pc-win32
LogInit:  - supports SSL with OpenSSL/1.0.2h
LogInit:  - supports HTTP deflate (compression) using libz 1.2.8
LogInit:  - other features:
LogInit:      CURL_VERSION_SSL
LogInit:      CURL_VERSION_LIBZ
LogInit:      CURL_VERSION_IPV6
LogInit:      CURL_VERSION_ASYNCHDNS
LogInit:      CURL_VERSION_LARGEFILE
LogInit:      CURL_VERSION_IDN
LogInit:  CurlRequestOptions (configurable via config and command line):
LogInit:  - bVerifyPeer = false  - Libcurl will NOT verify peer certificate
LogInit:  - bUseHttpProxy = false  - Libcurl will NOT use HTTP proxy
LogInit:  - bDontReuseConnections = false  - Libcurl will reuse connections
LogInit:  - CertBundlePath = nullptr  - Libcurl will use whatever was configured at build time.
LogInit:  - MaxHostConnections = 16  - Libcurl will limit the number of connections to a host
LogInit:  - LocalHostAddr = Default
LogInit:  - BufferSize = 65536
LogInit: WinSock: version 1.1 (2.2), MaxSocks=32767, MaxUdp=65467
LogInit: Build: ++UE4+Release-4.20-CL-4369336
LogInit: Engine Version: 4.20.3-4369336+++UE4+Release-4.20
LogInit: Compatible Engine Version: 4.20.0-4212847+++UE4+Release-4.20
LogInit: Net CL: 4212847
LogInit: OS: Windows 10 (), CPU: Intel(R) Core(TM) i5-7600 CPU @ 3.50GHz, GPU: Intel(R) HD Graphics 630
LogInit: Compiled (64-bit): Sep 17 2018 12:26:19
LogInit: Compiled with Visual C++: 19.13.26129.00
LogInit: Build Configuration: Development
LogInit: Branch Name: ++UE4+Release-4.20
LogInit: Command Line:  
LogInit: Base Directory: C:/Program Files/Epic Games/UE_4.20/Engine/Binaries/Win64/
LogInit: Installed Engine Build: 1
LogDevObjectVersion: Number of dev versions registered: 20
LogDevObjectVersion:   Dev-Blueprints (B0D832E4-1F89-4F0D-ACCF-7EB736FD4AA2): 10
LogDevObjectVersion:   Dev-Build (E1C64328-A22C-4D53-A36C-8E866417BD8C): 0
LogDevObjectVersion:   Dev-Core (375EC13C-06E4-48FB-B500-84F0262A717E): 2
LogDevObjectVersion:   Dev-Editor (E4B068ED-F494-42E9-A231-DA0B2E46BB41): 24
LogDevObjectVersion:   Dev-Framework (CFFC743F-43B0-4480-9391-14DF171D2073): 34
LogDevObjectVersion:   Dev-Mobile (B02B49B5-BB20-44E9-A304-32B752E40360): 2
LogDevObjectVersion:   Dev-Networking (A4E4105C-59A1-49B5-A7C5-40C4547EDFEE): 0
LogDevObjectVersion:   Dev-Online (39C831C9-5AE6-47DC-9A44-9C173E1C8E7C): 0
LogDevObjectVersion:   Dev-Physics (78F01B33-EBEA-4F98-B9B4-84EACCB95AA2): 0
LogDevObjectVersion:   Dev-Platform (6631380F-2D4D-43E0-8009-CF276956A95A): 0
LogDevObjectVersion:   Dev-Rendering (12F88B9F-8875-4AFC-A67C-D90C383ABD29): 26
LogDevObjectVersion:   Dev-Sequencer (7B5AE74C-D270-4C10-A958-57980B212A5A): 9
LogDevObjectVersion:   Dev-VR (D7296918-1DD6-4BDD-9DE2-64A83CC13884): 2
LogDevObjectVersion:   Dev-LoadTimes (C2A15278-BFE7-4AFE-6C17-90FF531DF755): 1
LogDevObjectVersion:   Private-Geometry (6EACA3D4-40EC-4CC1-B786-8BED09428FC5): 3
LogDevObjectVersion:   Dev-AnimPhys (29E575DD-E0A3-4627-9D10-D276232CDCEA): 17
LogDevObjectVersion:   Dev-ReflectionCapture (6B266CEC-1EC7-4B8F-A30B-E4D90942FC07): 1
LogDevObjectVersion:   Dev-Automation (0DF73D61-A23F-47EA-B727-89E90C41499A): 1
LogDevObjectVersion:   FortniteMain (601D1886-AC64-4F84-AA16-D3DE0DEAC7D6): 12
LogDevObjectVersion:   Dev-Enterprise (9DFFBCD6-494F-0158-E221-12823C92A888): 1
LogStreaming: Display: Took  0.001s to delete old logs.
LogInit: Presizing for max 8388607 objects, including 0 objects not considered by GC, pre-allocating 0 bytes for permanent pool.
LogInit: Object subsystem initialized
[2019.06.11-22.18.31:957][  0]LogInit: Selected Device Profile: [Windows]
[2019.06.11-22.18.31:958][  0]LogInit: Applying CVar settings loaded from the selected device profile: [Windows]
[2019.06.11-22.18.31:965][  0]LogHAL: Display: Platform has ~ 8 GB [8504913920 / 8589934592 / 8], which maps to Default [LargestMinGB=32, LargerMinGB=12, DefaultMinGB=8, SmallerMinGB=6, SmallestMinGB=0)
[2019.06.11-22.18.31:967][  0]LogInit: Setting Device Profile CVar: [[r.Vulkan.UseRealUBs:1]]
[2019.06.11-22.18.31:968][  0]LogInit: Going up to parent DeviceProfile []
[2019.06.11-22.18.31:970][  0]LogInit: Computer: LABSOFT11
[2019.06.11-22.18.31:970][  0]LogInit: User: aluno
[2019.06.11-22.18.31:970][  0]LogInit: CPU Page size=4096, Cores=4
[2019.06.11-22.18.31:970][  0]LogInit: High frequency timer resolution =10.000000 MHz
[2019.06.11-22.18.31:970][  0]LogMemory: Memory total: Physical=7.9GB (8GB approx)
[2019.06.11-22.18.31:970][  0]LogMemory: Platform Memory Stats for Windows
[2019.06.11-22.18.31:970][  0]LogMemory: Process Physical Memory: 99.14 MB used, 99.15 MB peak
[2019.06.11-22.18.31:970][  0]LogMemory: Process Virtual Memory: 90.13 MB used, 90.13 MB peak
[2019.06.11-22.18.31:970][  0]LogMemory: Physical Memory: 3067.64 MB used,  5043.28 MB free, 8110.92 MB total
[2019.06.11-22.18.31:970][  0]LogMemory: Virtual Memory: 4628.74 MB used,  5043.28 MB free, 134217728.00 MB total
[2019.06.11-22.18.32:091][  0]LogInit: Using OS detected language (en-US).
[2019.06.11-22.18.32:091][  0]LogInit: Using OS detected locale (pt-BR).
[2019.06.11-22.18.32:093][  0]LogTextLocalizationManager: No specific localization for 'en-US' exists, so the 'en' localization will be used.
[2019.06.11-22.18.32:448][  0]LogStreaming: Display: Took  0.357s to InitEngineTextLocalization.
[2019.06.11-22.18.32:450][  0]LogInit: Setting process to per monitor DPI aware
[2019.06.11-22.18.32:514][  0]LogSlate: New Slate User Created.  User Index 0, Is Virtual User: 0
[2019.06.11-22.18.32:514][  0]LogSlate: Slate User Registered.  User Index 0, Is Virtual User: 0
[2019.06.11-22.18.32:928][  0]LogHMD: Failed to initialize OpenVR with code 110
[2019.06.11-22.18.32:928][  0]LogD3D11RHI: D3D11 adapters:
[2019.06.11-22.18.32:949][  0]LogD3D11RHI:    0. 'Intel(R) HD Graphics 630' (Feature Level 11_0)
[2019.06.11-22.18.32:949][  0]LogD3D11RHI:       128/0/4055 MB DedicatedVideo/DedicatedSystem/SharedSystem, Outputs:1, VendorId:0x8086
[2019.06.11-22.18.32:951][  0]LogD3D11RHI:    1. 'Microsoft Basic Render Driver' (Feature Level 11_0)
[2019.06.11-22.18.32:951][  0]LogD3D11RHI:       0/0/4055 MB DedicatedVideo/DedicatedSystem/SharedSystem, Outputs:0, VendorId:0x1414
[2019.06.11-22.18.32:951][  0]LogD3D11RHI: Chosen D3D11 Adapter: 0
[2019.06.11-22.18.32:957][  0]LogD3D11RHI: Creating new Direct3DDevice
[2019.06.11-22.18.32:957][  0]LogD3D11RHI:     GPU DeviceId: 0x5912 (for the marketing name, search the web for "GPU Device Id")
[2019.06.11-22.18.32:957][  0]LogWindows: EnumDisplayDevices:
[2019.06.11-22.18.32:957][  0]LogWindows:    0. 'Intel(R) HD Graphics 630' (P:1 D:1)
[2019.06.11-22.18.32:958][  0]LogWindows:    1. 'Intel(R) HD Graphics 630' (P:0 D:0)
[2019.06.11-22.18.32:958][  0]LogWindows:    2. 'Intel(R) HD Graphics 630' (P:0 D:0)
[2019.06.11-22.18.32:958][  0]LogWindows: DebugString: FoundDriverCount:3 
[2019.06.11-22.18.32:958][  0]LogD3D11RHI:     Adapter Name: Intel(R) HD Graphics 630
[2019.06.11-22.18.32:958][  0]LogD3D11RHI:   Driver Version: 25.20.100.6373 (internal:25.20.100.6373, unified:25.20.100.6373)
[2019.06.11-22.18.32:958][  0]LogD3D11RHI:      Driver Date: 11-18-2018
[2019.06.11-22.18.32:958][  0]LogRHI: Texture pool is 1509 MB (70% of 2155 MB)
[2019.06.11-22.18.32:974][  0]LogD3D11RHI: Async texture creation enabled
[2019.06.11-22.18.33:001][  0]LogD3D11RHI: GPU Timing Frequency: 12.000048 (Debug: 2 0)
[2019.06.11-22.18.33:007][  0]LogShaderCompilers: Guid format shader working directory is -28 characters bigger than the processId version (../../../../../../Users/aluno/Documents/pcs3539-project-diaspora/diaspora/Intermediate/Shaders/WorkingDirectory/10052/).
[2019.06.11-22.18.33:007][  0]LogShaderCompilers: Cleaned the shader compiler working directory 'C:/Users/aluno/AppData/Local/Temp/UnrealShaderWorkingDir/2850AD3A4863EB16E5024D93214D941F/'.
[2019.06.11-22.18.33:765][  0]LogTemp: Display: Loaded TP AllDesktopTargetPlatform
[2019.06.11-22.18.33:778][  0]LogTemp: Display: Loaded TP MacClientTargetPlatform
[2019.06.11-22.18.33:790][  0]LogTemp: Display: Loaded TP MacNoEditorTargetPlatform
[2019.06.11-22.18.33:803][  0]LogTemp: Display: Loaded TP MacServerTargetPlatform
[2019.06.11-22.18.33:816][  0]LogTemp: Display: Loaded TP MacTargetPlatform
[2019.06.11-22.18.33:829][  0]LogTemp: Display: Loaded TP WindowsClientTargetPlatform
[2019.06.11-22.18.33:842][  0]LogTemp: Display: Loaded TP WindowsNoEditorTargetPlatform
[2019.06.11-22.18.33:855][  0]LogTemp: Display: Loaded TP WindowsServerTargetPlatform
[2019.06.11-22.18.33:862][  0]LogTemp: Display: Loaded TP WindowsTargetPlatform
[2019.06.11-22.18.33:929][  0]LogTemp: Display: Loaded TP AndroidTargetPlatform
[2019.06.11-22.18.33:929][  0]LogTemp: Display: Loaded TP AndroidTargetPlatform
[2019.06.11-22.18.33:929][  0]LogTemp: Display: Loaded TP AndroidTargetPlatform
[2019.06.11-22.18.33:929][  0]LogTemp: Display: Loaded TP AndroidTargetPlatform
[2019.06.11-22.18.33:929][  0]LogTemp: Display: Loaded TP AndroidTargetPlatform
[2019.06.11-22.18.33:929][  0]LogTemp: Display: Loaded TP AndroidTargetPlatform
[2019.06.11-22.18.33:929][  0]LogTemp: Display: Loaded TP AndroidTargetPlatform
[2019.06.11-22.18.33:929][  0]LogTemp: Display: Loaded TP AndroidTargetPlatform
[2019.06.11-22.18.33:929][  0]LogTemp: Display: Loaded TP AndroidTargetPlatform
[2019.06.11-22.18.33:929][  0]LogTemp: Display: Loaded TP AndroidTargetPlatform
[2019.06.11-22.18.33:929][  0]LogTemp: Display: Loaded TP AndroidTargetPlatform
[2019.06.11-22.18.33:929][  0]LogTemp: Display: Loaded TP AndroidTargetPlatform
[2019.06.11-22.18.33:929][  0]LogTemp: Display: Loaded TP AndroidTargetPlatform
[2019.06.11-22.18.33:929][  0]LogTemp: Display: Loaded TP AndroidTargetPlatform
[2019.06.11-22.18.33:929][  0]LogTemp: Display: Loaded TP AndroidTargetPlatform
[2019.06.11-22.18.33:929][  0]LogTemp: Display: Loaded TP AndroidTargetPlatform
[2019.06.11-22.18.33:929][  0]LogTemp: Display: Loaded TP AndroidTargetPlatform
[2019.06.11-22.18.33:929][  0]LogTemp: Display: Loaded TP AndroidTargetPlatform
[2019.06.11-22.18.33:933][  0]LogTemp: Display: Loaded TP HTML5TargetPlatform
[2019.06.11-22.18.33:995][  0]LogTemp: Display: Loaded TP IOSTargetPlatform
[2019.06.11-22.18.33:995][  0]LogTemp: Display: Loaded TP IOSTargetPlatform
[2019.06.11-22.18.34:017][  0]LogTemp: Display: Loaded TP TVOSTargetPlatform
[2019.06.11-22.18.34:017][  0]LogTemp: Display: Loaded TP TVOSTargetPlatform
[2019.06.11-22.18.34:031][  0]LogTemp: Display: Loaded TP LinuxClientTargetPlatform
[2019.06.11-22.18.34:045][  0]LogTemp: Display: Loaded TP LinuxNoEditorTargetPlatform
[2019.06.11-22.18.34:058][  0]LogTemp: Display: Loaded TP LinuxServerTargetPlatform
[2019.06.11-22.18.34:073][  0]LogTemp: Display: Loaded TP LinuxTargetPlatform
[2019.06.11-22.18.34:083][  0]LogTemp: Display: Loaded TP LuminTargetPlatform
[2019.06.11-22.18.34:083][  0]LogTargetPlatformManager: Display: Building Assets For Windows
[2019.06.11-22.18.34:209][  0]LogXGEController: Cleaning working directory: C:/Users/aluno/AppData/Local/Temp/UnrealXGEWorkingDir/
[2019.06.11-22.18.34:209][  0]LogXGEController: Cannot use XGE Controller as Incredibuild is not installed on this machine.
[2019.06.11-22.18.34:209][  0]LogShaderCompilers: Cannot use XGE Shader Compiler as Incredibuild is not installed on this machine.
[2019.06.11-22.18.34:209][  0]LogShaderCompilers: Display: Using Local Shader Compiler.
[2019.06.11-22.18.35:078][  0]LogDerivedDataCache: Display: Max Cache Size: 512 MB
[2019.06.11-22.18.35:912][  0]LogDerivedDataCache: Loaded boot cache 0.83s 71MB C:/Users/aluno/AppData/Local/UnrealEngine/4.20/DerivedDataCache/Boot.ddc.
[2019.06.11-22.18.35:912][  0]LogDerivedDataCache: Display: Loaded Boot cache: C:/Users/aluno/AppData/Local/UnrealEngine/4.20/DerivedDataCache/Boot.ddc
[2019.06.11-22.18.35:912][  0]LogDerivedDataCache: FDerivedDataBackendGraph:  Pak pak cache file ../../../../../../Users/aluno/Documents/pcs3539-project-diaspora/diaspora/DerivedDataCache/DDC.ddp not found, will not use a pak cache.
[2019.06.11-22.18.35:912][  0]LogDerivedDataCache: Unable to find inner node Pak for hierarchical cache Hierarchy.
[2019.06.11-22.18.35:912][  0]LogDerivedDataCache: FDerivedDataBackendGraph:  CompressedPak pak cache file ../../../../../../Users/aluno/Documents/pcs3539-project-diaspora/diaspora/DerivedDataCache/Compressed.ddp not found, will not use a pak cache.
[2019.06.11-22.18.35:912][  0]LogDerivedDataCache: Unable to find inner node CompressedPak for hierarchical cache Hierarchy.
[2019.06.11-22.18.35:934][  0]LogDerivedDataCache: Display: Pak cache opened for reading ../../../Engine/DerivedDataCache/Compressed.ddp.
[2019.06.11-22.18.35:947][  0]LogDerivedDataCache: Using Local data cache path C:/Users/aluno/AppData/Local/UnrealEngine/Common/DerivedDataCache: Writable
[2019.06.11-22.18.35:947][  0]LogDerivedDataCache: Shared data cache path not found in *engine.ini, will not use an Shared cache.
[2019.06.11-22.18.35:947][  0]LogDerivedDataCache: Unable to find inner node Shared for hierarchical cache Hierarchy.
[2019.06.11-22.18.35:969][  0]LogMaterial: Verifying Global Shaders for PCD3D_SM5
[2019.06.11-22.18.35:979][  0]LogSlate: Using FreeType 2.6.0
[2019.06.11-22.18.35:985][  0]LogSlate: SlateFontServices - WITH_FREETYPE: 1, WITH_HARFBUZZ: 1
[2019.06.11-22.18.36:156][  0]LogAssetRegistry: FAssetRegistry took 0.0301 seconds to start up
[2019.06.11-22.18.36:537][  0]LogInit: Selected Device Profile: [Windows]
[2019.06.11-22.18.36:809][  0]LogSimplygon: Simplygon DLL not present - disabling.
[2019.06.11-22.18.36:847][  0]LogMeshReduction: Using SimplygonSwarm for distributed automatic mesh merging
[2019.06.11-22.18.36:848][  0]LogMeshReduction: Using ProxyLODMeshReduction for automatic mesh merging
[2019.06.11-22.18.36:849][  0]LogMeshReduction: Using QuadricMeshReduction for automatic static mesh reduction
[2019.06.11-22.18.36:849][  0]LogMeshReduction: No automatic skeletal mesh reduction module available
[2019.06.11-22.18.36:909][  0]LogNetVersion: diaspora 1.0.0, NetCL: 4212847, EngineNetVer: 5, GameNetVer: 0 (Checksum: 3376199667)
[2019.06.11-22.18.37:854][  0]LogPackageLocalizationCache: Processed 11 localized package path(s) for 2 prioritized culture(s) in 0.073484 seconds
[2019.06.11-22.18.37:862][  0]LogUObjectArray: 38425 objects as part of root set at end of initial load.
[2019.06.11-22.18.37:862][  0]LogUObjectAllocator: 6690864 out of 0 bytes used by permanent object pool.
[2019.06.11-22.18.37:862][  0]LogUObjectArray: CloseDisregardForGC: 0/0 objects in disregard for GC pool
[2019.06.11-22.18.39:673][  0]LogWmfMedia: Failed to load mf.dll
[2019.06.11-22.18.39:673][  0]LogWmfMedia: Failed to load required Windows Media Foundation libraries
[2019.06.11-22.18.39:679][  0]LogWindowsMoviePlayer: Could not load mf.dll. Library not found.
[2019.06.11-22.18.39:680][  0]LogWindowsMoviePlayer: Could not load mfplat.dll. Library not found.
[2019.06.11-22.18.39:680][  0]LogWindowsMoviePlayer: Could not load mfplay.dll. Library not found.
[2019.06.11-22.18.40:115][  0]LogTcpMessaging: Initializing TcpMessaging bridge
[2019.06.11-22.18.40:135][  0]LogUdpMessaging: Initializing bridge on interface 0.0.0.0:0 to multicast group 230.0.0.1:6666.
[2019.06.11-22.18.40:463][  0]SourceControl: Source control is disabled
[2019.06.11-22.18.40:463][  0]SourceControl: Source control is disabled
[2019.06.11-22.18.40:482][  0]SourceControl: Source control is disabled
[2019.06.11-22.18.40:489][  0]SourceControl: Source control is disabled
[2019.06.11-22.18.40:838][  0]LogAndroidPermission: UAndroidPermissionCallbackProxy::GetInstance
[2019.06.11-22.18.40:916][  0]LogOcInput: OculusInput pre-init called
[2019.06.11-22.18.41:041][  0]LogEngine: Initializing Engine...
[2019.06.11-22.18.41:043][  0]LogHMD: Failed to initialize OpenVR with code 110
[2019.06.11-22.18.41:047][  0]LogStats: UGameplayTagsManager::ConstructGameplayTagTree: ImportINI prefixes -  0.000 s
[2019.06.11-22.18.41:047][  0]LogStats: UGameplayTagsManager::ConstructGameplayTagTree: Construct from data asset -  0.000 s
[2019.06.11-22.18.41:047][  0]LogStats: UGameplayTagsManager::ConstructGameplayTagTree: ImportINI -  0.000 s
[2019.06.11-22.18.41:047][  0]LogStats: UGameplayTagsManager::ConstructGameplayTagTree: GameplayTagTreeChangedEvent.Broadcast -  0.000 s
[2019.06.11-22.18.41:292][  0]LogInit: Initializing FReadOnlyCVARCache
[2019.06.11-22.18.41:346][  0]LogAIModule: Creating AISystem for world Untitled
[2019.06.11-22.18.41:370][  0]LogInit: XAudio2 using 'Realtek Digital Output (Realtek High Definition Audio)' : 2 channels at 48 kHz using 16 bits per sample (channel mask 0x3)
[2019.06.11-22.18.41:478][  0]LogInit: FAudioDevice initialized.
[2019.06.11-22.18.41:479][  0]LogNetVersion: Set ProjectVersion to 1.0.0.0. Version Checksum will be recalculated on next use.
[2019.06.11-22.18.41:636][  0]LogDerivedDataCache: Saved boot cache 0.16s 71MB C:/Users/aluno/AppData/Local/UnrealEngine/4.20/DerivedDataCache/Boot.ddc.
[2019.06.11-22.18.41:645][  0]LogInit: Texture streaming: Enabled
[2019.06.11-22.18.41:671][  0]LogEngineSessionManager: EngineSessionManager initialized
[2019.06.11-22.18.41:689][  0]LogInit: Transaction tracking system initialized
[2019.06.11-22.18.41:752][  0]BlueprintLog: New page: Editor Load
[2019.06.11-22.18.42:017][  0]LocalizationService: Localization service is disabled
[2019.06.11-22.18.42:459][  0]LogFileCache: Scanning file cache for directory 'C:/Users/aluno/Documents/pcs3539-project-diaspora/diaspora/Content/' took 0.01s
[2019.06.11-22.18.42:459][  0]LogCook: Display: Max memory allowance for cook 16384mb min free memory 0mb
[2019.06.11-22.18.42:460][  0]LogCook: Display: Mobile HDR setting 1
[2019.06.11-22.18.42:461][  0]LogGameplayTags: Display: UGameplayTagsManager::DoneAddingNativeTags. DelegateIsBound: 0
[2019.06.11-22.18.42:461][  0]LogStats: UGameplayTagsManager::ConstructGameplayTagTree: ImportINI prefixes -  0.000 s
[2019.06.11-22.18.42:461][  0]LogStats: UGameplayTagsManager::ConstructGameplayTagTree: Construct from data asset -  0.000 s
[2019.06.11-22.18.42:461][  0]LogStats: UGameplayTagsManager::ConstructGameplayTagTree: ImportINI -  0.000 s
[2019.06.11-22.18.42:461][  0]LogStats: UGameplayTagsManager::ConstructGameplayTagTree: GameplayTagTreeChangedEvent.Broadcast -  0.000 s
[2019.06.11-22.18.43:203][  0]SourceControl: Source control is disabled
[2019.06.11-22.18.43:204][  0]Cmd: MAP LOAD FILE="../../../Engine/Content/Maps/Templates/Template_Default.umap" TEMPLATE=1 SHOWPROGRESS=1 FEATURELEVEL=3
[2019.06.11-22.18.43:208][  0]LightingResults: New page: Lighting Build
[2019.06.11-22.18.43:226][  0]MapCheck: New page: Map Check
[2019.06.11-22.18.43:226][  0]LightingResults: New page: Lighting Build
[2019.06.11-22.18.43:551][  0]LogAIModule: Creating AISystem for world Untitled_1
[2019.06.11-22.18.43:580][  0]LogEditorServer: Finished looking for orphan Actors (0.000 secs)
[2019.06.11-22.18.43:603][  0]Cmd: MAP CHECKDEP NOCLEARLOG
[2019.06.11-22.18.43:651][  0]MapCheck: Map check complete: 0 Error(s), 0 Warning(s), took 47,454ms to complete.
[2019.06.11-22.18.43:651][  0]LogFileHelpers: Loading map 'Template_Default' took 0.448
[2019.06.11-22.18.43:804][  0]LogSlate: Updating window title bar state: overlay mode, drag disabled, window buttons hidden, title bar hidden
[2019.06.11-22.18.43:811][  0]LogSlate: Updating window title bar state: overlay mode, drag disabled, window buttons hidden, title bar hidden
[2019.06.11-22.18.43:817][  0]LogSlate: Updating window title bar state: overlay mode, drag disabled, window buttons hidden, title bar hidden
[2019.06.11-22.18.43:823][  0]LogSlate: Updating window title bar state: overlay mode, drag disabled, window buttons hidden, title bar hidden
[2019.06.11-22.18.43:843][  0]LogCollectionManager: Loaded 0 collections in 0.001451 seconds
[2019.06.11-22.18.43:909][  0]LogFileCache: Scanning file cache for directory 'C:/Users/aluno/Documents/pcs3539-project-diaspora/diaspora/Saved/Collections/' took 0.01s
[2019.06.11-22.18.43:909][  0]LogFileCache: Scanning file cache for directory 'C:/Users/aluno/Documents/pcs3539-project-diaspora/diaspora/Content/Developers/aluno/Collections/' took 0.01s
[2019.06.11-22.18.43:909][  0]LogFileCache: Scanning file cache for directory 'C:/Users/aluno/Documents/pcs3539-project-diaspora/diaspora/Content/Collections/' took 0.01s
[2019.06.11-22.18.43:909][  0]LogCollectionManager: Rebuilt the GUID cache for 0 collections in 0.000000 seconds
[2019.06.11-22.18.43:920][  0]LogContentBrowser: Native class hierarchy populated in 0.0094 seconds. Added 2572 classes and 603 folders.
[2019.06.11-22.18.43:938][  0]LogContentBrowser: Native class hierarchy updated for 'WidgetCarousel' in 0.0002 seconds. Added 0 classes and 0 folders.
[2019.06.11-22.18.44:072][  0]LogContentBrowser: Native class hierarchy updated for 'AddContentDialog' in 0.0002 seconds. Added 0 classes and 0 folders.
[2019.06.11-22.18.44:089][  0]LogContentBrowser: Native class hierarchy updated for 'SceneOutliner' in 0.0003 seconds. Added 1 classes and 2 folders.
[2019.06.11-22.18.44:161][  0]LogSlate: Took 0.001398 seconds to synchronously load lazily loaded font '../../../Engine/Content/Slate/Fonts/Roboto-Regular.ttf' (155K)
[2019.06.11-22.18.44:166][  0]LogSlate: Took 0.002313 seconds to synchronously load lazily loaded font '../../../Engine/Content/Slate/Fonts/Roboto-Bold.ttf' (160K)
[2019.06.11-22.18.44:175][  0]LogSlate: Took 0.001423 seconds to synchronously load lazily loaded font '../../../Engine/Content/Editor/Slate/Fonts/FontAwesome.ttf' (139K)
[2019.06.11-22.18.44:267][  0]LogRenderer: Reallocating scene render targets to support 744x456 Format 10 NumSamples 1 (Frame:1).
[2019.06.11-22.18.44:549][  0]LogContentBrowser: Native class hierarchy updated for 'HierarchicalLODOutliner' in 0.0002 seconds. Added 0 classes and 0 folders.
[2019.06.11-22.18.44:549][  0]LogLoad: (Engine Initialization) Total time: 17.76 seconds
[2019.06.11-22.18.44:549][  0]LogLoad: (Engine Initialization) Total Blueprint compile time: 0.00 seconds
[2019.06.11-22.18.44:584][  0]LogContentStreaming: Texture pool size now 1000 MB
[2019.06.11-22.18.44:600][  0]LogSlate: Took 0.002615 seconds to synchronously load lazily loaded font '../../../Engine/Content/Slate/Fonts/Roboto-Light.ttf' (167K)
[2019.06.11-22.18.44:634][  1]LogAssetRegistry: Asset discovery search completed in 8.5003 seconds
[2019.06.11-22.18.44:635][  1]LogCollectionManager: Rebuilt the object cache for 0 collections in 0.000000 seconds (found 0 objects)
[2019.06.11-22.18.44:635][  1]LogCollectionManager: Fixed up redirectors for 0 collections in 0.000047 seconds (updated 0 objects)
[2019.06.11-22.20.12:493][589]LogSlate: FSceneViewport::OnFocusLost() reason 2
[2019.06.11-22.20.36:874][510]LogSlate: FSceneViewport::OnFocusLost() reason 2
[2019.06.11-22.20.36:919][514]LogSlate: FSceneViewport::OnFocusLost() reason 2
[2019.06.11-22.21.00:598][303]LogInit: XAudio2 using 'Realtek HD Audio 2nd output (Realtek High Definition Audio)' : 2 channels at 48 kHz using 32 bits per sample (channel mask 0x3)
[2019.06.11-22.21.01:536][400]LogAudio: Warning: Current Audio Device with ID {0.0.0.00000000}.{1a6aeb67-90b2-4e42-a88b-89bf4aeec05f} was removed. Shutting down audio device.
[2019.06.11-22.21.01:570][400]LogInit: XAudio2 using 'Realtek Digital Output (Realtek High Definition Audio)' : 2 channels at 48 kHz using 16 bits per sample (channel mask 0x3)
[2019.06.11-22.21.03:343][468]Cmd: MAP LOAD FILE="../../../../../../Users/aluno/Documents/pcs3539-project-diaspora/diaspora/Content/Maps/base.umap" TEMPLATE=0 SHOWPROGRESS=1 FEATURELEVEL=3
[2019.06.11-22.21.03:349][468]LogSlate: Took 0.000918 seconds to synchronously load lazily loaded font '../../../Engine/Content/Slate/Fonts/Roboto-Light.ttf' (167K)
[2019.06.11-22.21.03:372][468]LightingResults: New page: Lighting Build
[2019.06.11-22.21.03:373][468]LoadErrors: New page: Loading map: base.umap
[2019.06.11-22.21.03:375][468]MapCheck: New page: Map Check
[2019.06.11-22.21.03:375][468]LightingResults: New page: Lighting Build
[2019.06.11-22.21.03:478][468]LogAIModule: Creating AISystem for world base
[2019.06.11-22.21.03:495][468]LogEditorServer: Finished looking for orphan Actors (0.000 secs)
[2019.06.11-22.21.03:532][468]Cmd: MAP CHECKDEP NOCLEARLOG
[2019.06.11-22.21.03:584][468]MapCheck: Map check complete: 0 Error(s), 0 Warning(s), took 52,109ms to complete.
[2019.06.11-22.21.03:584][468]LogFileHelpers: Loading map 'base' took 0.243
[2019.06.11-22.21.03:586][468]LogSlate: Window 'Open Level' being destroyed
[2019.06.11-22.21.51:193][360]LogEditorViewport: Clicking on Actor (LMB): StaticMeshActor (Sphere2)
[2019.06.11-22.22.15:656][144]LogEditorViewport: Clicking on Actor (LMB): StaticMeshActor (Sphere2)
[2019.06.11-22.22.15:737][145]LogEditorViewport: Clicking on Component (LMB): StaticMeshComponent (StaticMeshComponent0)
[2019.06.11-22.22.16:753][185]LogEditorViewport: Clicking on Component (context menu): StaticMeshComponent (StaticMeshComponent0)
[2019.06.11-22.22.16:800][185]LogSlate: FSceneViewport::OnFocusLost() reason 2
[2019.06.11-22.22.24:437][ 65]LogAssetEditorManager: Opening Asset editor for LevelScriptBlueprint /Game/Maps/base.base:PersistentLevel.base
[2019.06.11-22.22.24:896][ 65]LogContentBrowser: Native class hierarchy updated for 'BlueprintGraph' in 0.0005 seconds. Added 116 classes and 0 folders.
[2019.06.11-22.22.25:506][ 65]LogSlate: Took 0.002069 seconds to synchronously load lazily loaded font '../../../Engine/Content/Slate/Fonts/Roboto-BoldCondensed.ttf' (158K)
[2019.06.11-22.22.52:470][642]LogSlate: Window 'base* - Level Blueprint Editor' being destroyed
[2019.06.11-22.23.07:164][139]LogSlate: FSceneViewport::OnFocusLost() reason 0
[2019.06.11-22.29.45:866][637]LogFactory: FactoryCreateFile: StaticMesh with FbxFactory (0 0 ../../../../../../Users/aluno/Documents/pcs3539-project-diaspora/Blender/Nature Planet/naturev1.fbx)
[2019.06.11-22.29.45:933][637]LogFbx: Loading FBX Scene from ../../../../../../Users/aluno/Documents/pcs3539-project-diaspora/Blender/Nature Planet/naturev1.fbx
[2019.06.11-22.29.46:054][637]LogFbx: FBX Scene Loaded Succesfully
[2019.06.11-22.29.49:622][637]LogSlate: Window 'FBX Import Options' being destroyed
[2019.06.11-22.29.50:006][637]LogMaterial: Display: Missing cached shader map for material Material_001, compiling. 
[2019.06.11-22.29.50:061][637]LogShaderCompilers: Display: Shaders left to compile 22
[2019.06.11-22.29.50:062][637]LogShaderCompilers: Display: Shaders left to compile 12
[2019.06.11-22.29.50:062][637]LogShaderCompilers: Display: Shaders left to compile 2
[2019.06.11-22.29.50:064][637]LogMaterial: Display: Missing cached shader map for material Material_002, compiling. 
[2019.06.11-22.29.50:080][637]LogMaterial: Display: Missing cached shader map for material Material_003, compiling. 
[2019.06.11-22.29.50:098][637]LogMaterial: Display: Missing cached shader map for material Material_005, compiling. 
[2019.06.11-22.29.50:114][637]LogMaterial: Display: Missing cached shader map for material Material_007, compiling. 
[2019.06.11-22.29.50:157][637]LogFbx: Warning: Triangulating static mesh Planet
[2019.06.11-22.29.58:329][637]LogShaderCompilers: Display: Shaders left to compile 88
[2019.06.11-22.29.58:329][637]LogShaderCompilers: Display: Shaders left to compile 78
[2019.06.11-22.29.58:329][637]LogShaderCompilers: Display: Shaders left to compile 68
[2019.06.11-22.29.58:329][637]LogShaderCompilers: Display: Shaders left to compile 58
[2019.06.11-22.29.58:329][637]LogShaderCompilers: Display: Shaders left to compile 48
[2019.06.11-22.29.58:329][637]LogShaderCompilers: Display: Shaders left to compile 38
[2019.06.11-22.29.58:329][637]LogShaderCompilers: Display: Shaders left to compile 28
[2019.06.11-22.29.58:329][637]LogShaderCompilers: Display: Shaders left to compile 18
[2019.06.11-22.29.58:329][637]LogShaderCompilers: Display: Shaders left to compile 8
[2019.06.11-22.29.58:636][637]LogStaticMesh: Building static mesh naturev1...
[2019.06.11-22.29.59:005][637]LogStaticMesh: Built static mesh [0.37s] /Game/naturev1.naturev1
[2019.06.11-22.29.59:038][637]LogStaticMesh: Warning: naturev1 has degenerate tangent bases which will result in incorrect shading.  MikkTSpace relies on tangent bases and may result in mesh corruption, consider disabling this option.
[2019.06.11-22.29.59:038][637]LogStaticMesh: Warning: naturev1 has some nearly zero bi-normals which can create some issues. (Tolerance of 1E-4)
[2019.06.11-22.29.59:084][637]FBXImport: Warning: No smoothing group information was found in this FBX scene.  Please make sure to enable the 'Export Smoothing Groups' option in the FBX Exporter plug-in before exporting the file.  Even for tools that don't support smoothing groups, the FBX Exporter will generate appropriate smoothing data at export-time so that correct vertex normals can be inferred while importing. 
[2019.06.11-22.29.59:084][637]FBXImport: Warning: naturev1 has degenerate tangent bases which will result in incorrect shading.  MikkTSpace relies on tangent bases and may result in mesh corruption, consider disabling this option. 
[2019.06.11-22.29.59:084][637]FBXImport: Warning: naturev1 has some nearly zero bi-normals which can create some issues. (Tolerance of 1E-4) 
[2019.06.11-22.30.02:822][763]LogSlate: Window 'Message Log' being destroyed
[2019.06.11-22.30.02:833][763]LogSlate: Window 'Message Log' being destroyed
[2019.06.11-22.30.06:539][886]LogActorFactory: Actor Factory created naturev1
[2019.06.11-22.30.07:413][919]LogActorFactory: Actor Factory created naturev1
[2019.06.11-22.30.16:119][254]LogSlate: Took 0.002453 seconds to synchronously load lazily loaded font '../../../Engine/Content/Slate/Fonts/Roboto-Italic.ttf' (157K)
[2019.06.11-22.30.16:923][269]LogSlate: FSceneViewport::OnFocusLost() reason 0
[2019.06.11-22.30.20:636][338]LogEditorViewport: Clicking Background
[2019.06.11-22.30.25:884][550]LogEditorViewport: Clicking on Actor (LMB): StaticMeshActor (naturev1)
[2019.06.11-22.30.30:170][626]LogSlate: FSceneViewport::OnFocusLost() reason 0
[2019.06.11-22.30.34:948][714]LogEditorViewport: Clicking on Actor (LMB): StaticMeshActor (naturev1)
[2019.06.11-22.30.35:426][731]LogEditorViewport: Clicking on Actor (LMB): StaticMeshActor (naturev1)
[2019.06.11-22.30.36:184][761]Cmd: DELETE
[2019.06.11-22.30.36:184][761]Cmd: ACTOR DELETE
[2019.06.11-22.30.36:210][761]LogEditorActor: Deleted Actor: StaticMeshActor
[2019.06.11-22.30.36:252][761]LogEditorActor: Deleted 1 Actors (0.052 secs)
[2019.06.11-22.30.37:724][794]LogSlate: FSceneViewport::OnFocusLost() reason 0
[2019.06.11-22.30.44:650][349]LogSlate: Window 'Delete Assets' being destroyed
[2019.06.11-22.30.48:184][376]LogFactory: FactoryCreateFile: StaticMesh with FbxFactory (0 0 ../../../../../../Users/aluno/Documents/pcs3539-project-diaspora/Blender/Nature Planet/naturev1.fbx)
[2019.06.11-22.30.48:210][376]LogFbx: Loading FBX Scene from ../../../../../../Users/aluno/Documents/pcs3539-project-diaspora/Blender/Nature Planet/naturev1.fbx
[2019.06.11-22.30.48:325][376]LogFbx: FBX Scene Loaded Succesfully
[2019.06.11-22.30.57:419][376]LogSlate: Window 'FBX Import Options' being destroyed
[2019.06.11-22.30.57:456][376]LogMaterial: Display: Missing cached shader map for material Material_001, compiling. 
[2019.06.11-22.30.57:471][376]LogMaterial: Display: Missing cached shader map for material Material_002, compiling. 
[2019.06.11-22.30.57:482][376]LogShaderCompilers: Display: Shaders left to compile 22
[2019.06.11-22.30.57:482][376]LogShaderCompilers: Display: Shaders left to compile 12
[2019.06.11-22.30.57:482][376]LogShaderCompilers: Display: Shaders left to compile 2
[2019.06.11-22.30.57:487][376]LogMaterial: Display: Missing cached shader map for material Material_003, compiling. 
[2019.06.11-22.30.57:502][376]LogMaterial: Display: Missing cached shader map for material Material_005, compiling. 
[2019.06.11-22.30.57:517][376]LogMaterial: Display: Missing cached shader map for material Material_007, compiling. 
[2019.06.11-22.30.57:529][376]LogFbx: Warning: Triangulating static mesh Planet
[2019.06.11-22.31.06:511][376]LogShaderCompilers: Display: Shaders left to compile 88
[2019.06.11-22.31.06:511][376]LogShaderCompilers: Display: Shaders left to compile 78
[2019.06.11-22.31.06:511][376]LogShaderCompilers: Display: Shaders left to compile 68
[2019.06.11-22.31.06:511][376]LogShaderCompilers: Display: Shaders left to compile 58
[2019.06.11-22.31.06:511][376]LogShaderCompilers: Display: Shaders left to compile 48
[2019.06.11-22.31.06:511][376]LogShaderCompilers: Display: Shaders left to compile 38
[2019.06.11-22.31.06:511][376]LogShaderCompilers: Display: Shaders left to compile 28
[2019.06.11-22.31.06:511][376]LogShaderCompilers: Display: Shaders left to compile 18
[2019.06.11-22.31.06:511][376]LogShaderCompilers: Display: Shaders left to compile 8
[2019.06.11-22.31.07:562][376]LogStaticMesh: Building static mesh naturev1...
[2019.06.11-22.31.10:413][376]LogStaticMesh: Built static mesh [2.85s] /Game/naturev1.naturev1
[2019.06.11-22.31.10:941][376]LogStaticMesh: Warning: naturev1 has degenerate tangent bases which will result in incorrect shading.  MikkTSpace relies on tangent bases and may result in mesh corruption, consider disabling this option.
[2019.06.11-22.31.10:941][376]LogStaticMesh: Warning: naturev1 has some nearly zero bi-normals which can create some issues. (Tolerance of 1E-4)
[2019.06.11-22.31.11:451][376]FBXImport: Warning: No smoothing group information was found in this FBX scene.  Please make sure to enable the 'Export Smoothing Groups' option in the FBX Exporter plug-in before exporting the file.  Even for tools that don't support smoothing groups, the FBX Exporter will generate appropriate smoothing data at export-time so that correct vertex normals can be inferred while importing. 
[2019.06.11-22.31.11:451][376]FBXImport: Warning: naturev1 has degenerate tangent bases which will result in incorrect shading.  MikkTSpace relies on tangent bases and may result in mesh corruption, consider disabling this option. 
[2019.06.11-22.31.11:451][376]FBXImport: Warning: naturev1 has some nearly zero bi-normals which can create some issues. (Tolerance of 1E-4) 
[2019.06.11-22.31.14:287][513]LogSlate: Window 'Message Log' being destroyed
[2019.06.11-22.31.14:294][513]LogSlate: Window 'Message Log' being destroyed
[2019.06.11-22.31.15:992][542]LogActorFactory: Actor Factory created naturev1
[2019.06.11-22.31.16:774][570]LogActorFactory: Actor Factory created naturev1
[2019.06.11-22.31.22:228][728]LogSlate: FSceneViewport::OnFocusLost() reason 2
[2019.06.11-22.31.22:406][728]LogSavePackage: Moving '../../../../../../Users/aluno/Documents/pcs3539-project-diaspora/diaspora/Saved/base_Auto16E203BFC4581A3E191836F9620A56617.tmp' to '../../../../../../Users/aluno/Documents/pcs3539-project-diaspora/diaspora/Saved/Autosaves/Game/Maps/base_Auto1.umap'
[2019.06.11-22.31.22:409][728]LogFileHelpers: Editor autosave (incl. sublevels) for '/Game/Maps/base' took 0.137
[2019.06.11-22.31.22:409][728]LogFileHelpers: Editor autosave (incl. sublevels) for all levels took 0.137
[2019.06.11-22.31.22:412][728]OBJ SavePackage: Generating thumbnails for [1] asset(s) in package [/Game/Material_007] ([1] browsable assets)...
[2019.06.11-22.31.22:441][728]OBJ SavePackage:     Rendered thumbnail for [Material /Game/Material_007.Material_007]
[2019.06.11-22.31.22:441][728]OBJ SavePackage: Finished generating thumbnails for package [/Game/Material_007]
[2019.06.11-22.31.22:454][728]LogSavePackage: Moving '../../../../../../Users/aluno/Documents/pcs3539-project-diaspora/diaspora/Saved/Material_007_Auto1E837285B4FF93EC821647B84D51B3B73.tmp' to '../../../../../../Users/aluno/Documents/pcs3539-project-diaspora/diaspora/Saved/Autosaves/Game/Material_007_Auto1.uasset'
[2019.06.11-22.31.22:455][728]OBJ SavePackage: Generating thumbnails for [1] asset(s) in package [/Game/Material_005] ([1] browsable assets)...
[2019.06.11-22.31.22:481][728]OBJ SavePackage:     Rendered thumbnail for [Material /Game/Material_005.Material_005]
[2019.06.11-22.31.22:481][728]OBJ SavePackage: Finished generating thumbnails for package [/Game/Material_005]
[2019.06.11-22.31.22:491][728]LogSavePackage: Moving '../../../../../../Users/aluno/Documents/pcs3539-project-diaspora/diaspora/Saved/Material_005_Auto1A013EB874F704A604305B2B4D185B707.tmp' to '../../../../../../Users/aluno/Documents/pcs3539-project-diaspora/diaspora/Saved/Autosaves/Game/Material_005_Auto1.uasset'
[2019.06.11-22.31.22:493][728]OBJ SavePackage: Generating thumbnails for [1] asset(s) in package [/Game/Material_003] ([1] browsable assets)...
[2019.06.11-22.31.22:519][728]OBJ SavePackage:     Rendered thumbnail for [Material /Game/Material_003.Material_003]
[2019.06.11-22.31.22:520][728]OBJ SavePackage: Finished generating thumbnails for package [/Game/Material_003]
[2019.06.11-22.31.22:529][728]LogSavePackage: Moving '../../../../../../Users/aluno/Documents/pcs3539-project-diaspora/diaspora/Saved/Material_003_Auto1052895674CD4EED92CF789B82A39CB0E.tmp' to '../../../../../../Users/aluno/Documents/pcs3539-project-diaspora/diaspora/Saved/Autosaves/Game/Material_003_Auto1.uasset'
[2019.06.11-22.31.22:530][728]OBJ SavePackage: Generating thumbnails for [1] asset(s) in package [/Game/Material_002] ([1] browsable assets)...
[2019.06.11-22.31.22:557][728]OBJ SavePackage:     Rendered thumbnail for [Material /Game/Material_002.Material_002]
[2019.06.11-22.31.22:557][728]OBJ SavePackage: Finished generating thumbnails for package [/Game/Material_002]
[2019.06.11-22.31.22:568][728]LogSavePackage: Moving '../../../../../../Users/aluno/Documents/pcs3539-project-diaspora/diaspora/Saved/Material_002_Auto1B54B3C70473C8570B87529AD8268C229.tmp' to '../../../../../../Users/aluno/Documents/pcs3539-project-diaspora/diaspora/Saved/Autosaves/Game/Material_002_Auto1.uasset'
[2019.06.11-22.31.22:569][728]OBJ SavePackage: Generating thumbnails for [1] asset(s) in package [/Game/Material_001] ([1] browsable assets)...
[2019.06.11-22.31.22:603][728]OBJ SavePackage:     Rendered thumbnail for [Material /Game/Material_001.Material_001]
[2019.06.11-22.31.22:603][728]OBJ SavePackage: Finished generating thumbnails for package [/Game/Material_001]
[2019.06.11-22.31.22:614][728]LogSavePackage: Moving '../../../../../../Users/aluno/Documents/pcs3539-project-diaspora/diaspora/Saved/Material_001_Auto1516C5D274BE7F4568FA2A799B4D91A63.tmp' to '../../../../../../Users/aluno/Documents/pcs3539-project-diaspora/diaspora/Saved/Autosaves/Game/Material_001_Auto1.uasset'
[2019.06.11-22.31.22:615][728]OBJ SavePackage: Generating thumbnails for [1] asset(s) in package [/Game/naturev1] ([1] browsable assets)...
[2019.06.11-22.31.22:654][728]OBJ SavePackage:     Rendered thumbnail for [StaticMesh /Game/naturev1.naturev1]
[2019.06.11-22.31.22:654][728]OBJ SavePackage: Finished generating thumbnails for package [/Game/naturev1]
[2019.06.11-22.31.22:654][728]Cmd: OBJ SAVEPACKAGE PACKAGE="/Game/naturev1" FILE="../../../../../../Users/aluno/Documents/pcs3539-project-diaspora/diaspora/Saved/Autosaves/Game/naturev1_Auto1.uasset" SILENT=false AUTOSAVING=true
[2019.06.11-22.31.22:783][728]LogSavePackage: Moving '../../../../../../Users/aluno/Documents/pcs3539-project-diaspora/diaspora/Saved/naturev1_Auto1C782DDB14D089D4C6667FCBEB1C8558A.tmp' to '../../../../../../Users/aluno/Documents/pcs3539-project-diaspora/diaspora/Saved/Autosaves/Game/naturev1_Auto1.uasset'
[2019.06.11-22.31.22:879][728]LogFileHelpers: Auto-saving content packages took 0.467
[2019.06.11-22.31.33:590][ 54]LogSlate: FSceneViewport::OnFocusLost() reason 0
[2019.06.11-22.31.43:295][380]LogSlate: FSceneViewport::OnFocusLost() reason 0
[2019.06.11-22.31.50:914][600]LogSlate: Window 'Delete Assets' being destroyed
[2019.06.11-22.31.56:210][658]LogEditorActor: Deleted Actor: StaticMeshActor
[2019.06.11-22.31.56:252][658]LogEditorActor: Deleted 1 Actors (0.047 secs)
[2019.06.11-22.31.59:445][728]LogFactory: FactoryCreateFile: StaticMesh with FbxFactory (0 0 ../../../../../../Users/aluno/Documents/pcs3539-project-diaspora/Blender/Nature Planet/naturev1.fbx)
[2019.06.11-22.31.59:470][728]LogFbx: Loading FBX Scene from ../../../../../../Users/aluno/Documents/pcs3539-project-diaspora/Blender/Nature Planet/naturev1.fbx
[2019.06.11-22.31.59:586][728]LogFbx: FBX Scene Loaded Succesfully
[2019.06.11-22.32.01:099][728]LogSlate: Window 'FBX Import Options' being destroyed
[2019.06.11-22.32.01:125][728]LogMaterial: Display: Missing cached shader map for material Material_001, compiling. 
[2019.06.11-22.32.01:140][728]LogMaterial: Display: Missing cached shader map for material Material_002, compiling. 
[2019.06.11-22.32.01:150][728]LogShaderCompilers: Display: Shaders left to compile 22
[2019.06.11-22.32.01:150][728]LogShaderCompilers: Display: Shaders left to compile 12
[2019.06.11-22.32.01:150][728]LogShaderCompilers: Display: Shaders left to compile 2
[2019.06.11-22.32.01:155][728]LogMaterial: Display: Missing cached shader map for material Material_003, compiling. 
[2019.06.11-22.32.01:170][728]LogMaterial: Display: Missing cached shader map for material Material_005, compiling. 
[2019.06.11-22.32.01:185][728]LogMaterial: Display: Missing cached shader map for material Material_007, compiling. 
[2019.06.11-22.32.01:197][728]LogFbx: Warning: Triangulating static mesh Planet
[2019.06.11-22.32.09:818][728]LogShaderCompilers: Display: Shaders left to compile 88
[2019.06.11-22.32.09:818][728]LogShaderCompilers: Display: Shaders left to compile 78
[2019.06.11-22.32.09:818][728]LogShaderCompilers: Display: Shaders left to compile 68
[2019.06.11-22.32.09:818][728]LogShaderCompilers: Display: Shaders left to compile 58
[2019.06.11-22.32.09:818][728]LogShaderCompilers: Display: Shaders left to compile 48
[2019.06.11-22.32.09:818][728]LogShaderCompilers: Display: Shaders left to compile 38
[2019.06.11-22.32.09:818][728]LogShaderCompilers: Display: Shaders left to compile 28
[2019.06.11-22.32.09:818][728]LogShaderCompilers: Display: Shaders left to compile 18
[2019.06.11-22.32.09:818][728]LogShaderCompilers: Display: Shaders left to compile 8
[2019.06.11-22.32.10:893][728]LogStaticMesh: Building static mesh naturev1...
[2019.06.11-22.32.13:721][728]LogStaticMesh: Built static mesh [2.83s] /Game/naturev1.naturev1
[2019.06.11-22.32.14:222][728]LogStaticMesh: Warning: naturev1 has degenerate tangent bases which will result in incorrect shading.  MikkTSpace relies on tangent bases and may result in mesh corruption, consider disabling this option.
[2019.06.11-22.32.14:223][728]LogStaticMesh: Warning: naturev1 has some nearly zero bi-normals which can create some issues. (Tolerance of 1E-4)
[2019.06.11-22.32.14:729][728]FBXImport: Warning: No smoothing group information was found in this FBX scene.  Please make sure to enable the 'Export Smoothing Groups' option in the FBX Exporter plug-in before exporting the file.  Even for tools that don't support smoothing groups, the FBX Exporter will generate appropriate smoothing data at export-time so that correct vertex normals can be inferred while importing. 
[2019.06.11-22.32.14:729][728]FBXImport: Warning: naturev1 has degenerate tangent bases which will result in incorrect shading.  MikkTSpace relies on tangent bases and may result in mesh corruption, consider disabling this option. 
[2019.06.11-22.32.14:729][728]FBXImport: Warning: naturev1 has some nearly zero bi-normals which can create some issues. (Tolerance of 1E-4) 
[2019.06.11-22.32.17:248][796]LogSlate: Window 'Message Log' being destroyed
[2019.06.11-22.32.17:258][796]LogSlate: Window 'Message Log' being destroyed
[2019.06.11-22.32.28:288][206]LogSlate: FSceneViewport::OnFocusLost() reason 0
[2019.06.11-22.32.28:526][217]LogActorFactory: Actor Factory created naturev1
[2019.06.11-22.32.29:329][245]LogActorFactory: Actor Factory created naturev1
[2019.06.11-22.33.10:594][516]LogEditorViewport: Clicking on Actor (LMB): StaticMeshActor (Sphere2)
[2019.06.11-22.33.13:049][596]LogEditorViewport: Clicking on Actor (LMB): StaticMeshActor (naturev1)
[2019.06.11-22.33.14:840][649]LogEditorViewport: Clicking on Actor (LMB): StaticMeshActor (Sphere2)
[2019.06.11-22.33.16:693][709]LogEditorViewport: Clicking on Actor (LMB): StaticMeshActor (naturev1)
[2019.06.11-22.33.17:694][722]LogSlate: FSceneViewport::OnFocusLost() reason 0
[2019.06.11-22.33.22:133][788]LogEditorViewport: Clicking Background
[2019.06.11-22.33.23:453][833]LogEditorViewport: Clicking on Actor (LMB): StaticMeshActor (naturev1)
[2019.06.11-22.33.30:933][ 61]LogSlate: FSceneViewport::OnFocusLost() reason 0
[2019.06.11-22.33.44:361][269]LogEditorViewport: Clicking Background
[2019.06.11-22.33.45:687][317]LogEditorViewport: Clicking on Actor (LMB): StaticMeshActor (naturev1)
[2019.06.11-22.33.53:877][571]LogSlate: FSceneViewport::OnFocusLost() reason 0
[2019.06.11-22.34.00:025][674]LogEditorViewport: Clicking Background
[2019.06.11-22.34.02:324][758]LogSlate: FSceneViewport::OnFocusLost() reason 0
[2019.06.11-22.34.12:618][945]LogEditorViewport: Clicking Background
[2019.06.11-22.34.14:219][  3]LogEditorViewport: Clicking on Actor (LMB): StaticMeshActor (naturev1)
[2019.06.11-22.34.15:374][ 29]LogSlate: FSceneViewport::OnFocusLost() reason 0
[2019.06.11-22.34.23:235][226]LogEditorViewport: Clicking on Actor (LMB): StaticMeshActor (Sphere2)
[2019.06.11-22.34.26:295][315]LogEditorViewport: Clicking on Actor (LMB): StaticMeshActor (naturev1)
[2019.06.11-22.34.29:354][394]LogSlate: FSceneViewport::OnFocusLost() reason 0
[2019.06.11-22.34.38:135][664]LogEditorViewport: Clicking on Actor (LMB): StaticMeshActor (naturev1)
[2019.06.11-22.35.30:920][337]LogEditorViewport: Clicking Background
[2019.06.11-22.41.22:956][104]LogSlate: FSceneViewport::OnFocusLost() reason 2
[2019.06.11-22.41.23:207][104]LogSavePackage: Moving '../../../../../../Users/aluno/Documents/pcs3539-project-diaspora/diaspora/Saved/base_Auto290B2A0BB44BE8BC3E1B14695D37BFABE.tmp' to '../../../../../../Users/aluno/Documents/pcs3539-project-diaspora/diaspora/Saved/Autosaves/Game/Maps/base_Auto2.umap'
[2019.06.11-22.41.23:209][104]LogFileHelpers: Editor autosave (incl. sublevels) for '/Game/Maps/base' took 0.213
[2019.06.11-22.41.23:209][104]LogFileHelpers: Editor autosave (incl. sublevels) for all levels took 0.213
[2019.06.11-22.41.23:211][104]OBJ SavePackage: Generating thumbnails for [1] asset(s) in package [/Game/Material_007] ([1] browsable assets)...
[2019.06.11-22.41.23:245][104]OBJ SavePackage:     Rendered thumbnail for [Material /Game/Material_007.Material_007]
[2019.06.11-22.41.23:245][104]OBJ SavePackage: Finished generating thumbnails for package [/Game/Material_007]
[2019.06.11-22.41.23:255][104]LogSavePackage: Moving '../../../../../../Users/aluno/Documents/pcs3539-project-diaspora/diaspora/Saved/Material_007_Auto27C9D94054617989C84A0AFAEC6C19CCA.tmp' to '../../../../../../Users/aluno/Documents/pcs3539-project-diaspora/diaspora/Saved/Autosaves/Game/Material_007_Auto2.uasset'
[2019.06.11-22.41.23:257][104]OBJ SavePackage: Generating thumbnails for [1] asset(s) in package [/Game/Material_005] ([1] browsable assets)...
[2019.06.11-22.41.23:288][104]OBJ SavePackage:     Rendered thumbnail for [Material /Game/Material_005.Material_005]
[2019.06.11-22.41.23:288][104]OBJ SavePackage: Finished generating thumbnails for package [/Game/Material_005]
[2019.06.11-22.41.23:298][104]LogSavePackage: Moving '../../../../../../Users/aluno/Documents/pcs3539-project-diaspora/diaspora/Saved/Material_005_Auto20412A75945B0FA3B04F5DDA157674DF8.tmp' to '../../../../../../Users/aluno/Documents/pcs3539-project-diaspora/diaspora/Saved/Autosaves/Game/Material_005_Auto2.uasset'
[2019.06.11-22.41.23:299][104]OBJ SavePackage: Generating thumbnails for [1] asset(s) in package [/Game/Material_001] ([1] browsable assets)...
[2019.06.11-22.41.23:332][104]OBJ SavePackage:     Rendered thumbnail for [Material /Game/Material_001.Material_001]
[2019.06.11-22.41.23:333][104]OBJ SavePackage: Finished generating thumbnails for package [/Game/Material_001]
[2019.06.11-22.41.23:342][104]LogSavePackage: Moving '../../../../../../Users/aluno/Documents/pcs3539-project-diaspora/diaspora/Saved/Material_001_Auto2F8F78E4A4224F27F597399A00CC5E6C0.tmp' to '../../../../../../Users/aluno/Documents/pcs3539-project-diaspora/diaspora/Saved/Autosaves/Game/Material_001_Auto2.uasset'
[2019.06.11-22.41.23:343][104]OBJ SavePackage: Generating thumbnails for [1] asset(s) in package [/Game/Material_003] ([1] browsable assets)...
[2019.06.11-22.41.23:375][104]OBJ SavePackage:     Rendered thumbnail for [Material /Game/Material_003.Material_003]
[2019.06.11-22.41.23:375][104]OBJ SavePackage: Finished generating thumbnails for package [/Game/Material_003]
[2019.06.11-22.41.23:384][104]LogSavePackage: Moving '../../../../../../Users/aluno/Documents/pcs3539-project-diaspora/diaspora/Saved/Material_003_Auto22B8014D3422CBF70D3DB38BFC58E28D3.tmp' to '../../../../../../Users/aluno/Documents/pcs3539-project-diaspora/diaspora/Saved/Autosaves/Game/Material_003_Auto2.uasset'
[2019.06.11-22.41.23:385][104]OBJ SavePackage: Generating thumbnails for [1] asset(s) in package [/Game/Material_002] ([1] browsable assets)...
[2019.06.11-22.41.23:417][104]OBJ SavePackage:     Rendered thumbnail for [Material /Game/Material_002.Material_002]
[2019.06.11-22.41.23:417][104]OBJ SavePackage: Finished generating thumbnails for package [/Game/Material_002]
[2019.06.11-22.41.23:428][104]LogSavePackage: Moving '../../../../../../Users/aluno/Documents/pcs3539-project-diaspora/diaspora/Saved/Material_002_Auto2AD71CE1F4032739270DF09917B2F1745.tmp' to '../../../../../../Users/aluno/Documents/pcs3539-project-diaspora/diaspora/Saved/Autosaves/Game/Material_002_Auto2.uasset'
[2019.06.11-22.41.23:429][104]OBJ SavePackage: Generating thumbnails for [1] asset(s) in package [/Game/naturev1] ([1] browsable assets)...
[2019.06.11-22.41.23:465][104]OBJ SavePackage:     Rendered thumbnail for [StaticMesh /Game/naturev1.naturev1]
[2019.06.11-22.41.23:465][104]OBJ SavePackage: Finished generating thumbnails for package [/Game/naturev1]
[2019.06.11-22.41.23:465][104]Cmd: OBJ SAVEPACKAGE PACKAGE="/Game/naturev1" FILE="../../../../../../Users/aluno/Documents/pcs3539-project-diaspora/diaspora/Saved/Autosaves/Game/naturev1_Auto2.uasset" SILENT=false AUTOSAVING=true
[2019.06.11-22.41.23:609][104]LogSavePackage: Moving '../../../../../../Users/aluno/Documents/pcs3539-project-diaspora/diaspora/Saved/naturev1_Auto29B4558A2423F840FD03EA9B67E549BDD.tmp' to '../../../../../../Users/aluno/Documents/pcs3539-project-diaspora/diaspora/Saved/Autosaves/Game/naturev1_Auto2.uasset'
[2019.06.11-22.41.23:609][104]LogFileHelpers: Auto-saving content packages took 0.399
[2019.06.11-22.56.29:457][802]LogD3D11RHI: Timed out while waiting for GPU to catch up. (0.5 s)
[2019.06.11-22.56.53:047][872]LogD3D11RHI: Timed out while waiting for GPU to catch up. (0.5 s)
[2019.06.11-22.57.01:768][898]LogD3D11RHI: Timed out while waiting for GPU to catch up. (0.5 s)
[2019.06.11-22.57.41:236][ 16]LogD3D11RHI: Timed out while waiting for GPU to catch up. (0.5 s)
[2019.06.11-22.58.03:316][ 82]LogD3D11RHI: Timed out while waiting for GPU to catch up. (0.5 s)
[2019.06.11-22.58.17:684][125]LogD3D11RHI: Timed out while waiting for GPU to catch up. (0.5 s)
[2019.06.11-22.59.46:424][390]LogD3D11RHI: Timed out while waiting for GPU to catch up. (0.5 s)
[2019.06.11-23.00.14:565][474]LogD3D11RHI: Timed out while waiting for GPU to catch up. (0.5 s)
[2019.06.11-23.00.25:283][506]LogD3D11RHI: Timed out while waiting for GPU to catch up. (0.5 s)
[2019.06.11-23.00.39:673][549]LogD3D11RHI: Timed out while waiting for GPU to catch up. (0.5 s)
[2019.06.11-23.00.48:393][575]LogD3D11RHI: Timed out while waiting for GPU to catch up. (0.5 s)
[2019.06.11-23.00.57:105][601]LogD3D11RHI: Timed out while waiting for GPU to catch up. (0.5 s)
[2019.06.11-23.01.13:531][650]LogD3D11RHI: Timed out while waiting for GPU to catch up. (0.5 s)
[2019.06.11-23.01.21:232][673]LogD3D11RHI: Timed out while waiting for GPU to catch up. (0.5 s)
[2019.06.11-23.01.48:374][754]LogD3D11RHI: Timed out while waiting for GPU to catch up. (0.5 s)
[2019.06.11-23.03.04:682][982]LogD3D11RHI: Timed out while waiting for GPU to catch up. (0.5 s)
[2019.06.11-23.03.12:384][  5]LogD3D11RHI: Timed out while waiting for GPU to catch up. (0.5 s)
[2019.06.11-23.03.22:125][ 34]LogD3D11RHI: Timed out while waiting for GPU to catch up. (0.5 s)
[2019.06.11-23.06.29:687][595]LogD3D11RHI: Timed out while waiting for GPU to catch up. (0.5 s)
[2019.06.11-23.07.43:619][816]LogD3D11RHI: Timed out while waiting for GPU to catch up. (0.5 s)
[2019.06.11-23.08.19:425][923]LogD3D11RHI: Timed out while waiting for GPU to catch up. (0.5 s)
[2019.06.11-23.08.33:799][966]LogD3D11RHI: Timed out while waiting for GPU to catch up. (0.5 s)
[2019.06.11-23.08.41:494][989]LogD3D11RHI: Timed out while waiting for GPU to catch up. (0.5 s)
[2019.06.11-23.08.58:896][ 41]LogD3D11RHI: Timed out while waiting for GPU to catch up. (0.5 s)
[2019.06.11-23.09.15:291][ 90]LogD3D11RHI: Timed out while waiting for GPU to catch up. (0.5 s)
[2019.06.11-23.09.22:978][113]LogD3D11RHI: Timed out while waiting for GPU to catch up. (0.5 s)
[2019.06.11-23.09.39:367][162]LogD3D11RHI: Timed out while waiting for GPU to catch up. (0.5 s)
[2019.06.11-23.10.02:434][231]LogD3D11RHI: Timed out while waiting for GPU to catch up. (0.5 s)
[2019.06.11-23.10.24:488][297]LogD3D11RHI: Timed out while waiting for GPU to catch up. (0.5 s)
[2019.06.11-23.11.00:957][406]LogD3D11RHI: Timed out while waiting for GPU to catch up. (0.5 s)
[2019.06.11-23.11.11:333][437]LogWindowsTextInputMethodSystem: Display: IME system now deactivated.
[2019.06.11-23.11.11:333][437]LogWindowsTextInputMethodSystem: Display: IME system now deactivated.
[2019.06.11-23.11.16:423][574]LogEditorViewport: Clicking on Actor (LMB): StaticMeshActor (naturev1)
[2019.06.11-23.11.18:465][606]LogSlate: FSceneViewport::OnFocusLost() reason 0
[2019.06.11-23.11.44:133][349]LogEditorViewport: Clicking on Actor (LMB): StaticMeshActor (naturev1)
[2019.06.11-23.11.53:026][563]LogSlate: FSceneViewport::OnFocusLost() reason 0
[2019.06.11-23.12.14:574][797]LogAssetEditorManager: Opening Asset editor for StaticMesh /Game/naturev1.naturev1
[2019.06.11-23.12.15:693][797]LogRenderer: Reallocating scene render targets to support 812x744 Format 10 NumSamples 1 (Frame:1).
[2019.06.11-23.12.26:556][943]LogSlate: FSceneViewport::OnFocusLost() reason 0
[2019.06.11-23.12.37:710][108]LogSlate: Window 'naturev1*' being destroyed
[2019.06.11-23.12.40:864][201]Cmd: OBJ SAVEPACKAGE PACKAGE="/Game/Maps/base" FILE="../../../../../../Users/aluno/Documents/pcs3539-project-diaspora/diaspora/Content/Maps/base.umap" SILENT=true AUTOSAVING=false KEEPDIRTY=false
[2019.06.11-23.12.41:009][201]LogSavePackage: Moving '../../../../../../Users/aluno/Documents/pcs3539-project-diaspora/diaspora/Saved/base0C67A05C445910600CFCAAB78E80184E.tmp' to '../../../../../../Users/aluno/Documents/pcs3539-project-diaspora/diaspora/Content/Maps/base.umap'
[2019.06.11-23.12.41:027][201]Cmd: OBJ SAVEPACKAGE PACKAGE="/Game/Maps/base_BuiltData" FILE="../../../../../../Users/aluno/Documents/pcs3539-project-diaspora/diaspora/Content/Maps/base_BuiltData.uasset" SILENT=true
[2019.06.11-23.12.41:044][201]LogSavePackage: Moving '../../../../../../Users/aluno/Documents/pcs3539-project-diaspora/diaspora/Saved/base_BuiltData99CB295B40D969B093A6C594EE7D705E.tmp' to '../../../../../../Users/aluno/Documents/pcs3539-project-diaspora/diaspora/Content/Maps/base_BuiltData.uasset'
[2019.06.11-23.12.46:721][280]LogSlate: Window 'Save Content' being destroyed
[2019.06.11-23.12.46:734][280]Cmd: OBJ SAVEPACKAGE PACKAGE="/Game/Material_001" FILE="../../../../../../Users/aluno/Documents/pcs3539-project-diaspora/diaspora/Content/Material_001.uasset" SILENT=true
[2019.06.11-23.12.46:737][280]LogSavePackage: Moving '../../../../../../Users/aluno/Documents/pcs3539-project-diaspora/diaspora/Saved/Material_001BEF303AC4622357B64C2158E62F30E6E.tmp' to '../../../../../../Users/aluno/Documents/pcs3539-project-diaspora/diaspora/Content/Material_001.uasset'
[2019.06.11-23.12.46:741][280]Cmd: OBJ SAVEPACKAGE PACKAGE="/Game/Material_002" FILE="../../../../../../Users/aluno/Documents/pcs3539-project-diaspora/diaspora/Content/Material_002.uasset" SILENT=true
[2019.06.11-23.12.46:744][280]LogSavePackage: Moving '../../../../../../Users/aluno/Documents/pcs3539-project-diaspora/diaspora/Saved/Material_002C6AF320F47937CC1F2379CB445035439.tmp' to '../../../../../../Users/aluno/Documents/pcs3539-project-diaspora/diaspora/Content/Material_002.uasset'
[2019.06.11-23.12.46:751][280]Cmd: OBJ SAVEPACKAGE PACKAGE="/Game/Material_003" FILE="../../../../../../Users/aluno/Documents/pcs3539-project-diaspora/diaspora/Content/Material_003.uasset" SILENT=true
[2019.06.11-23.12.46:754][280]LogSavePackage: Moving '../../../../../../Users/aluno/Documents/pcs3539-project-diaspora/diaspora/Saved/Material_00341A10E484956098B34D150A445E80A60.tmp' to '../../../../../../Users/aluno/Documents/pcs3539-project-diaspora/diaspora/Content/Material_003.uasset'
[2019.06.11-23.12.46:759][280]Cmd: OBJ SAVEPACKAGE PACKAGE="/Game/Material_005" FILE="../../../../../../Users/aluno/Documents/pcs3539-project-diaspora/diaspora/Content/Material_005.uasset" SILENT=true
[2019.06.11-23.12.46:761][280]LogSavePackage: Moving '../../../../../../Users/aluno/Documents/pcs3539-project-diaspora/diaspora/Saved/Material_005FB019ADE4982A8F619D150AD2743C5A9.tmp' to '../../../../../../Users/aluno/Documents/pcs3539-project-diaspora/diaspora/Content/Material_005.uasset'
[2019.06.11-23.12.46:766][280]Cmd: OBJ SAVEPACKAGE PACKAGE="/Game/Material_007" FILE="../../../../../../Users/aluno/Documents/pcs3539-project-diaspora/diaspora/Content/Material_007.uasset" SILENT=true
[2019.06.11-23.12.46:769][280]LogSavePackage: Moving '../../../../../../Users/aluno/Documents/pcs3539-project-diaspora/diaspora/Saved/Material_0078322052744FE3742C37C40BBB21CC8D6.tmp' to '../../../../../../Users/aluno/Documents/pcs3539-project-diaspora/diaspora/Content/Material_007.uasset'
[2019.06.11-23.12.46:773][280]Cmd: OBJ SAVEPACKAGE PACKAGE="/Game/naturev1" FILE="../../../../../../Users/aluno/Documents/pcs3539-project-diaspora/diaspora/Content/naturev1.uasset" SILENT=true
[2019.06.11-23.12.46:900][280]LogSavePackage: Moving '../../../../../../Users/aluno/Documents/pcs3539-project-diaspora/diaspora/Saved/naturev10072B76342310EC7A01081A8E2AE28EF.tmp' to '../../../../../../Users/aluno/Documents/pcs3539-project-diaspora/diaspora/Content/naturev1.uasset'
[2019.06.11-23.12.46:946][280]LogSlate: Window 'diaspora - Unreal Editor' being destroyed
[2019.06.11-23.12.47:173][281]Cmd: QUIT_EDITOR
[2019.06.11-23.12.47:216][281]LogWindowsTextInputMethodSystem: Display: IME system now deactivated.
[2019.06.11-23.12.47:228][281]LogExit: Preparing to exit.
[2019.06.11-23.12.47:982][281]LogExit: Editor shut down
[2019.06.11-23.12.47:983][281]LogExit: Transaction tracking system shut down
[2019.06.11-23.12.48:780][281]LogExit: Object subsystem successfully closed.
[2019.06.11-23.12.48:821][281]LogShaderCompilers: Display: Shaders left to compile 0
[2019.06.11-23.12.48:828][281]LogD3D11RHI: Shutdown
[2019.06.11-23.12.48:828][281]LogD3D11RHI: CleanupD3DDevice
[2019.06.11-23.12.48:854][281]LogD3D11RHI: ~FD3D11DynamicRHI
[2019.06.11-23.12.48:928][281]LogModuleManager: Shutting down and abandoning module StaticMeshEditor (618)
[2019.06.11-23.12.48:928][281]LogModuleManager: Shutting down and abandoning module MeshBuilder (616)
[2019.06.11-23.12.48:928][281]LogModuleManager: Shutting down and abandoning module BlueprintGraph (614)
[2019.06.11-23.12.48:928][281]LogModuleManager: Shutting down and abandoning module HierarchicalLODOutliner (612)
[2019.06.11-23.12.48:928][281]LogModuleManager: Shutting down and abandoning module SceneOutliner (610)
[2019.06.11-23.12.48:928][281]LogModuleManager: Shutting down and abandoning module AddContentDialog (608)
[2019.06.11-23.12.48:932][281]LogModuleManager: Shutting down and abandoning module WidgetCarousel (607)
[2019.06.11-23.12.48:932][281]LogModuleManager: Shutting down and abandoning module EditorWidgets (604)
[2019.06.11-23.12.48:932][281]LogModuleManager: Shutting down and abandoning module CollectionManager (602)
[2019.06.11-23.12.48:933][281]LogModuleManager: Shutting down and abandoning module HierarchicalLODUtilities (600)
[2019.06.11-23.12.48:934][281]LogModuleManager: Shutting down and abandoning module StatsViewer (598)
[2019.06.11-23.12.48:935][281]LogModuleManager: Shutting down and abandoning module FoliageEdit (596)
[2019.06.11-23.12.48:935][281]LogModuleManager: Shutting down and abandoning module LandscapeEditor (594)
[2019.06.11-23.12.48:937][281]LogModuleManager: Shutting down and abandoning module MeshPaintMode (592)
[2019.06.11-23.12.48:937][281]LogModuleManager: Shutting down and abandoning module SceneDepthPickerMode (590)
[2019.06.11-23.12.48:937][281]LogModuleManager: Shutting down and abandoning module ActorPickerMode (588)
[2019.06.11-23.12.48:937][281]LogModuleManager: Shutting down and abandoning module GeometryMode (586)
[2019.06.11-23.12.48:937][281]LogModuleManager: Shutting down and abandoning module TextureAlignMode (584)
[2019.06.11-23.12.48:937][281]LogModuleManager: Shutting down and abandoning module BspMode (582)
[2019.06.11-23.12.48:937][281]LogModuleManager: Shutting down and abandoning module PIEPreviewDeviceProfileSelector (580)
[2019.06.11-23.12.48:938][281]LogModuleManager: Shutting down and abandoning module SequenceRecorderSections (578)
[2019.06.11-23.12.48:938][281]LogModuleManager: Shutting down and abandoning module AutomationWorker (576)
[2019.06.11-23.12.48:939][281]LogModuleManager: Shutting down and abandoning module AudioCaptureEditor (574)
[2019.06.11-23.12.48:939][281]LogModuleManager: Shutting down and abandoning module SequenceRecorder (573)
[2019.06.11-23.12.48:939][281]LogModuleManager: Shutting down and abandoning module MatineeToLevelSequence (570)
[2019.06.11-23.12.48:939][281]LogModuleManager: Shutting down and abandoning module LevelSequenceEditor (568)
[2019.06.11-23.12.48:941][281]LogModuleManager: Shutting down and abandoning module PlacementMode (567)
[2019.06.11-23.12.48:941][281]LogModuleManager: Shutting down and abandoning module MaterialEditor (566)
[2019.06.11-23.12.48:944][281]LogModuleManager: Shutting down and abandoning module WmfMediaFactory (562)
[2019.06.11-23.12.48:944][281]LogModuleManager: Shutting down and abandoning module WmfMediaEditor (560)
[2019.06.11-23.12.48:944][281]LogModuleManager: Shutting down and abandoning module MediaPlayerEditor (558)
[2019.06.11-23.12.48:946][281]LogModuleManager: Shutting down and abandoning module OpenExrWrapper (556)
[2019.06.11-23.12.48:946][281]LogModuleManager: Shutting down and abandoning module ImgMediaFactory (554)
[2019.06.11-23.12.48:946][281]LogModuleManager: Shutting down and abandoning module ImgMediaEditor (552)
[2019.06.11-23.12.48:946][281]LogModuleManager: Shutting down and abandoning module AvfMediaFactory (550)
[2019.06.11-23.12.48:946][281]LogModuleManager: Shutting down and abandoning module AvfMediaEditor (548)
[2019.06.11-23.12.48:946][281]LogModuleManager: Shutting down and abandoning module AndroidMediaFactory (546)
[2019.06.11-23.12.48:946][281]LogModuleManager: Shutting down and abandoning module AndroidMediaEditor (544)
[2019.06.11-23.12.48:946][281]LogModuleManager: Shutting down and abandoning module MagicLeapCameraPreviewFactory (542)
[2019.06.11-23.12.48:946][281]LogModuleManager: Shutting down and abandoning module MagicLeapMediaFactory (540)
[2019.06.11-23.12.48:946][281]LogModuleManager: Shutting down and abandoning module MagicLeapMediaEditor (538)
[2019.06.11-23.12.48:946][281]LogModuleManager: Shutting down and abandoning module CharacterAI (536)
[2019.06.11-23.12.48:946][281]LogModuleManager: Shutting down and abandoning module SmartSnapping (534)
[2019.06.11-23.12.48:946][281]LogModuleManager: Shutting down and abandoning module SessionServices (532)
[2019.06.11-23.12.48:946][281]LogModuleManager: Shutting down and abandoning module ViewportSnapping (530)
[2019.06.11-23.12.48:946][281]LogModuleManager: Shutting down and abandoning module ViewportInteraction (528)
[2019.06.11-23.12.48:946][281]LogModuleManager: Shutting down and abandoning module ClothPainter (526)
[2019.06.11-23.12.48:948][281]LogModuleManager: Shutting down and abandoning module SkeletalMeshEditor (525)
[2019.06.11-23.12.48:950][281]LogModuleManager: Shutting down and abandoning module LogVisualizer (522)
[2019.06.11-23.12.48:952][281]LogModuleManager: Shutting down and abandoning module IntroTutorials (520)
[2019.06.11-23.12.48:953][281]LogModuleManager: Shutting down and abandoning module GameProjectGeneration (519)
[2019.06.11-23.12.48:954][281]LogModuleManager: Shutting down and abandoning module LuminPlatformEditor (516)
[2019.06.11-23.12.48:954][281]LogModuleManager: Shutting down and abandoning module IOSPlatformEditor (514)
[2019.06.11-23.12.48:955][281]LogModuleManager: Shutting down and abandoning module HTML5PlatformEditor (512)
[2019.06.11-23.12.48:955][281]LogModuleManager: Shutting down and abandoning module AndroidPlatformEditor (510)
[2019.06.11-23.12.48:955][281]LogModuleManager: Shutting down and abandoning module AndroidDeviceDetection (509)
[2019.06.11-23.12.49:038][281]LogModuleManager: Shutting down and abandoning module WindowsPlatformEditor (506)
[2019.06.11-23.12.49:038][281]LogModuleManager: Shutting down and abandoning module LuminRuntimeSettings (504)
[2019.06.11-23.12.49:038][281]LogModuleManager: Shutting down and abandoning module IOSRuntimeSettings (502)
[2019.06.11-23.12.49:038][281]LogModuleManager: Shutting down and abandoning module AndroidRuntimeSettings (500)
[2019.06.11-23.12.49:038][281]LogModuleManager: Shutting down and abandoning module InputBindingEditor (498)
[2019.06.11-23.12.49:039][281]LogModuleManager: Shutting down and abandoning module MergeActors (496)
[2019.06.11-23.12.49:040][281]LogModuleManager: Shutting down and abandoning module LocalizationDashboard (494)
[2019.06.11-23.12.49:041][281]LogModuleManager: Shutting down and abandoning module LocalizationService (493)
[2019.06.11-23.12.49:042][281]LogModuleManager: Shutting down and abandoning module HardwareTargeting (490)
[2019.06.11-23.12.49:042][281]LogModuleManager: Shutting down and abandoning module DeviceProfileEditor (488)
[2019.06.11-23.12.49:042][281]LogModuleManager: Shutting down and abandoning module UndoHistory (486)
[2019.06.11-23.12.49:042][281]LogModuleManager: Shutting down and abandoning module XmlParser (484)
[2019.06.11-23.12.49:042][281]LogModuleManager: Shutting down and abandoning module Blutility (482)
[2019.06.11-23.12.49:043][281]LogModuleManager: Shutting down and abandoning module ProjectSettingsViewer (480)
[2019.06.11-23.12.49:043][281]LogModuleManager: Shutting down and abandoning module ProjectTargetPlatformEditor (479)
[2019.06.11-23.12.49:043][281]LogModuleManager: Shutting down and abandoning module EditorSettingsViewer (476)
[2019.06.11-23.12.49:043][281]LogModuleManager: Shutting down and abandoning module SettingsEditor (474)
[2019.06.11-23.12.49:044][281]LogModuleManager: Shutting down and abandoning module ProjectLauncher (472)
[2019.06.11-23.12.49:045][281]LogModuleManager: Shutting down and abandoning module SessionFrontend (470)
[2019.06.11-23.12.49:046][281]LogModuleManager: Shutting down and abandoning module ProfilerClient (468)
[2019.06.11-23.12.49:046][281]LogModuleManager: Shutting down and abandoning module DeviceManager (466)
[2019.06.11-23.12.49:046][281]LogModuleManager: Shutting down and abandoning module TargetDeviceServices (465)
[2019.06.11-23.12.49:109][281]LogModuleManager: Shutting down and abandoning module AutomationController (462)
[2019.06.11-23.12.49:110][281]LogModuleManager: Shutting down and abandoning module AutomationWindow (460)
[2019.06.11-23.12.49:111][281]LogModuleManager: Shutting down and abandoning module Layers (458)
[2019.06.11-23.12.49:115][281]LogModuleManager: Shutting down and abandoning module ComponentVisualizers (456)
[2019.06.11-23.12.49:115][281]LogModuleManager: Shutting down and abandoning module DetailCustomizations (454)
[2019.06.11-23.12.49:115][281]LogModuleManager: Shutting down and abandoning module PackagesDialog (452)
[2019.06.11-23.12.49:115][281]LogModuleManager: Shutting down and abandoning module Persona (450)
[2019.06.11-23.12.49:116][281]LogModuleManager: Shutting down and abandoning module AdvancedPreviewScene (449)
[2019.06.11-23.12.49:116][281]LogModuleManager: Shutting down and abandoning module AnimGraph (447)
[2019.06.11-23.12.49:116][281]LogModuleManager: Shutting down and abandoning module Kismet (444)
[2019.06.11-23.12.49:122][281]LogModuleManager: Shutting down and abandoning module GraphEditor (442)
[2019.06.11-23.12.49:122][281]LogModuleManager: Shutting down and abandoning module ClassViewer (440)
[2019.06.11-23.12.49:122][281]LogModuleManager: Shutting down and abandoning module Toolbox (438)
[2019.06.11-23.12.49:122][281]LogModuleManager: Shutting down and abandoning module ModuleUI (436)
[2019.06.11-23.12.49:122][281]LogModuleManager: Shutting down and abandoning module MovieSceneTools (434)
[2019.06.11-23.12.49:123][281]LogModuleManager: Shutting down and abandoning module OutputLog (432)
[2019.06.11-23.12.49:123][281]LogModuleManager: Shutting down and abandoning module GammaUI (430)
[2019.06.11-23.12.49:124][281]LogModuleManager: Shutting down and abandoning module Documentation (428)
[2019.06.11-23.12.49:124][281]LogModuleManager: Shutting down and abandoning module MovieSceneTracks (426)
[2019.06.11-23.12.49:124][281]LogModuleManager: Shutting down and abandoning module MovieScene (424)
[2019.06.11-23.12.49:125][281]LogModuleManager: Shutting down and abandoning module StreamingPauseRendering (422)
[2019.06.11-23.12.49:125][281]LogModuleManager: Shutting down and abandoning module LauncherPlatform (420)
[2019.06.11-23.12.49:125][281]LogModuleManager: Shutting down and abandoning module AnalyticsET (418)
[2019.06.11-23.12.49:125][281]LogModuleManager: Shutting down and abandoning module PortalServices (416)
[2019.06.11-23.12.49:125][281]LogModuleManager: Shutting down and abandoning module PortalRpc (414)
[2019.06.11-23.12.49:125][281]LogModuleManager: Shutting down and abandoning module MessagingRpc (412)
[2019.06.11-23.12.49:125][281]LogModuleManager: Shutting down and abandoning module AIModule (410)
[2019.06.11-23.12.49:127][281]LogModuleManager: Shutting down and abandoning module GameplayDebugger (409)
[2019.06.11-23.12.49:127][281]LogModuleManager: Shutting down and abandoning module AITestSuite (407)
[2019.06.11-23.12.49:128][281]LogModuleManager: Shutting down and abandoning module NavigationSystem (405)
[2019.06.11-23.12.49:128][281]LogModuleManager: Shutting down and abandoning module DesktopPlatform (402)
[2019.06.11-23.12.49:129][281]LogModuleManager: Shutting down and abandoning module ProfilerService (400)
[2019.06.11-23.12.49:245][281]LogModuleManager: Shutting down and abandoning module TaskGraph (398)
[2019.06.11-23.12.49:247][281]LogModuleManager: Shutting down and abandoning module SteamVRController (396)
[2019.06.11-23.12.49:247][281]LogModuleManager: Shutting down and abandoning module ProceduralMeshComponentEditor (394)
[2019.06.11-23.12.49:247][281]LogModuleManager: Shutting down and abandoning module ProceduralMeshComponent (392)
[2019.06.11-23.12.49:247][281]LogModuleManager: Shutting down and abandoning module OculusInput (390)
[2019.06.11-23.12.49:247][281]LogModuleManager: Shutting down and abandoning module MobilePatchingUtils (388)
[2019.06.11-23.12.49:247][281]LogModuleManager: Shutting down and abandoning module EditableMesh (386)
[2019.06.11-23.12.49:248][281]LogModuleManager: Shutting down and abandoning module CustomMeshComponent (384)
[2019.06.11-23.12.49:248][281]LogModuleManager: Shutting down and abandoning module CableComponent (382)
[2019.06.11-23.12.49:248][281]LogModuleManager: Shutting down and abandoning module AudioCapture (380)
[2019.06.11-23.12.49:248][281]LogModuleManager: Shutting down and abandoning module ArchVisCharacter (378)
[2019.06.11-23.12.49:248][281]LogModuleManager: Shutting down and abandoning module AndroidPermission (376)
[2019.06.11-23.12.49:248][281]LogModuleManager: Shutting down and abandoning module NUTUnrealEngine4 (374)
[2019.06.11-23.12.49:248][281]LogModuleManager: Shutting down and abandoning module NetcodeUnitTest (372)
[2019.06.11-23.12.49:250][281]LogModuleManager: Shutting down and abandoning module MediaCompositingEditor (370)
[2019.06.11-23.12.49:250][281]LogModuleManager: Shutting down and abandoning module MediaCompositing (368)
[2019.06.11-23.12.49:250][281]LogModuleManager: Shutting down and abandoning module LinearTimecode (366)
[2019.06.11-23.12.49:250][281]LogModuleManager: Shutting down and abandoning module ImgMedia (364)
[2019.06.11-23.12.49:256][281]LogModuleManager: Shutting down and abandoning module Media (363)
[2019.06.11-23.12.49:262][281]LogModuleManager: Shutting down and abandoning module HTML5Networking (360)
[2019.06.11-23.12.49:262][281]LogModuleManager: Shutting down and abandoning module GeometryCacheTracks (358)
[2019.06.11-23.12.49:262][281]LogModuleManager: Shutting down and abandoning module GeometryCacheSequencer (356)
[2019.06.11-23.12.49:262][281]LogModuleManager: Shutting down and abandoning module BackChannel (354)
[2019.06.11-23.12.49:262][281]LogModuleManager: Shutting down and abandoning module AppleVision (352)
[2019.06.11-23.12.49:262][281]LogModuleManager: Shutting down and abandoning module AppleImageUtils (350)
[2019.06.11-23.12.49:262][281]LogModuleManager: Shutting down and abandoning module AlembicImporter (348)
[2019.06.11-23.12.49:262][281]LogModuleManager: Shutting down and abandoning module AlembicLibrary (347)
[2019.06.11-23.12.49:262][281]LogModuleManager: Shutting down and abandoning module GeometryCache (346)
[2019.06.11-23.12.49:262][281]LogModuleManager: Shutting down and abandoning module GeometryCacheEd (345)
[2019.06.11-23.12.49:262][281]LogModuleManager: Shutting down and abandoning module DatasmithContentEditor (340)
[2019.06.11-23.12.49:263][281]LogModuleManager: Shutting down and abandoning module DatasmithContent (338)
[2019.06.11-23.12.49:263][281]LogModuleManager: Shutting down and abandoning module SpeedTreeImporter (336)
[2019.06.11-23.12.49:263][281]LogModuleManager: Shutting down and abandoning module PluginBrowser (334)
[2019.06.11-23.12.49:266][281]LogModuleManager: Shutting down and abandoning module MobileLauncherProfileWizard (332)
[2019.06.11-23.12.49:267][281]LogModuleManager: Shutting down and abandoning module PolygonModeling (330)
[2019.06.11-23.12.49:267][281]LogModuleManager: Shutting down and abandoning module MeshEditor (328)
[2019.06.11-23.12.49:267][281]LogModuleManager: Shutting down and abandoning module CryptoKeysOpenSSL (326)
[2019.06.11-23.12.49:268][281]LogModuleManager: Shutting down and abandoning module CryptoKeys (324)
[2019.06.11-23.12.49:268][281]LogModuleManager: Shutting down and abandoning module VisualStudioSourceCodeAccess (322)
[2019.06.11-23.12.49:268][281]LogModuleManager: Shutting down and abandoning module VisualStudioCodeSourceCodeAccess (320)
[2019.06.11-23.12.49:268][281]LogModuleManager: Shutting down and abandoning module UObjectPlugin (318)
[2019.06.11-23.12.49:268][281]LogModuleManager: Shutting down and abandoning module SubversionSourceControl (316)
[2019.06.11-23.12.49:268][281]LogModuleManager: Shutting down and abandoning module PerforceSourceControl (314)
[2019.06.11-23.12.49:270][281]LogModuleManager: Shutting down and abandoning module GitSourceControl (312)
[2019.06.11-23.12.49:272][281]LogModuleManager: Shutting down and abandoning module SourceControl (311)
[2019.06.11-23.12.49:272][281]LogModuleManager: Shutting down and abandoning module CLionSourceCodeAccess (308)
[2019.06.11-23.12.49:272][281]LogModuleManager: Shutting down and abandoning module LightPropagationVolumeEditor (306)
[2019.06.11-23.12.49:272][281]LogModuleManager: Shutting down and abandoning module PaperTiledImporter (304)
[2019.06.11-23.12.49:272][281]LogModuleManager: Shutting down and abandoning module PaperSpriteSheetImporter (302)
[2019.06.11-23.12.49:272][281]LogModuleManager: Shutting down and abandoning module Paper2DEditor (300)
[2019.06.11-23.12.49:274][281]LogModuleManager: Shutting down and abandoning module MeshPaint (299)
[2019.06.11-23.12.49:275][281]LogModuleManager: Shutting down and abandoning module RuntimePhysXCooking (296)
[2019.06.11-23.12.49:275][281]LogModuleManager: Shutting down and abandoning module PhysXVehiclesEditor (294)
[2019.06.11-23.12.49:275][281]LogModuleManager: Shutting down and abandoning module PhysXVehicles (292)
[2019.06.11-23.12.49:275][281]LogModuleManager: Shutting down and abandoning module OculusEditor (290)
[2019.06.11-23.12.49:275][281]LogModuleManager: Shutting down and abandoning module LocationServicesBPLibrary (288)
[2019.06.11-23.12.49:275][281]LogModuleManager: Shutting down and abandoning module ImmediatePhysicsEditor (286)
[2019.06.11-23.12.49:275][281]LogModuleManager: Shutting down and abandoning module ImmediatePhysics (284)
[2019.06.11-23.12.49:276][281]LogModuleManager: Shutting down and abandoning module ActorSequence (282)
[2019.06.11-23.12.49:276][281]LogModuleManager: Shutting down and abandoning module UdpMessaging (280)
[2019.06.11-23.12.49:377][281]LogModuleManager: Shutting down and abandoning module TcpMessaging (278)
[2019.06.11-23.12.49:477][281]LogModuleManager: Shutting down and abandoning module MagicLeapAudio (276)
[2019.06.11-23.12.49:477][281]LogModuleManager: Shutting down and abandoning module GameplayTagsEditor (274)
[2019.06.11-23.12.49:479][281]LogModuleManager: Shutting down and abandoning module FacialAnimationEditor (272)
[2019.06.11-23.12.49:479][281]LogModuleManager: Shutting down and abandoning module FacialAnimation (270)
[2019.06.11-23.12.49:479][281]LogModuleManager: Shutting down and abandoning module DataValidation (268)
[2019.06.11-23.12.49:479][281]LogModuleManager: Shutting down and abandoning module AssetManagerEditor (266)
[2019.06.11-23.12.49:480][281]LogModuleManager: Shutting down and abandoning module LevelEditor (265)
[2019.06.11-23.12.49:482][281]LogModuleManager: Shutting down and abandoning module PixelInspectorModule (264)
[2019.06.11-23.12.49:482][281]LogModuleManager: Shutting down and abandoning module CommonMenuExtensions (262)
[2019.06.11-23.12.49:483][281]LogModuleManager: Shutting down and abandoning module MainFrame (260)
[2019.06.11-23.12.49:483][281]LogModuleManager: Shutting down and abandoning module HotReload (259)
[2019.06.11-23.12.49:484][281]LogModuleManager: Shutting down and abandoning module ContentBrowser (255)
[2019.06.11-23.12.49:486][281]LogModuleManager: Shutting down and abandoning module TreeMap (253)
[2019.06.11-23.12.49:486][281]LogModuleManager: Shutting down and abandoning module LightPropagationVolumeRuntime (250)
[2019.06.11-23.12.49:486][281]LogModuleManager: Shutting down and abandoning module AISupportModule (248)
[2019.06.11-23.12.49:486][281]LogModuleManager: Shutting down and abandoning module Paper2D (246)
[2019.06.11-23.12.49:487][281]LogModuleManager: Shutting down and abandoning module WindowsMoviePlayer (244)
[2019.06.11-23.12.49:487][281]LogModuleManager: Shutting down and abandoning module WmfMedia (242)
[2019.06.11-23.12.49:488][281]LogModuleManager: Shutting down and abandoning module PacketHandler (240)
[2019.06.11-23.12.49:488][281]LogModuleManager: Shutting down and abandoning module ClothingSystemEditor (238)
[2019.06.11-23.12.49:488][281]LogModuleManager: Shutting down and abandoning module ClothingSystemRuntime (236)
[2019.06.11-23.12.49:489][281]LogModuleManager: Shutting down and abandoning module MediaAssets (234)
[2019.06.11-23.12.49:489][281]LogModuleManager: Shutting down and abandoning module Overlay (232)
[2019.06.11-23.12.49:489][281]LogModuleManager: Shutting down and abandoning module OverlayEditor (231)
[2019.06.11-23.12.49:489][281]LogModuleManager: Shutting down and abandoning module VREditor (228)
[2019.06.11-23.12.49:490][281]LogModuleManager: Shutting down and abandoning module StringTableEditor (226)
[2019.06.11-23.12.49:491][281]LogModuleManager: Shutting down and abandoning module GameplayTasksEditor (224)
[2019.06.11-23.12.49:491][281]LogModuleManager: Shutting down and abandoning module BehaviorTreeEditor (222)
[2019.06.11-23.12.49:493][281]LogModuleManager: Shutting down and abandoning module FunctionalTesting (220)
[2019.06.11-23.12.49:494][281]LogModuleManager: Shutting down and abandoning module CollisionAnalyzer (218)
[2019.06.11-23.12.49:495][281]LogModuleManager: Shutting down and abandoning module WorkspaceMenuStructure (217)
[2019.06.11-23.12.49:496][281]LogModuleManager: Shutting down and abandoning module UMG (214)
[2019.06.11-23.12.49:496][281]LogModuleManager: Shutting down and abandoning module UMGEditor (213)
[2019.06.11-23.12.49:498][281]LogModuleManager: Shutting down and abandoning module Sequencer (212)
[2019.06.11-23.12.49:502][281]LogModuleManager: Shutting down and abandoning module MessageLog (209)
[2019.06.11-23.12.49:502][281]LogModuleManager: Shutting down and abandoning module SlateReflector (204)
[2019.06.11-23.12.49:505][281]LogModuleManager: Shutting down and abandoning module Slate (202)
[2019.06.11-23.12.49:505][281]LogModuleManager: Shutting down and abandoning module EditorStyle (200)
[2019.06.11-23.12.49:507][281]LogModuleManager: Shutting down and abandoning module MRMesh (198)
[2019.06.11-23.12.49:507][281]LogModuleManager: Shutting down and abandoning module SourceCodeAccess (196)
[2019.06.11-23.12.49:508][281]LogModuleManager: Shutting down and abandoning module HeadMountedDisplay (194)
[2019.06.11-23.12.49:508][281]LogModuleManager: Shutting down and abandoning module XAudio2 (192)
[2019.06.11-23.12.49:508][281]LogModuleManager: Shutting down and abandoning module Networking (190)
[2019.06.11-23.12.49:508][281]LogModuleManager: Shutting down and abandoning module Core (188)
[2019.06.11-23.12.49:508][281]LogModuleManager: Shutting down and abandoning module LevelSequence (186)
[2019.06.11-23.12.49:508][281]LogModuleManager: Shutting down and abandoning module KismetCompiler (184)
[2019.06.11-23.12.49:508][281]LogModuleManager: Shutting down and abandoning module MeshUtilities (182)
[2019.06.11-23.12.49:509][281]LogModuleManager: Shutting down and abandoning module MeshMergeUtilities (181)
[2019.06.11-23.12.49:509][281]LogModuleManager: Shutting down and abandoning module MeshReductionInterface (180)
[2019.06.11-23.12.49:509][281]LogModuleManager: Shutting down and abandoning module SimplygonSwarm (179)
[2019.06.11-23.12.49:510][281]LogModuleManager: Shutting down and abandoning module ProxyLODMeshReduction (177)
[2019.06.11-23.12.49:511][281]LogModuleManager: Shutting down and abandoning module SimplygonMeshReduction (175)
[2019.06.11-23.12.49:511][281]LogModuleManager: Shutting down and abandoning module QuadricMeshReduction (173)
[2019.06.11-23.12.49:512][281]LogModuleManager: Shutting down and abandoning module MaterialBaking (169)
[2019.06.11-23.12.49:513][281]LogModuleManager: Shutting down and abandoning module DirectoryWatcher (165)
[2019.06.11-23.12.49:513][281]LogModuleManager: Shutting down and abandoning module DerivedDataCache (162)
[2019.06.11-23.12.49:551][281]LogDerivedDataCache: Shutdown
[2019.06.11-23.12.49:551][281]LogModuleManager: Shutting down and abandoning module XGEController (160)
[2019.06.11-23.12.49:551][281]LogXGEController: Cleaning working directory: C:/Users/aluno/AppData/Local/Temp/UnrealXGEWorkingDir/
[2019.06.11-23.12.49:553][281]LogModuleManager: Shutting down and abandoning module TargetPlatform (158)
[2019.06.11-23.12.49:553][281]LogModuleManager: Shutting down and abandoning module VulkanShaderFormat (157)
[2019.06.11-23.12.49:553][281]LogModuleManager: Shutting down and abandoning module ShaderFormatVectorVM (155)
[2019.06.11-23.12.49:553][281]LogModuleManager: Shutting down and abandoning module ShaderFormatOpenGL (153)
[2019.06.11-23.12.49:555][281]LogModuleManager: Shutting down and abandoning module ShaderFormatD3D (151)
[2019.06.11-23.12.49:555][281]LogModuleManager: Shutting down and abandoning module MetalShaderFormat (149)
[2019.06.11-23.12.49:555][281]LogModuleManager: Shutting down and abandoning module TextureFormatUncompressed (147)
[2019.06.11-23.12.49:555][281]LogModuleManager: Shutting down and abandoning module TextureFormatPVR (145)
[2019.06.11-23.12.49:555][281]LogModuleManager: Shutting down and abandoning module TextureFormatDXT (143)
[2019.06.11-23.12.49:556][281]LogModuleManager: Shutting down and abandoning module TextureFormatIntelISPCTexComp (141)
[2019.06.11-23.12.49:556][281]LogModuleManager: Shutting down and abandoning module TextureFormatASTC (139)
[2019.06.11-23.12.49:556][281]LogModuleManager: Shutting down and abandoning module ImageWrapper (138)
[2019.06.11-23.12.49:556][281]LogModuleManager: Shutting down and abandoning module TextureFormatAndroid (135)
[2019.06.11-23.12.49:556][281]LogModuleManager: Shutting down and abandoning module AudioFormatOpus (133)
[2019.06.11-23.12.49:556][281]LogModuleManager: Shutting down and abandoning module AudioFormatOgg (131)
[2019.06.11-23.12.49:556][281]LogModuleManager: Shutting down and abandoning module AudioFormatADPCM (129)
[2019.06.11-23.12.49:556][281]LogModuleManager: Shutting down and abandoning module LuminTargetPlatform (127)
[2019.06.11-23.12.49:556][281]LogModuleManager: Shutting down and abandoning module LinuxTargetPlatform (125)
[2019.06.11-23.12.49:556][281]LogModuleManager: Shutting down and abandoning module LinuxServerTargetPlatform (123)
[2019.06.11-23.12.49:556][281]LogModuleManager: Shutting down and abandoning module LinuxNoEditorTargetPlatform (121)
[2019.06.11-23.12.49:557][281]LogModuleManager: Shutting down and abandoning module LinuxClientTargetPlatform (119)
[2019.06.11-23.12.49:557][281]LogModuleManager: Shutting down and abandoning module TVOSTargetPlatform (117)
[2019.06.11-23.12.49:563][281]LogModuleManager: Shutting down and abandoning module Messaging (115)
[2019.06.11-23.12.49:563][281]LogModuleManager: Shutting down and abandoning module IOSTargetPlatform (113)
[2019.06.11-23.12.49:567][281]LogModuleManager: Shutting down and abandoning module HTML5TargetPlatform (111)
[2019.06.11-23.12.49:568][281]LogModuleManager: Shutting down and abandoning module AndroidTargetPlatform (109)
[2019.06.11-23.12.49:595][281]LogModuleManager: Shutting down and abandoning module WindowsTargetPlatform (107)
[2019.06.11-23.12.49:595][281]LogModuleManager: Shutting down and abandoning module WindowsServerTargetPlatform (105)
[2019.06.11-23.12.49:595][281]LogModuleManager: Shutting down and abandoning module WindowsNoEditorTargetPlatform (103)
[2019.06.11-23.12.49:595][281]LogModuleManager: Shutting down and abandoning module WindowsClientTargetPlatform (101)
[2019.06.11-23.12.49:595][281]LogModuleManager: Shutting down and abandoning module MacTargetPlatform (99)
[2019.06.11-23.12.49:596][281]LogModuleManager: Shutting down and abandoning module MacServerTargetPlatform (97)
[2019.06.11-23.12.49:596][281]LogModuleManager: Shutting down and abandoning module MacNoEditorTargetPlatform (95)
[2019.06.11-23.12.49:596][281]LogModuleManager: Shutting down and abandoning module MacClientTargetPlatform (93)
[2019.06.11-23.12.49:596][281]LogModuleManager: Shutting down and abandoning module AllDesktopTargetPlatform (91)
[2019.06.11-23.12.49:596][281]LogModuleManager: Shutting down and abandoning module InputCore (88)
[2019.06.11-23.12.49:596][281]LogModuleManager: Shutting down and abandoning module Settings (86)
[2019.06.11-23.12.49:596][281]LogModuleManager: Shutting down and abandoning module PhysXCooking (84)
[2019.06.11-23.12.49:596][281]LogModuleManager: Shutting down and abandoning module SteamVR (82)
[2019.06.11-23.12.49:596][281]LogModuleManager: Shutting down and abandoning module OculusHMD (80)
[2019.06.11-23.12.49:597][281]LogModuleManager: Shutting down and abandoning module ExampleDeviceProfileSelector (78)
[2019.06.11-23.12.49:597][281]LogModuleManager: Shutting down and abandoning module LauncherChunkInstaller (76)
[2019.06.11-23.12.49:597][281]LogModuleManager: Shutting down and abandoning module OnlineBlueprintSupport (74)
[2019.06.11-23.12.49:597][281]LogModuleManager: Shutting down and abandoning module OnlineSubsystem (70)
[2019.06.11-23.12.49:599][281]LogModuleManager: Shutting down and abandoning module XMPP (65)
[2019.06.11-23.12.49:601][281]LogModuleManager: Shutting down and abandoning module WebSockets (64)
[2019.06.11-23.12.49:611][281]LogModuleManager: Shutting down and abandoning module HTTP (61)
[2019.06.11-23.12.49:611][281]LogHttp: Display: Http module shutting down, but needs to wait on 1 outstanding Http requests:
[2019.06.11-23.12.49:612][281]LogHttp: Display: 	verb=[POST] url=[https://datarouter.ol.epicgames.com/datarouter/api/v1/public/data?SessionID=%7B7DD7ACD3-42F6-E912-B409-89951A5A2AD2%7D&AppID=UEEditor.Rocket.Release&AppVersion=4.20.3-4369336%2B%2B%2BUE4%2BRelease-4.20&UserID=6f9dab6a4e64e360bab76dacf478323f%7Cf434948247df46518ff7b99d0215074b%7Cb2802b11-6531-4fb8-a7bb-0b6c8add3e4c&AppEnvironment=datacollector-binary&UploadType=eteventstream] status=Processing
[2019.06.11-23.12.49:625][281]LogModuleManager: Shutting down and abandoning module SSL (60)
[2019.06.11-23.12.49:628][281]LogModuleManager: Shutting down and abandoning module MagicLeapEmulator (56)
[2019.06.11-23.12.49:628][281]LogModuleManager: Shutting down and abandoning module MagicLeapPrivileges (54)
[2019.06.11-23.12.49:628][281]LogModuleManager: Shutting down and abandoning module MagicLeapIdentity (52)
[2019.06.11-23.12.49:628][281]LogModuleManager: Shutting down and abandoning module MagicLeapHelperVulkan (50)
[2019.06.11-23.12.49:628][281]LogModuleManager: Shutting down and abandoning module MagicLeapHelperOpenGL (48)
[2019.06.11-23.12.49:628][281]LogModuleManager: Shutting down and abandoning module MagicLeapSecureStorage (46)
[2019.06.11-23.12.49:628][281]LogModuleManager: Shutting down and abandoning module MagicLeapGestures (44)
[2019.06.11-23.12.49:628][281]LogModuleManager: Shutting down and abandoning module MagicLeapEyeTracker (42)
[2019.06.11-23.12.49:628][281]LogModuleManager: Shutting down and abandoning module MagicLeapController (40)
[2019.06.11-23.12.49:628][281]LogSlate: Slate User Destroyed.  User Index 0, Is Virtual User: 0
[2019.06.11-23.12.49:629][281]LogModuleManager: Shutting down and abandoning module MagicLeap (38)
[2019.06.11-23.12.49:629][281]LogModuleManager: Shutting down and abandoning module AnimationModifiers (36)
[2019.06.11-23.12.49:630][281]LogModuleManager: Shutting down and abandoning module PropertyEditor (35)
[2019.06.11-23.12.49:630][281]LogModuleManager: Shutting down and abandoning module AudioEditor (32)
[2019.06.11-23.12.49:632][281]LogModuleManager: Shutting down and abandoning module TextureCompressor (30)
[2019.06.11-23.12.49:635][281]LogModuleManager: Shutting down and abandoning module ShaderCore (28)
[2019.06.11-23.12.49:635][281]LogModuleManager: Shutting down and abandoning module Landscape (26)
[2019.06.11-23.12.49:635][281]LogModuleManager: Shutting down and abandoning module SlateRHIRenderer (24)
[2019.06.11-23.12.49:637][281]LogModuleManager: Shutting down and abandoning module OpenGLDrv (22)
[2019.06.11-23.12.49:638][281]LogModuleManager: Shutting down and abandoning module D3D11RHI (20)
[2019.06.11-23.12.49:638][281]LogModuleManager: Shutting down and abandoning module AnimGraphRuntime (18)
[2019.06.11-23.12.49:638][281]LogModuleManager: Shutting down and abandoning module Renderer (16)
[2019.06.11-23.12.49:638][281]LogModuleManager: Shutting down and abandoning module Engine (14)
[2019.06.11-23.12.49:638][281]LogModuleManager: Shutting down and abandoning module CoreUObject (12)
[2019.06.11-23.12.49:638][281]LogModuleManager: Shutting down and abandoning module NetworkFile (10)
[2019.06.11-23.12.49:639][281]LogModuleManager: Shutting down and abandoning module CookedIterativeFile (8)
[2019.06.11-23.12.49:639][281]LogModuleManager: Shutting down and abandoning module StreamingFile (6)
[2019.06.11-23.12.49:639][281]LogModuleManager: Shutting down and abandoning module SandboxFile (4)
[2019.06.11-23.12.49:639][281]LogModuleManager: Shutting down and abandoning module PakFile (2)
[2019.06.11-23.12.49:643][281]LogExit: Exiting.
[2019.06.11-23.12.49:657][281]Log file closed, 06/11/19 20:12:49
